<?xml version="1.0" encoding="UTF-8"?>
<testsuite name="runners.GeneralRunner" tests="0" skipped="0" failures="0" errors="0" timestamp="1970-01-01T00:00:00" hostname="AU3PH5CG141BG50" time="0.0">
  <properties/>
  <system-out><![CDATA[2026-02-10 14:53:00 [Test worker] DEBUG:: LOADING LOCAL PROPERTIES FROM D:\Auto\Cmax_CompraPaquetes\serenity.properties 
2026-02-10 14:53:00 [Test worker] DEBUG:: LOADING LOCAL PROPERTIES FROM D:\Auto\Cmax_CompraPaquetes\serenity.properties 
2026-02-10 14:53:00 [Test worker] DEBUG:: LOADING LOCAL PROPERTIES FROM D:\Auto\Cmax_CompraPaquetes\serenity.properties 
2026-02-10 14:53:00 [Test worker] DEBUG:: appium.platformName=Android
2026-02-10 14:53:00 [Test worker] DEBUG:: serenity.resized.image.width=600
2026-02-10 14:53:00 [Test worker] DEBUG:: appium.automationName=UiAutomator2
2026-02-10 14:53:00 [Test worker] DEBUG:: appium.hub=http://127.0.0.1:4723/wd/hub
2026-02-10 14:53:00 [Test worker] DEBUG:: appium.resetKeyboard=true
2026-02-10 14:53:00 [Test worker] DEBUG:: serenity.browser.maximized=true
2026-02-10 14:53:00 [Test worker] DEBUG:: webdriver.wait.for.timeout=5000
2026-02-10 14:53:00 [Test worker] DEBUG:: appium.reset=false
2026-02-10 14:53:00 [Test worker] DEBUG:: serenity.project.name=Cmax_CompraPaquetes
2026-02-10 14:53:00 [Test worker] DEBUG:: serenity.reports.show.step.details=false
2026-02-10 14:53:00 [Test worker] DEBUG:: webdriver.driver=chrome
2026-02-10 14:53:00 [Test worker] DEBUG:: serenity.report.encoding=utf8
2026-02-10 14:53:00 [Test worker] DEBUG:: appium.captureScreenshots=true
2026-02-10 14:53:00 [Test worker] DEBUG:: serenity.store.html.source=false
2026-02-10 14:53:00 [Test worker] DEBUG:: appium.unicodeKeyboard=true
2026-02-10 14:53:00 [Test worker] DEBUG:: appium.deviceOrientation=portrait
2026-02-10 14:53:00 [Test worker] DEBUG:: appium.fullReset=false
2026-02-10 14:53:00 [Test worker] DEBUG:: serenity.compress.screenshots=true
2026-02-10 14:53:00 [Test worker] DEBUG:: appium.autoGrantPermissions=true
2026-02-10 14:53:00 [Test worker] DEBUG:: webdriver.base.url=http://172.24.4.168/custcare_cmax/login.au
2026-02-10 14:53:00 [Test worker] DEBUG:: feature.file.encoding=utf8
2026-02-10 14:53:00 [Test worker] DEBUG:: appium.appWaitDuration=15000
2026-02-10 14:53:00 [Test worker] DEBUG:: serenity.timeout=8000
2026-02-10 14:53:00 [Test worker] DEBUG:: serenity.take.screenshots=FOR_EACH_ACTION
2026-02-10 14:53:00 [Test worker] DEBUG:: chrome.switches=--start-maximized, --disable-popup-blocking, --disk-cache-dir=null, --ignore-certificate-errors, --disable-download-notification
2026-02-10 14:53:00 [Test worker] DEBUG:: appium.autoDismissAlerts=true
2026-02-10 14:53:00 [Test worker] DEBUG:: url_prueba=http://172.24.4.168/custcare_cmax/login.au
2026-02-10 14:53:00 [Test worker] DEBUG:: appium.newCommandTimeout=8000
2026-02-10 14:53:00 [Test worker] DEBUG:: appium.appiumVersion=1.22.3
2026-02-10 14:53:00 [Test worker] DEBUG:: appium.chromedriverExecutable=src/test/resources/webdriver/windows/chromedriver.exe
2026-02-10 14:53:00 [Test worker] DEBUG:: appium.nativeWebScreenshot=true
2026-02-10 14:53:00 [Test worker] DEBUG:: appium.orientation=PORTRAIT
2026-02-10 14:53:00 [Test worker] DEBUG:: serenity.console.colors=true
2026-02-10 14:53:00 [Test worker] DEBUG:: webdriver.appium.driver=src/test/resources/webdriver/windows/chromedriver.exe
2026-02-10 14:53:00 [Test worker] DEBUG:: webdriver.timeouts.implicitlywait=3000
2026-02-10 14:53:00 [Test worker] DEBUG:: webdriver.provided.mydriver=utils.MyDriver
2026-02-10 14:53:00 [Test worker] DEBUG:: webdriver.chrome.driver=src/test/resources/WebDriver/chromedriver.exe
2026-02-10 14:53:00 [Test worker] DEBUG:: appium.noReset=true
2026-02-10 14:53:00 [Test worker] DEBUG:: appium.sessionName=Cmax_CompraPaquetes
2026-02-10 14:53:00 [Test worker] DEBUG:: feature.file.language=es
2026-02-10 14:53:00 [Test worker] DEBUG:: drivers.windows.webdriver.chrome.driver=src/test/resources/webdriver/windows/chromedriver.exe
2026-02-10 14:53:00 [Test worker] DEBUG:: appium.appPackage=com.clarocolombia.miclaro 
2026-02-10 14:53:00 [Test worker] DEBUG:: appium.app=D:\Auto\Cmax_CompraPaquetes/src/test/resources/app/mi-claro.apk 
2026-02-10 14:53:00 [Test worker] DEBUG:: appium.appActivity=com.claro.superapp.SplashActivity 
2026-02-10 14:53:01 [Test worker] DEBUG:: LOADING LOCAL PROPERTIES FROM D:\Auto\Cmax_CompraPaquetes\serenity.properties 
2026-02-10 14:53:01 [Test worker] DEBUG:: LOADING LOCAL PROPERTIES FROM D:\Auto\Cmax_CompraPaquetes\serenity.properties 
2026-02-10 14:53:01 [Test worker] DEBUG:: LOADING LOCAL PROPERTIES FROM D:\Auto\Cmax_CompraPaquetes\serenity.properties 
2026-02-10 14:53:01 [Test worker] DEBUG:: appium.platformName=Android
2026-02-10 14:53:01 [Test worker] DEBUG:: serenity.resized.image.width=600
2026-02-10 14:53:01 [Test worker] DEBUG:: appium.automationName=UiAutomator2
2026-02-10 14:53:01 [Test worker] DEBUG:: appium.hub=http://127.0.0.1:4723/wd/hub
2026-02-10 14:53:01 [Test worker] DEBUG:: appium.resetKeyboard=true
2026-02-10 14:53:01 [Test worker] DEBUG:: serenity.browser.maximized=true
2026-02-10 14:53:01 [Test worker] DEBUG:: webdriver.wait.for.timeout=5000
2026-02-10 14:53:01 [Test worker] DEBUG:: appium.reset=false
2026-02-10 14:53:01 [Test worker] DEBUG:: serenity.project.name=Cmax_CompraPaquetes
2026-02-10 14:53:01 [Test worker] DEBUG:: serenity.reports.show.step.details=false
2026-02-10 14:53:01 [Test worker] DEBUG:: webdriver.driver=chrome
2026-02-10 14:53:01 [Test worker] DEBUG:: serenity.report.encoding=utf8
2026-02-10 14:53:01 [Test worker] DEBUG:: appium.captureScreenshots=true
2026-02-10 14:53:01 [Test worker] DEBUG:: serenity.store.html.source=false
2026-02-10 14:53:01 [Test worker] DEBUG:: appium.unicodeKeyboard=true
2026-02-10 14:53:01 [Test worker] DEBUG:: appium.deviceOrientation=portrait
2026-02-10 14:53:01 [Test worker] DEBUG:: appium.fullReset=false
2026-02-10 14:53:01 [Test worker] DEBUG:: serenity.compress.screenshots=true
2026-02-10 14:53:01 [Test worker] DEBUG:: appium.autoGrantPermissions=true
2026-02-10 14:53:01 [Test worker] DEBUG:: webdriver.base.url=http://172.24.4.168/custcare_cmax/login.au
2026-02-10 14:53:01 [Test worker] DEBUG:: feature.file.encoding=utf8
2026-02-10 14:53:01 [Test worker] DEBUG:: appium.appWaitDuration=15000
2026-02-10 14:53:01 [Test worker] DEBUG:: serenity.timeout=8000
2026-02-10 14:53:01 [Test worker] DEBUG:: serenity.take.screenshots=FOR_EACH_ACTION
2026-02-10 14:53:01 [Test worker] DEBUG:: chrome.switches=--start-maximized, --disable-popup-blocking, --disk-cache-dir=null, --ignore-certificate-errors, --disable-download-notification
2026-02-10 14:53:01 [Test worker] DEBUG:: appium.autoDismissAlerts=true
2026-02-10 14:53:01 [Test worker] DEBUG:: url_prueba=http://172.24.4.168/custcare_cmax/login.au
2026-02-10 14:53:01 [Test worker] DEBUG:: appium.newCommandTimeout=8000
2026-02-10 14:53:01 [Test worker] DEBUG:: appium.appiumVersion=1.22.3
2026-02-10 14:53:01 [Test worker] DEBUG:: appium.chromedriverExecutable=src/test/resources/webdriver/windows/chromedriver.exe
2026-02-10 14:53:01 [Test worker] DEBUG:: appium.nativeWebScreenshot=true
2026-02-10 14:53:01 [Test worker] DEBUG:: appium.orientation=PORTRAIT
2026-02-10 14:53:01 [Test worker] DEBUG:: serenity.console.colors=true
2026-02-10 14:53:01 [Test worker] DEBUG:: webdriver.appium.driver=src/test/resources/webdriver/windows/chromedriver.exe
2026-02-10 14:53:01 [Test worker] DEBUG:: webdriver.timeouts.implicitlywait=3000
2026-02-10 14:53:01 [Test worker] DEBUG:: webdriver.provided.mydriver=utils.MyDriver
2026-02-10 14:53:01 [Test worker] DEBUG:: webdriver.chrome.driver=src/test/resources/WebDriver/chromedriver.exe
2026-02-10 14:53:01 [Test worker] DEBUG:: appium.noReset=true
2026-02-10 14:53:01 [Test worker] DEBUG:: appium.sessionName=Cmax_CompraPaquetes
2026-02-10 14:53:01 [Test worker] DEBUG:: feature.file.language=es
2026-02-10 14:53:01 [Test worker] DEBUG:: drivers.windows.webdriver.chrome.driver=src/test/resources/webdriver/windows/chromedriver.exe
2026-02-10 14:53:01 [Test worker] DEBUG:: appium.appPackage=com.clarocolombia.miclaro 
2026-02-10 14:53:01 [Test worker] DEBUG:: appium.app=D:\Auto\Cmax_CompraPaquetes/src/test/resources/app/mi-claro.apk 
2026-02-10 14:53:01 [Test worker] DEBUG:: appium.appActivity=com.claro.superapp.SplashActivity 
2026-02-10 14:53:01 [Test worker] INFO :: ?[96m

-------------------------------------------------------------------------------------
     _______. _______ .______       _______ .__   __.  __  .___________.____    ____ 
    /       ||   ____||   _  \     |   ____||  \ |  | |  | |           |\   \  /   / 
   |   (----`|  |__   |  |_)  |    |  |__   |   \|  | |  | `---|  |----` \   \/   /  
    \   \    |   __|  |      /     |   __|  |  . `  | |  |     |  |       \_    _/   
.----)   |   |  |____ |  |\  \----.|  |____ |  |\   | |  |     |  |         |  |     
|_______/    |_______|| _| `._____||_______||__| \__| |__|     |__|         |__|    
                                                                                     
 News and tutorials at http://www.serenity-bdd.info                                  
 Documentation at https://wakaleo.gitbooks.io/the-serenity-book/content/             
 Join the Serenity Community on Rocket Chat at https://serenity-bdd.rocket.chat      
 Serenity BDD Support and Training at http://serenity-bdd.info/#/trainingandsupport  
 Learn Serenity BDD online at http://serenity-dojo.com                               
-------------------------------------------------------------------------------------
?[0m
2026-02-10 14:53:01 [Test worker] DEBUG:: Test suite started for story net.thucydides.core.model.Story@23ca71ee
2026-02-10 14:53:01 [Test worker] INFO :: Test Suite Started: El usuario realiza compra de paquetes por la super APP
2026-02-10 14:53:01 [Test worker] DEBUG:: Test suite started for story net.thucydides.core.model.Story@86a13a83
2026-02-10 14:53:01 [Test worker] INFO :: Test Suite Started: Realizar compra de paquetes por Portal Cautivo
2026-02-10 14:53:01 [Test worker] DEBUG:: Test suite started for story net.thucydides.core.model.Story@bbea53b5
2026-02-10 14:53:01 [Test worker] INFO :: Test Suite Started: El usuario realiza compra de paquetes por el canal USSD
2026-02-10 14:53:01 [Test worker] DEBUG:: Test suite started for story net.thucydides.core.model.Story@bd26a69d
2026-02-10 14:53:01 [Test worker] INFO :: Test Suite Started: El usuario realiza compra de paquetes por WhatsApp
2026-02-10 14:53:01 [Test worker] DEBUG:: Test suite started for story net.thucydides.core.model.Story@27fd9bdf
2026-02-10 14:53:01 [Test worker] INFO :: Test Suite Started: Compras Mi Claro App
2026-02-10 14:53:01 [Test worker] DEBUG:: Test suite started for story net.thucydides.core.model.Story@a4aa709a
2026-02-10 14:53:01 [Test worker] INFO :: Test Suite Started: Se requiere tomar evidencias de las consultas realizadas en CMAX
2026-02-10 14:53:01 [Test worker] DEBUG:: Test suite started for story net.thucydides.core.model.Story@6df4b63d
2026-02-10 14:53:01 [Test worker] INFO :: Test Suite Started: Se requiere tomar evidencias de las consultas realizadas en CMAX
2026-02-10 14:53:01 [Test worker] DEBUG:: Test suite started for story net.thucydides.core.model.Story@f540101b
2026-02-10 14:53:01 [Test worker] INFO :: Test Suite Started: Se requiere tomar evidencias de las consultas realizadas en CMAX
2026-02-10 14:53:11 [Test worker] DEBUG:: Test suite started for story net.thucydides.core.model.Story@23ca71ee
2026-02-10 14:53:11 [Test worker] INFO :: Test Suite Started: El usuario realiza compra de paquetes por la super APP
2026-02-10 14:53:11 [Test worker] DEBUG:: Test suite started for story net.thucydides.core.model.Story@86a13a83
2026-02-10 14:53:11 [Test worker] INFO :: Test Suite Started: Realizar compra de paquetes por Portal Cautivo
2026-02-10 14:53:11 [Test worker] DEBUG:: Test suite started for story net.thucydides.core.model.Story@bbea53b5
2026-02-10 14:53:11 [Test worker] INFO :: Test Suite Started: El usuario realiza compra de paquetes por el canal USSD
2026-02-10 14:53:11 [Test worker] DEBUG:: Test suite started for story net.thucydides.core.model.Story@bd26a69d
2026-02-10 14:53:11 [Test worker] INFO :: Test Suite Started: El usuario realiza compra de paquetes por WhatsApp
2026-02-10 14:53:11 [Test worker] DEBUG:: Test suite started for story net.thucydides.core.model.Story@27fd9bdf
2026-02-10 14:53:11 [Test worker] INFO :: Test Suite Started: Compras Mi Claro App
2026-02-10 14:53:11 [Test worker] DEBUG:: Test suite started for story net.thucydides.core.model.Story@a4aa709a
2026-02-10 14:53:11 [Test worker] INFO :: Test Suite Started: Se requiere tomar evidencias de las consultas realizadas en CMAX
2026-02-10 14:53:11 [Test worker] DEBUG:: Test suite started for story net.thucydides.core.model.Story@6df4b63d
2026-02-10 14:53:11 [Test worker] INFO :: Test Suite Started: Se requiere tomar evidencias de las consultas realizadas en CMAX
2026-02-10 14:53:11 [Test worker] DEBUG:: Test suite started for story net.thucydides.core.model.Story@f540101b
2026-02-10 14:53:11 [Test worker] INFO :: Test Suite Started: Se requiere tomar evidencias de las consultas realizadas en CMAX
2026-02-10 14:53:11 [Test worker] INFO :: 
 _____ _____ ____ _____   ____ _____  _    ____ _____ _____ ____  
|_   _| ____/ ___|_   _| / ___|_   _|/ \  |  _ \_   _| ____|  _ \ 
  | | |  _| \___ \ | |   \___ \ | | / _ \ | |_) || | |  _| | | | |
  | | | |___ ___) || |    ___) || |/ ___ \|  _ < | | | |___| |_| |
  |_| |_____|____/ |_|   |____/ |_/_/   \_\_| \_\|_| |_____|____/ 
                                                                  

TEST STARTED: Realizar la compra del paquete Navegacion Ilimitada 2 horas
-------------------------------------------------------------------(compras-mi-claro-app;realizar-la-compra-del-paquete-navegacion-ilimitada-2-horas)
2026-02-10 14:53:11 [Test worker] DEBUG:: Resource directories found in  in 28 ms: [src\test\resources]
2026-02-10 14:53:11 [Test worker] DEBUG:: Resource directories found in D:\Auto\Cmax_CompraPaquetes in 21 ms: [D:\Auto\Cmax_CompraPaquetes\src\test\resources]
2026-02-10 14:53:11 [Test worker] DEBUG:: Found no Cucumber 4.x.x class cucumber.runtime.model.FeatureLoader try Cucumber 2.x.x 
2026-02-10 14:53:11 [Test worker] DEBUG:: Found no Cucumber 4.x.x class cucumber.runtime.model.FeatureLoader try Cucumber 2.x.x 
2026-02-10 14:53:11 [Test worker] DEBUG:: Found no Cucumber 4.x.x class cucumber.runtime.model.FeatureLoader try Cucumber 2.x.x 
2026-02-10 14:53:11 [Test worker] DEBUG:: Found no Cucumber 4.x.x class cucumber.runtime.model.FeatureLoader try Cucumber 2.x.x 
2026-02-10 14:53:11 [Test worker] DEBUG:: Found no Cucumber 4.x.x class cucumber.runtime.model.FeatureLoader try Cucumber 2.x.x 
2026-02-10 14:53:11 [Test worker] DEBUG:: Found no Cucumber 4.x.x class cucumber.runtime.model.FeatureLoader try Cucumber 2.x.x 
2026-02-10 14:53:11 [Test worker] DEBUG:: Found no Cucumber 4.x.x class cucumber.runtime.model.FeatureLoader try Cucumber 2.x.x 
2026-02-10 14:53:11 [Test worker] DEBUG:: Found no Cucumber 4.x.x class cucumber.runtime.model.FeatureLoader try Cucumber 2.x.x 
2026-02-10 14:55:56 [Test worker] DEBUG:: Reporting formats: [JSON, HTML]
2026-02-10 14:55:56 [Test worker] DEBUG:: Reporting formats: [JSON, HTML]
2026-02-10 14:55:56 [Test worker] DEBUG:: Generating reports for 1 test outcomes using: net.thucydides.core.reports.json.JSONTestOutcomeReporter@352d3749
2026-02-10 14:55:56 [pool-1-thread-1] DEBUG:: Processing test outcome Compras Mi Claro App:Realizar la compra del paquete Navegacion Ilimitada 2 horas
2026-02-10 14:55:56 [pool-1-thread-1] DEBUG:: net.thucydides.core.reports.json.JSONTestOutcomeReporter@352d3749: Generating report for test outcome: Compras Mi Claro App:Realizar la compra del paquete Navegacion Ilimitada 2 horas
2026-02-10 14:55:56 [pool-1-thread-1] DEBUG:: Generating JSON report for Realizar la compra del paquete Navegacion Ilimitada 2 horas to file D:\Auto\Cmax_CompraPaquetes\target\site\serenity\3024cca0956d533ffa37e472f7255364248fc6bad47a8d0df78b303582468974.json (using temp file D:\Auto\Cmax_CompraPaquetes\target\site\serenity\3024cca0956d533ffa37e472f7255364248fc6bad47a8d0df78b303582468974.json29786258-3a59-4b2b-b104-90f84bae41d0)
2026-02-10 14:55:56 [pool-1-thread-1] DEBUG:: Processing test outcome Compras Mi Claro App:Realizar la compra del paquete Navegacion Ilimitada 2 horas done
2026-02-10 14:55:56 [Test worker] DEBUG:: Shutting down executor service
2026-02-10 14:55:56 [Test worker] DEBUG:: Reports generated in: 41 ms
2026-02-10 14:55:56 [Test worker] DEBUG:: Generating reports for 1 test outcomes using: net.thucydides.core.reports.html.HtmlAcceptanceTestReporter@45f4c27c
2026-02-10 14:55:56 [pool-2-thread-1] DEBUG:: Processing test outcome Compras Mi Claro App:Realizar la compra del paquete Navegacion Ilimitada 2 horas
2026-02-10 14:55:56 [pool-2-thread-1] DEBUG:: net.thucydides.core.reports.html.HtmlAcceptanceTestReporter@45f4c27c: Generating report for test outcome: Compras Mi Claro App:Realizar la compra del paquete Navegacion Ilimitada 2 horas
2026-02-10 14:55:56 [pool-2-thread-1] DEBUG:: GENERATE TEST OUTCOME REPORT FOR Realizar la compra del paquete Navegacion Ilimitada 2 horas in 3024cca0956d533ffa37e472f7255364248fc6bad47a8d0df78b303582468974
2026-02-10 14:55:56 [pool-2-thread-1] DEBUG:: Found no Cucumber 4.x.x class cucumber.runtime.model.FeatureLoader try Cucumber 2.x.x 
2026-02-10 14:55:56 [pool-2-thread-1] DEBUG:: Found no Cucumber 4.x.x class cucumber.runtime.model.FeatureLoader try Cucumber 2.x.x 
2026-02-10 14:55:56 [pool-2-thread-1] DEBUG:: Found no Cucumber 4.x.x class cucumber.runtime.model.FeatureLoader try Cucumber 2.x.x 
2026-02-10 14:55:56 [pool-2-thread-1] DEBUG:: Found no Cucumber 4.x.x class cucumber.runtime.model.FeatureLoader try Cucumber 2.x.x 
2026-02-10 14:55:56 [pool-2-thread-1] DEBUG:: Found no Cucumber 4.x.x class cucumber.runtime.model.FeatureLoader try Cucumber 2.x.x 
2026-02-10 14:55:56 [pool-2-thread-1] DEBUG:: Found no Cucumber 4.x.x class cucumber.runtime.model.FeatureLoader try Cucumber 2.x.x 
2026-02-10 14:55:56 [pool-2-thread-1] DEBUG:: Found no Cucumber 4.x.x class cucumber.runtime.model.FeatureLoader try Cucumber 2.x.x 
2026-02-10 14:55:56 [pool-2-thread-1] DEBUG:: Found no Cucumber 4.x.x class cucumber.runtime.model.FeatureLoader try Cucumber 2.x.x 
2026-02-10 14:55:56 [pool-2-thread-1] DEBUG::  found:[Requirement{name='El usuario realiza compra de paquetes por la super APP', type='feature' parent = 'null', cardNumber='null'}, Requirement{name='Realizar compra de paquetes por Portal Cautivo', type='feature' parent = 'null', cardNumber='null'}, Requirement{name='El usuario realiza compra de paquetes por el canal USSD', type='feature' parent = 'null', cardNumber='null'}, Requirement{name='El usuario realiza compra de paquetes por WhatsApp', type='feature' parent = 'null', cardNumber='null'}, Requirement{name='Compras Mi Claro App', type='feature' parent = 'null', cardNumber='null'}, Requirement{name='Se requiere tomar evidencias de las consultas realizadas en CMAX', type='feature' parent = 'null', cardNumber='null'}]
2026-02-10 14:55:56 [pool-2-thread-1] DEBUG:: Requirement found for test outcome Realizar la compra del paquete Navegacion Ilimitada 2 horas-[]: Optional[Requirement{name='Compras Mi Claro App', type='feature' parent = 'null', cardNumber='null'}]
2026-02-10 14:55:56 [pool-2-thread-1] DEBUG:: Requirement found for test outcome Realizar la compra del paquete Navegacion Ilimitada 2 horas-[]: Optional[Requirement{name='Compras Mi Claro App', type='feature' parent = 'null', cardNumber='null'}]
2026-02-10 14:55:56 [pool-2-thread-1] DEBUG:: Requirement found for test outcome Realizar la compra del paquete Navegacion Ilimitada 2 horas-[]: Optional[Requirement{name='Compras Mi Claro App', type='feature' parent = 'null', cardNumber='null'}]
2026-02-10 14:55:56 [pool-2-thread-1] DEBUG:: Requirement found for test outcome Realizar la compra del paquete Navegacion Ilimitada 2 horas-[]: Optional[Requirement{name='Compras Mi Claro App', type='feature' parent = 'null', cardNumber='null'}]
2026-02-10 14:55:56 [pool-2-thread-1] DEBUG:: Generating report in 3024cca0956d533ffa37e472f7255364248fc6bad47a8d0df78b303582468974_screenshots.html
2026-02-10 14:55:56 [pool-2-thread-1] DEBUG:: Couldn't find template in cache for "freemarker/screenshots.ftl"("en_GB", Cp1252, parsed); will try to load it.
2026-02-10 14:55:56 [pool-2-thread-1] DEBUG:: TemplateLoader.findTemplateSource("freemarker/screenshots_en_GB.ftl"): Not found
2026-02-10 14:55:56 [pool-2-thread-1] DEBUG:: TemplateLoader.findTemplateSource("freemarker/screenshots_en.ftl"): Not found
2026-02-10 14:55:56 [pool-2-thread-1] DEBUG:: TemplateLoader.findTemplateSource("freemarker/screenshots.ftl"): Found
2026-02-10 14:55:56 [pool-2-thread-1] DEBUG:: Loading template for "freemarker/screenshots.ftl"("en_GB", Cp1252, parsed) from "jar:file:/C:/Users/EC3151U/.gradle/caches/modules-2/files-2.1/net.serenity-bdd/serenity-report-resources/2.0.71/fccc65639030c5e830b8f6a77254ad70b23b9fbe/serenity-report-resources-2.0.71.jar!/freemarker/screenshots.ftl"
2026-02-10 14:55:57 [pool-2-thread-1] DEBUG:: Couldn't find template in cache for "freemarker/libraries/favicon.ftl"("en_GB", Cp1252, parsed); will try to load it.
2026-02-10 14:55:57 [pool-2-thread-1] DEBUG:: TemplateLoader.findTemplateSource("freemarker/libraries/favicon_en_GB.ftl"): Not found
2026-02-10 14:55:57 [pool-2-thread-1] DEBUG:: TemplateLoader.findTemplateSource("freemarker/libraries/favicon_en.ftl"): Not found
2026-02-10 14:55:57 [pool-2-thread-1] DEBUG:: TemplateLoader.findTemplateSource("freemarker/libraries/favicon.ftl"): Found
2026-02-10 14:55:57 [pool-2-thread-1] DEBUG:: Loading template for "freemarker/libraries/favicon.ftl"("en_GB", Cp1252, parsed) from "jar:file:/C:/Users/EC3151U/.gradle/caches/modules-2/files-2.1/net.serenity-bdd/serenity-report-resources/2.0.71/fccc65639030c5e830b8f6a77254ad70b23b9fbe/serenity-report-resources-2.0.71.jar!/freemarker/libraries/favicon.ftl"
2026-02-10 14:55:57 [pool-2-thread-1] DEBUG:: Couldn't find template in cache for "freemarker/libraries/common.ftl"("en_GB", Cp1252, parsed); will try to load it.
2026-02-10 14:55:57 [pool-2-thread-1] DEBUG:: TemplateLoader.findTemplateSource("freemarker/libraries/common_en_GB.ftl"): Not found
2026-02-10 14:55:57 [pool-2-thread-1] DEBUG:: TemplateLoader.findTemplateSource("freemarker/libraries/common_en.ftl"): Not found
2026-02-10 14:55:57 [pool-2-thread-1] DEBUG:: TemplateLoader.findTemplateSource("freemarker/libraries/common.ftl"): Found
2026-02-10 14:55:57 [pool-2-thread-1] DEBUG:: Loading template for "freemarker/libraries/common.ftl"("en_GB", Cp1252, parsed) from "jar:file:/C:/Users/EC3151U/.gradle/caches/modules-2/files-2.1/net.serenity-bdd/serenity-report-resources/2.0.71/fccc65639030c5e830b8f6a77254ad70b23b9fbe/serenity-report-resources-2.0.71.jar!/freemarker/libraries/common.ftl"
2026-02-10 14:55:57 [pool-2-thread-1] DEBUG:: Couldn't find template in cache for "freemarker/libraries/font-awesome.ftl"("en_GB", Cp1252, parsed); will try to load it.
2026-02-10 14:55:57 [pool-2-thread-1] DEBUG:: TemplateLoader.findTemplateSource("freemarker/libraries/font-awesome_en_GB.ftl"): Not found
2026-02-10 14:55:57 [pool-2-thread-1] DEBUG:: TemplateLoader.findTemplateSource("freemarker/libraries/font-awesome_en.ftl"): Not found
2026-02-10 14:55:57 [pool-2-thread-1] DEBUG:: TemplateLoader.findTemplateSource("freemarker/libraries/font-awesome.ftl"): Found
2026-02-10 14:55:57 [pool-2-thread-1] DEBUG:: Loading template for "freemarker/libraries/font-awesome.ftl"("en_GB", Cp1252, parsed) from "jar:file:/C:/Users/EC3151U/.gradle/caches/modules-2/files-2.1/net.serenity-bdd/serenity-report-resources/2.0.71/fccc65639030c5e830b8f6a77254ad70b23b9fbe/serenity-report-resources-2.0.71.jar!/freemarker/libraries/font-awesome.ftl"
2026-02-10 14:55:57 [pool-2-thread-1] DEBUG:: Couldn't find template in cache for "freemarker/libraries/jquery.ftl"("en_GB", Cp1252, parsed); will try to load it.
2026-02-10 14:55:57 [pool-2-thread-1] DEBUG:: TemplateLoader.findTemplateSource("freemarker/libraries/jquery_en_GB.ftl"): Not found
2026-02-10 14:55:57 [pool-2-thread-1] DEBUG:: TemplateLoader.findTemplateSource("freemarker/libraries/jquery_en.ftl"): Not found
2026-02-10 14:55:57 [pool-2-thread-1] DEBUG:: TemplateLoader.findTemplateSource("freemarker/libraries/jquery.ftl"): Found
2026-02-10 14:55:57 [pool-2-thread-1] DEBUG:: Loading template for "freemarker/libraries/jquery.ftl"("en_GB", Cp1252, parsed) from "jar:file:/C:/Users/EC3151U/.gradle/caches/modules-2/files-2.1/net.serenity-bdd/serenity-report-resources/2.0.71/fccc65639030c5e830b8f6a77254ad70b23b9fbe/serenity-report-resources-2.0.71.jar!/freemarker/libraries/jquery.ftl"
2026-02-10 14:55:57 [pool-2-thread-1] DEBUG:: Couldn't find template in cache for "freemarker/libraries/chartist.ftl"("en_GB", Cp1252, parsed); will try to load it.
2026-02-10 14:55:57 [pool-2-thread-1] DEBUG:: TemplateLoader.findTemplateSource("freemarker/libraries/chartist_en_GB.ftl"): Not found
2026-02-10 14:55:57 [pool-2-thread-1] DEBUG:: TemplateLoader.findTemplateSource("freemarker/libraries/chartist_en.ftl"): Not found
2026-02-10 14:55:57 [pool-2-thread-1] DEBUG:: TemplateLoader.findTemplateSource("freemarker/libraries/chartist.ftl"): Found
2026-02-10 14:55:57 [pool-2-thread-1] DEBUG:: Loading template for "freemarker/libraries/chartist.ftl"("en_GB", Cp1252, parsed) from "jar:file:/C:/Users/EC3151U/.gradle/caches/modules-2/files-2.1/net.serenity-bdd/serenity-report-resources/2.0.71/fccc65639030c5e830b8f6a77254ad70b23b9fbe/serenity-report-resources-2.0.71.jar!/freemarker/libraries/chartist.ftl"
2026-02-10 14:55:57 [pool-2-thread-1] DEBUG:: Couldn't find template in cache for "freemarker/libraries/treeview.ftl"("en_GB", Cp1252, parsed); will try to load it.
2026-02-10 14:55:57 [pool-2-thread-1] DEBUG:: TemplateLoader.findTemplateSource("freemarker/libraries/treeview_en_GB.ftl"): Not found
2026-02-10 14:55:57 [pool-2-thread-1] DEBUG:: TemplateLoader.findTemplateSource("freemarker/libraries/treeview_en.ftl"): Not found
2026-02-10 14:55:57 [pool-2-thread-1] DEBUG:: TemplateLoader.findTemplateSource("freemarker/libraries/treeview.ftl"): Found
2026-02-10 14:55:57 [pool-2-thread-1] DEBUG:: Loading template for "freemarker/libraries/treeview.ftl"("en_GB", Cp1252, parsed) from "jar:file:/C:/Users/EC3151U/.gradle/caches/modules-2/files-2.1/net.serenity-bdd/serenity-report-resources/2.0.71/fccc65639030c5e830b8f6a77254ad70b23b9fbe/serenity-report-resources-2.0.71.jar!/freemarker/libraries/treeview.ftl"
2026-02-10 14:55:57 [pool-2-thread-1] DEBUG:: Couldn't find template in cache for "freemarker/libraries/datatables.ftl"("en_GB", Cp1252, parsed); will try to load it.
2026-02-10 14:55:57 [pool-2-thread-1] DEBUG:: TemplateLoader.findTemplateSource("freemarker/libraries/datatables_en_GB.ftl"): Not found
2026-02-10 14:55:57 [pool-2-thread-1] DEBUG:: TemplateLoader.findTemplateSource("freemarker/libraries/datatables_en.ftl"): Not found
2026-02-10 14:55:57 [pool-2-thread-1] DEBUG:: TemplateLoader.findTemplateSource("freemarker/libraries/datatables.ftl"): Found
2026-02-10 14:55:57 [pool-2-thread-1] DEBUG:: Loading template for "freemarker/libraries/datatables.ftl"("en_GB", Cp1252, parsed) from "jar:file:/C:/Users/EC3151U/.gradle/caches/modules-2/files-2.1/net.serenity-bdd/serenity-report-resources/2.0.71/fccc65639030c5e830b8f6a77254ad70b23b9fbe/serenity-report-resources-2.0.71.jar!/freemarker/libraries/datatables.ftl"
2026-02-10 14:55:57 [pool-2-thread-1] DEBUG:: Couldn't find template in cache for "freemarker/libraries/css.ftl"("en_GB", Cp1252, parsed); will try to load it.
2026-02-10 14:55:57 [pool-2-thread-1] DEBUG:: TemplateLoader.findTemplateSource("freemarker/libraries/css_en_GB.ftl"): Not found
2026-02-10 14:55:57 [pool-2-thread-1] DEBUG:: TemplateLoader.findTemplateSource("freemarker/libraries/css_en.ftl"): Not found
2026-02-10 14:55:57 [pool-2-thread-1] DEBUG:: TemplateLoader.findTemplateSource("freemarker/libraries/css.ftl"): Found
2026-02-10 14:55:57 [pool-2-thread-1] DEBUG:: Loading template for "freemarker/libraries/css.ftl"("en_GB", Cp1252, parsed) from "jar:file:/C:/Users/EC3151U/.gradle/caches/modules-2/files-2.1/net.serenity-bdd/serenity-report-resources/2.0.71/fccc65639030c5e830b8f6a77254ad70b23b9fbe/serenity-report-resources-2.0.71.jar!/freemarker/libraries/css.ftl"
2026-02-10 14:55:57 [pool-2-thread-1] DEBUG:: Couldn't find template in cache for "freemarker/libraries/nivo-slider.ftl"("en_GB", Cp1252, parsed); will try to load it.
2026-02-10 14:55:57 [pool-2-thread-1] DEBUG:: TemplateLoader.findTemplateSource("freemarker/libraries/nivo-slider_en_GB.ftl"): Not found
2026-02-10 14:55:57 [pool-2-thread-1] DEBUG:: TemplateLoader.findTemplateSource("freemarker/libraries/nivo-slider_en.ftl"): Not found
2026-02-10 14:55:57 [pool-2-thread-1] DEBUG:: TemplateLoader.findTemplateSource("freemarker/libraries/nivo-slider.ftl"): Found
2026-02-10 14:55:57 [pool-2-thread-1] DEBUG:: Loading template for "freemarker/libraries/nivo-slider.ftl"("en_GB", Cp1252, parsed) from "jar:file:/C:/Users/EC3151U/.gradle/caches/modules-2/files-2.1/net.serenity-bdd/serenity-report-resources/2.0.71/fccc65639030c5e830b8f6a77254ad70b23b9fbe/serenity-report-resources-2.0.71.jar!/freemarker/libraries/nivo-slider.ftl"
2026-02-10 14:55:57 [pool-2-thread-1] DEBUG:: Couldn't find template in cache for "freemarker/components/stacktrace.ftl"("en_GB", Cp1252, parsed); will try to load it.
2026-02-10 14:55:57 [pool-2-thread-1] DEBUG:: TemplateLoader.findTemplateSource("freemarker/components/stacktrace_en_GB.ftl"): Not found
2026-02-10 14:55:57 [pool-2-thread-1] DEBUG:: TemplateLoader.findTemplateSource("freemarker/components/stacktrace_en.ftl"): Not found
2026-02-10 14:55:57 [pool-2-thread-1] DEBUG:: TemplateLoader.findTemplateSource("freemarker/components/stacktrace.ftl"): Found
2026-02-10 14:55:57 [pool-2-thread-1] DEBUG:: Loading template for "freemarker/components/stacktrace.ftl"("en_GB", Cp1252, parsed) from "jar:file:/C:/Users/EC3151U/.gradle/caches/modules-2/files-2.1/net.serenity-bdd/serenity-report-resources/2.0.71/fccc65639030c5e830b8f6a77254ad70b23b9fbe/serenity-report-resources-2.0.71.jar!/freemarker/components/stacktrace.ftl"
2026-02-10 14:55:57 [pool-2-thread-1] DEBUG:: Couldn't find template in cache for "freemarker/menu.ftl"("en_GB", Cp1252, parsed); will try to load it.
2026-02-10 14:55:57 [pool-2-thread-1] DEBUG:: TemplateLoader.findTemplateSource("freemarker/menu_en_GB.ftl"): Not found
2026-02-10 14:55:57 [pool-2-thread-1] DEBUG:: TemplateLoader.findTemplateSource("freemarker/menu_en.ftl"): Not found
2026-02-10 14:55:57 [pool-2-thread-1] DEBUG:: TemplateLoader.findTemplateSource("freemarker/menu.ftl"): Found
2026-02-10 14:55:57 [pool-2-thread-1] DEBUG:: Loading template for "freemarker/menu.ftl"("en_GB", Cp1252, parsed) from "jar:file:/C:/Users/EC3151U/.gradle/caches/modules-2/files-2.1/net.serenity-bdd/serenity-report-resources/2.0.71/fccc65639030c5e830b8f6a77254ad70b23b9fbe/serenity-report-resources-2.0.71.jar!/freemarker/menu.ftl"
2026-02-10 14:55:57 [pool-2-thread-1] DEBUG:: Key "depthIndicatorForLevel" was not found on instance of net.thucydides.core.reports.html.Formatter. Introspection information for the class is: {resultRank=public net.thucydides.core.reports.html.ResultRankingFormatter net.thucydides.core.reports.html.Formatter.resultRank(), renderMarkdown=public java.lang.String net.thucydides.core.reports.html.Formatter.renderMarkdown(java.lang.String), getClass=public final native java.lang.Class java.lang.Object.getClass(), addMarkdownLineBreaks=public static java.lang.String net.thucydides.core.reports.html.Formatter.addMarkdownLineBreaks(java.lang.String), addLineBreaks=public static java.lang.String net.thucydides.core.reports.html.Formatter.addLineBreaks(java.lang.String), htmlCompatibleStepDescription=public java.lang.String net.thucydides.core.reports.html.Formatter.htmlCompatibleStepDescription(java.lang.Object), renderDescriptionWithEmbeddedResults=public java.lang.String net.thucydides.core.reports.html.Formatter.renderDescriptionWithEmbeddedResults(java.lang.String,net.thucydides.core.requirements.reports.RequirementsOutcomes), renderDescription=public java.lang.String net.thucydides.core.reports.html.Formatter.renderDescription(java.lang.String), renderText=public java.lang.String net.thucydides.core.reports.html.Formatter.renderText(java.lang.String), plainHtmlCompatible=public java.lang.String net.thucydides.core.reports.html.Formatter.plainHtmlCompatible(java.lang.Object), restQuery=public java.lang.String net.thucydides.core.reports.html.Formatter.restQuery(java.lang.String), renderTableDescription=public java.lang.String net.thucydides.core.reports.html.Formatter.renderTableDescription(java.lang.String,net.thucydides.core.requirements.reports.RequirementsOutcomes), resultIcon=public net.thucydides.core.reports.html.ResultIconFormatter net.thucydides.core.reports.html.Formatter.resultIcon(), hashCode=public native int java.lang.Object.hashCode(), renderHeaders=public java.lang.String net.thucydides.core.reports.html.Formatter.renderHeaders(java.lang.String), renderHtmlEscapedDescription=public java.lang.String net.thucydides.core.reports.html.Formatter.renderHtmlEscapedDescription(java.lang.String), class=freemarker.ext.beans.FastPropertyDescriptor@756a1a4, humanReadableFormOf=public java.lang.String net.thucydides.core.reports.html.Formatter.humanReadableFormOf(java.lang.String), htmlCompatibleStoryTitle=public java.lang.String net.thucydides.core.reports.html.Formatter.htmlCompatibleStoryTitle(java.lang.Object), messageBody=public java.lang.String net.thucydides.core.reports.html.Formatter.messageBody(java.lang.String), truncatedHtmlCompatible=public java.lang.String net.thucydides.core.reports.html.Formatter.truncatedHtmlCompatible(java.lang.String,int), renderAsciidoc=public java.lang.String net.thucydides.core.reports.html.Formatter.renderAsciidoc(java.lang.String), htmlCompatible=public java.lang.String net.thucydides.core.reports.html.Formatter.htmlCompatible(java.lang.Object), htmlAttributeCompatible=freemarker.ext.beans.OverloadedMethods@2590f79, escapedXML=public java.lang.String net.thucydides.core.reports.html.Formatter.escapedXML(java.lang.String), java.lang.Object@7a707081=freemarker.ext.beans.OverloadedMethods@432e550b, htmlCompatibleTestTitle=public java.lang.String net.thucydides.core.reports.html.Formatter.htmlCompatibleTestTitle(java.lang.Object), equals=public boolean java.lang.Object.equals(java.lang.Object), formatWithFields=public java.lang.String net.thucydides.core.reports.html.Formatter.formatWithFields(java.lang.String), java.lang.Object@ce4ea9c={public java.lang.String java.lang.Object.toString()=[Ljava.lang.Class;@420a4bd7, public java.lang.String net.thucydides.core.reports.html.Formatter.htmlCompatibleStoryTitle(java.lang.Object)=[Ljava.lang.Class;@706389b3, public java.lang.String net.thucydides.core.reports.html.Formatter.messageBody(java.lang.String)=[Ljava.lang.Class;@3a0b7201, public java.lang.String net.thucydides.core.reports.html.Formatter.renderAsciidoc(java.lang.String)=[Ljava.lang.Class;@bbcee46, public java.lang.String net.thucydides.core.reports.html.Formatter.truncatedHtmlCompatible(java.lang.String,int)=[Ljava.lang.Class;@1b785815, public boolean java.lang.Object.equals(java.lang.Object)=[Ljava.lang.Class;@77ba64d8, public java.lang.String net.thucydides.core.reports.html.Formatter.htmlCompatible(java.lang.Object)=[Ljava.lang.Class;@16c09b54, public java.lang.String net.thucydides.core.reports.html.Formatter.escapedXML(java.lang.String)=[Ljava.lang.Class;@7a628914, public java.lang.String net.thucydides.core.reports.html.Formatter.htmlCompatibleTestTitle(java.lang.Object)=[Ljava.lang.Class;@2303cebd, public java.lang.String net.thucydides.core.reports.html.Formatter.formatWithFields(java.lang.String)=[Ljava.lang.Class;@7bbe2a1, public java.lang.String net.thucydides.core.reports.html.Formatter.convertAnyTables(java.lang.String)=[Ljava.lang.Class;@15b3d339, public net.thucydides.core.reports.html.ResultRankingFormatter net.thucydides.core.reports.html.Formatter.resultRank()=[Ljava.lang.Class;@7bf7c2b2, public java.lang.String net.thucydides.core.reports.html.Formatter.renderMarkdown(java.lang.String)=[Ljava.lang.Class;@463c8d57, public static java.lang.String net.thucydides.core.reports.html.Formatter.addMarkdownLineBreaks(java.lang.String)=[Ljava.lang.Class;@1ecac1db, public static java.lang.String net.thucydides.core.reports.html.Formatter.addLineBreaks(java.lang.String)=[Ljava.lang.Class;@15ebf320, public java.lang.String net.thucydides.core.reports.html.Formatter.htmlCompatibleStepDescription(java.lang.Object)=[Ljava.lang.Class;@504c417d, public java.lang.String net.thucydides.core.reports.html.Formatter.renderDescriptionWithEmbeddedResults(java.lang.String,net.thucydides.core.requirements.reports.RequirementsOutcomes)=[Ljava.lang.Class;@72b82816, public native int java.lang.Object.hashCode()=[Ljava.lang.Class;@3a34eb83, public java.lang.String net.thucydides.core.reports.html.Formatter.renderText(java.lang.String)=[Ljava.lang.Class;@700c7d16, public java.lang.String net.thucydides.core.reports.html.Formatter.plainHtmlCompatible(java.lang.Object)=[Ljava.lang.Class;@42798dc3, public java.lang.String net.thucydides.core.reports.html.Formatter.restQuery(java.lang.String)=[Ljava.lang.Class;@71b2f502, public java.lang.String net.thucydides.core.reports.html.Formatter.renderDescription(java.lang.String)=[Ljava.lang.Class;@6cc77044, public java.lang.String net.thucydides.core.reports.html.Formatter.renderTableDescription(java.lang.String,net.thucydides.core.requirements.reports.RequirementsOutcomes)=[Ljava.lang.Class;@7fb04407, public net.thucydides.core.reports.html.ResultIconFormatter net.thucydides.core.reports.html.Formatter.resultIcon()=[Ljava.lang.Class;@71a9c9a7, public java.lang.String net.thucydides.core.reports.html.Formatter.renderHeaders(java.lang.String)=[Ljava.lang.Class;@17d53875, public java.lang.String net.thucydides.core.reports.html.Formatter.renderHtmlEscapedDescription(java.lang.String)=[Ljava.lang.Class;@40472f9b, public final native java.lang.Class java.lang.Object.getClass()=[Ljava.lang.Class;@3d2adbe8, public java.lang.String net.thucydides.core.reports.html.Formatter.humanReadableFormOf(java.lang.String)=[Ljava.lang.Class;@2f1c91b}, toString=public java.lang.String java.lang.Object.toString(), convertAnyTables=public java.lang.String net.thucydides.core.reports.html.Formatter.convertAnyTables(java.lang.String)}
2026-02-10 14:55:57 [pool-2-thread-1] DEBUG:: Key "depthIndicatorForLevel" was not found on instance of net.thucydides.core.reports.html.Formatter. Introspection information for the class is: {resultRank=public net.thucydides.core.reports.html.ResultRankingFormatter net.thucydides.core.reports.html.Formatter.resultRank(), renderMarkdown=public java.lang.String net.thucydides.core.reports.html.Formatter.renderMarkdown(java.lang.String), getClass=public final native java.lang.Class java.lang.Object.getClass(), addMarkdownLineBreaks=public static java.lang.String net.thucydides.core.reports.html.Formatter.addMarkdownLineBreaks(java.lang.String), addLineBreaks=public static java.lang.String net.thucydides.core.reports.html.Formatter.addLineBreaks(java.lang.String), htmlCompatibleStepDescription=public java.lang.String net.thucydides.core.reports.html.Formatter.htmlCompatibleStepDescription(java.lang.Object), renderDescriptionWithEmbeddedResults=public java.lang.String net.thucydides.core.reports.html.Formatter.renderDescriptionWithEmbeddedResults(java.lang.String,net.thucydides.core.requirements.reports.RequirementsOutcomes), renderDescription=public java.lang.String net.thucydides.core.reports.html.Formatter.renderDescription(java.lang.String), renderText=public java.lang.String net.thucydides.core.reports.html.Formatter.renderText(java.lang.String), plainHtmlCompatible=public java.lang.String net.thucydides.core.reports.html.Formatter.plainHtmlCompatible(java.lang.Object), restQuery=public java.lang.String net.thucydides.core.reports.html.Formatter.restQuery(java.lang.String), renderTableDescription=public java.lang.String net.thucydides.core.reports.html.Formatter.renderTableDescription(java.lang.String,net.thucydides.core.requirements.reports.RequirementsOutcomes), resultIcon=public net.thucydides.core.reports.html.ResultIconFormatter net.thucydides.core.reports.html.Formatter.resultIcon(), hashCode=public native int java.lang.Object.hashCode(), renderHeaders=public java.lang.String net.thucydides.core.reports.html.Formatter.renderHeaders(java.lang.String), renderHtmlEscapedDescription=public java.lang.String net.thucydides.core.reports.html.Formatter.renderHtmlEscapedDescription(java.lang.String), class=freemarker.ext.beans.FastPropertyDescriptor@756a1a4, humanReadableFormOf=public java.lang.String net.thucydides.core.reports.html.Formatter.humanReadableFormOf(java.lang.String), htmlCompatibleStoryTitle=public java.lang.String net.thucydides.core.reports.html.Formatter.htmlCompatibleStoryTitle(java.lang.Object), messageBody=public java.lang.String net.thucydides.core.reports.html.Formatter.messageBody(java.lang.String), truncatedHtmlCompatible=public java.lang.String net.thucydides.core.reports.html.Formatter.truncatedHtmlCompatible(java.lang.String,int), renderAsciidoc=public java.lang.String net.thucydides.core.reports.html.Formatter.renderAsciidoc(java.lang.String), htmlCompatible=public java.lang.String net.thucydides.core.reports.html.Formatter.htmlCompatible(java.lang.Object), htmlAttributeCompatible=freemarker.ext.beans.OverloadedMethods@2590f79, escapedXML=public java.lang.String net.thucydides.core.reports.html.Formatter.escapedXML(java.lang.String), java.lang.Object@7a707081=freemarker.ext.beans.OverloadedMethods@432e550b, htmlCompatibleTestTitle=public java.lang.String net.thucydides.core.reports.html.Formatter.htmlCompatibleTestTitle(java.lang.Object), equals=public boolean java.lang.Object.equals(java.lang.Object), formatWithFields=public java.lang.String net.thucydides.core.reports.html.Formatter.formatWithFields(java.lang.String), java.lang.Object@ce4ea9c={public java.lang.String java.lang.Object.toString()=[Ljava.lang.Class;@420a4bd7, public java.lang.String net.thucydides.core.reports.html.Formatter.htmlCompatibleStoryTitle(java.lang.Object)=[Ljava.lang.Class;@706389b3, public java.lang.String net.thucydides.core.reports.html.Formatter.messageBody(java.lang.String)=[Ljava.lang.Class;@3a0b7201, public java.lang.String net.thucydides.core.reports.html.Formatter.renderAsciidoc(java.lang.String)=[Ljava.lang.Class;@bbcee46, public java.lang.String net.thucydides.core.reports.html.Formatter.truncatedHtmlCompatible(java.lang.String,int)=[Ljava.lang.Class;@1b785815, public boolean java.lang.Object.equals(java.lang.Object)=[Ljava.lang.Class;@77ba64d8, public java.lang.String net.thucydides.core.reports.html.Formatter.htmlCompatible(java.lang.Object)=[Ljava.lang.Class;@16c09b54, public java.lang.String net.thucydides.core.reports.html.Formatter.escapedXML(java.lang.String)=[Ljava.lang.Class;@7a628914, public java.lang.String net.thucydides.core.reports.html.Formatter.htmlCompatibleTestTitle(java.lang.Object)=[Ljava.lang.Class;@2303cebd, public java.lang.String net.thucydides.core.reports.html.Formatter.formatWithFields(java.lang.String)=[Ljava.lang.Class;@7bbe2a1, public java.lang.String net.thucydides.core.reports.html.Formatter.convertAnyTables(java.lang.String)=[Ljava.lang.Class;@15b3d339, public net.thucydides.core.reports.html.ResultRankingFormatter net.thucydides.core.reports.html.Formatter.resultRank()=[Ljava.lang.Class;@7bf7c2b2, public java.lang.String net.thucydides.core.reports.html.Formatter.renderMarkdown(java.lang.String)=[Ljava.lang.Class;@463c8d57, public static java.lang.String net.thucydides.core.reports.html.Formatter.addMarkdownLineBreaks(java.lang.String)=[Ljava.lang.Class;@1ecac1db, public static java.lang.String net.thucydides.core.reports.html.Formatter.addLineBreaks(java.lang.String)=[Ljava.lang.Class;@15ebf320, public java.lang.String net.thucydides.core.reports.html.Formatter.htmlCompatibleStepDescription(java.lang.Object)=[Ljava.lang.Class;@504c417d, public java.lang.String net.thucydides.core.reports.html.Formatter.renderDescriptionWithEmbeddedResults(java.lang.String,net.thucydides.core.requirements.reports.RequirementsOutcomes)=[Ljava.lang.Class;@72b82816, public native int java.lang.Object.hashCode()=[Ljava.lang.Class;@3a34eb83, public java.lang.String net.thucydides.core.reports.html.Formatter.renderText(java.lang.String)=[Ljava.lang.Class;@700c7d16, public java.lang.String net.thucydides.core.reports.html.Formatter.plainHtmlCompatible(java.lang.Object)=[Ljava.lang.Class;@42798dc3, public java.lang.String net.thucydides.core.reports.html.Formatter.restQuery(java.lang.String)=[Ljava.lang.Class;@71b2f502, public java.lang.String net.thucydides.core.reports.html.Formatter.renderDescription(java.lang.String)=[Ljava.lang.Class;@6cc77044, public java.lang.String net.thucydides.core.reports.html.Formatter.renderTableDescription(java.lang.String,net.thucydides.core.requirements.reports.RequirementsOutcomes)=[Ljava.lang.Class;@7fb04407, public net.thucydides.core.reports.html.ResultIconFormatter net.thucydides.core.reports.html.Formatter.resultIcon()=[Ljava.lang.Class;@71a9c9a7, public java.lang.String net.thucydides.core.reports.html.Formatter.renderHeaders(java.lang.String)=[Ljava.lang.Class;@17d53875, public java.lang.String net.thucydides.core.reports.html.Formatter.renderHtmlEscapedDescription(java.lang.String)=[Ljava.lang.Class;@40472f9b, public final native java.lang.Class java.lang.Object.getClass()=[Ljava.lang.Class;@3d2adbe8, public java.lang.String net.thucydides.core.reports.html.Formatter.humanReadableFormOf(java.lang.String)=[Ljava.lang.Class;@2f1c91b}, toString=public java.lang.String java.lang.Object.toString(), convertAnyTables=public java.lang.String net.thucydides.core.reports.html.Formatter.convertAnyTables(java.lang.String)}
2026-02-10 14:55:57 [pool-2-thread-1] DEBUG:: Key "depthIndicatorForLevel" was not found on instance of net.thucydides.core.reports.html.Formatter. Introspection information for the class is: {resultRank=public net.thucydides.core.reports.html.ResultRankingFormatter net.thucydides.core.reports.html.Formatter.resultRank(), renderMarkdown=public java.lang.String net.thucydides.core.reports.html.Formatter.renderMarkdown(java.lang.String), getClass=public final native java.lang.Class java.lang.Object.getClass(), addMarkdownLineBreaks=public static java.lang.String net.thucydides.core.reports.html.Formatter.addMarkdownLineBreaks(java.lang.String), addLineBreaks=public static java.lang.String net.thucydides.core.reports.html.Formatter.addLineBreaks(java.lang.String), htmlCompatibleStepDescription=public java.lang.String net.thucydides.core.reports.html.Formatter.htmlCompatibleStepDescription(java.lang.Object), renderDescriptionWithEmbeddedResults=public java.lang.String net.thucydides.core.reports.html.Formatter.renderDescriptionWithEmbeddedResults(java.lang.String,net.thucydides.core.requirements.reports.RequirementsOutcomes), renderDescription=public java.lang.String net.thucydides.core.reports.html.Formatter.renderDescription(java.lang.String), renderText=public java.lang.String net.thucydides.core.reports.html.Formatter.renderText(java.lang.String), plainHtmlCompatible=public java.lang.String net.thucydides.core.reports.html.Formatter.plainHtmlCompatible(java.lang.Object), restQuery=public java.lang.String net.thucydides.core.reports.html.Formatter.restQuery(java.lang.String), renderTableDescription=public java.lang.String net.thucydides.core.reports.html.Formatter.renderTableDescription(java.lang.String,net.thucydides.core.requirements.reports.RequirementsOutcomes), resultIcon=public net.thucydides.core.reports.html.ResultIconFormatter net.thucydides.core.reports.html.Formatter.resultIcon(), hashCode=public native int java.lang.Object.hashCode(), renderHeaders=public java.lang.String net.thucydides.core.reports.html.Formatter.renderHeaders(java.lang.String), renderHtmlEscapedDescription=public java.lang.String net.thucydides.core.reports.html.Formatter.renderHtmlEscapedDescription(java.lang.String), class=freemarker.ext.beans.FastPropertyDescriptor@756a1a4, humanReadableFormOf=public java.lang.String net.thucydides.core.reports.html.Formatter.humanReadableFormOf(java.lang.String), htmlCompatibleStoryTitle=public java.lang.String net.thucydides.core.reports.html.Formatter.htmlCompatibleStoryTitle(java.lang.Object), messageBody=public java.lang.String net.thucydides.core.reports.html.Formatter.messageBody(java.lang.String), truncatedHtmlCompatible=public java.lang.String net.thucydides.core.reports.html.Formatter.truncatedHtmlCompatible(java.lang.String,int), renderAsciidoc=public java.lang.String net.thucydides.core.reports.html.Formatter.renderAsciidoc(java.lang.String), htmlCompatible=public java.lang.String net.thucydides.core.reports.html.Formatter.htmlCompatible(java.lang.Object), htmlAttributeCompatible=freemarker.ext.beans.OverloadedMethods@2590f79, escapedXML=public java.lang.String net.thucydides.core.reports.html.Formatter.escapedXML(java.lang.String), java.lang.Object@7a707081=freemarker.ext.beans.OverloadedMethods@432e550b, htmlCompatibleTestTitle=public java.lang.String net.thucydides.core.reports.html.Formatter.htmlCompatibleTestTitle(java.lang.Object), equals=public boolean java.lang.Object.equals(java.lang.Object), formatWithFields=public java.lang.String net.thucydides.core.reports.html.Formatter.formatWithFields(java.lang.String), java.lang.Object@ce4ea9c={public java.lang.String java.lang.Object.toString()=[Ljava.lang.Class;@420a4bd7, public java.lang.String net.thucydides.core.reports.html.Formatter.htmlCompatibleStoryTitle(java.lang.Object)=[Ljava.lang.Class;@706389b3, public java.lang.String net.thucydides.core.reports.html.Formatter.messageBody(java.lang.String)=[Ljava.lang.Class;@3a0b7201, public java.lang.String net.thucydides.core.reports.html.Formatter.renderAsciidoc(java.lang.String)=[Ljava.lang.Class;@bbcee46, public java.lang.String net.thucydides.core.reports.html.Formatter.truncatedHtmlCompatible(java.lang.String,int)=[Ljava.lang.Class;@1b785815, public boolean java.lang.Object.equals(java.lang.Object)=[Ljava.lang.Class;@77ba64d8, public java.lang.String net.thucydides.core.reports.html.Formatter.htmlCompatible(java.lang.Object)=[Ljava.lang.Class;@16c09b54, public java.lang.String net.thucydides.core.reports.html.Formatter.escapedXML(java.lang.String)=[Ljava.lang.Class;@7a628914, public java.lang.String net.thucydides.core.reports.html.Formatter.htmlCompatibleTestTitle(java.lang.Object)=[Ljava.lang.Class;@2303cebd, public java.lang.String net.thucydides.core.reports.html.Formatter.formatWithFields(java.lang.String)=[Ljava.lang.Class;@7bbe2a1, public java.lang.String net.thucydides.core.reports.html.Formatter.convertAnyTables(java.lang.String)=[Ljava.lang.Class;@15b3d339, public net.thucydides.core.reports.html.ResultRankingFormatter net.thucydides.core.reports.html.Formatter.resultRank()=[Ljava.lang.Class;@7bf7c2b2, public java.lang.String net.thucydides.core.reports.html.Formatter.renderMarkdown(java.lang.String)=[Ljava.lang.Class;@463c8d57, public static java.lang.String net.thucydides.core.reports.html.Formatter.addMarkdownLineBreaks(java.lang.String)=[Ljava.lang.Class;@1ecac1db, public static java.lang.String net.thucydides.core.reports.html.Formatter.addLineBreaks(java.lang.String)=[Ljava.lang.Class;@15ebf320, public java.lang.String net.thucydides.core.reports.html.Formatter.htmlCompatibleStepDescription(java.lang.Object)=[Ljava.lang.Class;@504c417d, public java.lang.String net.thucydides.core.reports.html.Formatter.renderDescriptionWithEmbeddedResults(java.lang.String,net.thucydides.core.requirements.reports.RequirementsOutcomes)=[Ljava.lang.Class;@72b82816, public native int java.lang.Object.hashCode()=[Ljava.lang.Class;@3a34eb83, public java.lang.String net.thucydides.core.reports.html.Formatter.renderText(java.lang.String)=[Ljava.lang.Class;@700c7d16, public java.lang.String net.thucydides.core.reports.html.Formatter.plainHtmlCompatible(java.lang.Object)=[Ljava.lang.Class;@42798dc3, public java.lang.String net.thucydides.core.reports.html.Formatter.restQuery(java.lang.String)=[Ljava.lang.Class;@71b2f502, public java.lang.String net.thucydides.core.reports.html.Formatter.renderDescription(java.lang.String)=[Ljava.lang.Class;@6cc77044, public java.lang.String net.thucydides.core.reports.html.Formatter.renderTableDescription(java.lang.String,net.thucydides.core.requirements.reports.RequirementsOutcomes)=[Ljava.lang.Class;@7fb04407, public net.thucydides.core.reports.html.ResultIconFormatter net.thucydides.core.reports.html.Formatter.resultIcon()=[Ljava.lang.Class;@71a9c9a7, public java.lang.String net.thucydides.core.reports.html.Formatter.renderHeaders(java.lang.String)=[Ljava.lang.Class;@17d53875, public java.lang.String net.thucydides.core.reports.html.Formatter.renderHtmlEscapedDescription(java.lang.String)=[Ljava.lang.Class;@40472f9b, public final native java.lang.Class java.lang.Object.getClass()=[Ljava.lang.Class;@3d2adbe8, public java.lang.String net.thucydides.core.reports.html.Formatter.humanReadableFormOf(java.lang.String)=[Ljava.lang.Class;@2f1c91b}, toString=public java.lang.String java.lang.Object.toString(), convertAnyTables=public java.lang.String net.thucydides.core.reports.html.Formatter.convertAnyTables(java.lang.String)}
2026-02-10 14:55:57 [pool-2-thread-1] DEBUG:: Key "depthIndicatorForLevel" was not found on instance of net.thucydides.core.reports.html.Formatter. Introspection information for the class is: {resultRank=public net.thucydides.core.reports.html.ResultRankingFormatter net.thucydides.core.reports.html.Formatter.resultRank(), renderMarkdown=public java.lang.String net.thucydides.core.reports.html.Formatter.renderMarkdown(java.lang.String), getClass=public final native java.lang.Class java.lang.Object.getClass(), addMarkdownLineBreaks=public static java.lang.String net.thucydides.core.reports.html.Formatter.addMarkdownLineBreaks(java.lang.String), addLineBreaks=public static java.lang.String net.thucydides.core.reports.html.Formatter.addLineBreaks(java.lang.String), htmlCompatibleStepDescription=public java.lang.String net.thucydides.core.reports.html.Formatter.htmlCompatibleStepDescription(java.lang.Object), renderDescriptionWithEmbeddedResults=public java.lang.String net.thucydides.core.reports.html.Formatter.renderDescriptionWithEmbeddedResults(java.lang.String,net.thucydides.core.requirements.reports.RequirementsOutcomes), renderDescription=public java.lang.String net.thucydides.core.reports.html.Formatter.renderDescription(java.lang.String), renderText=public java.lang.String net.thucydides.core.reports.html.Formatter.renderText(java.lang.String), plainHtmlCompatible=public java.lang.String net.thucydides.core.reports.html.Formatter.plainHtmlCompatible(java.lang.Object), restQuery=public java.lang.String net.thucydides.core.reports.html.Formatter.restQuery(java.lang.String), renderTableDescription=public java.lang.String net.thucydides.core.reports.html.Formatter.renderTableDescription(java.lang.String,net.thucydides.core.requirements.reports.RequirementsOutcomes), resultIcon=public net.thucydides.core.reports.html.ResultIconFormatter net.thucydides.core.reports.html.Formatter.resultIcon(), hashCode=public native int java.lang.Object.hashCode(), renderHeaders=public java.lang.String net.thucydides.core.reports.html.Formatter.renderHeaders(java.lang.String), renderHtmlEscapedDescription=public java.lang.String net.thucydides.core.reports.html.Formatter.renderHtmlEscapedDescription(java.lang.String), class=freemarker.ext.beans.FastPropertyDescriptor@756a1a4, humanReadableFormOf=public java.lang.String net.thucydides.core.reports.html.Formatter.humanReadableFormOf(java.lang.String), htmlCompatibleStoryTitle=public java.lang.String net.thucydides.core.reports.html.Formatter.htmlCompatibleStoryTitle(java.lang.Object), messageBody=public java.lang.String net.thucydides.core.reports.html.Formatter.messageBody(java.lang.String), truncatedHtmlCompatible=public java.lang.String net.thucydides.core.reports.html.Formatter.truncatedHtmlCompatible(java.lang.String,int), renderAsciidoc=public java.lang.String net.thucydides.core.reports.html.Formatter.renderAsciidoc(java.lang.String), htmlCompatible=public java.lang.String net.thucydides.core.reports.html.Formatter.htmlCompatible(java.lang.Object), htmlAttributeCompatible=freemarker.ext.beans.OverloadedMethods@2590f79, escapedXML=public java.lang.String net.thucydides.core.reports.html.Formatter.escapedXML(java.lang.String), java.lang.Object@7a707081=freemarker.ext.beans.OverloadedMethods@432e550b, htmlCompatibleTestTitle=public java.lang.String net.thucydides.core.reports.html.Formatter.htmlCompatibleTestTitle(java.lang.Object), equals=public boolean java.lang.Object.equals(java.lang.Object), formatWithFields=public java.lang.String net.thucydides.core.reports.html.Formatter.formatWithFields(java.lang.String), java.lang.Object@ce4ea9c={public java.lang.String java.lang.Object.toString()=[Ljava.lang.Class;@420a4bd7, public java.lang.String net.thucydides.core.reports.html.Formatter.htmlCompatibleStoryTitle(java.lang.Object)=[Ljava.lang.Class;@706389b3, public java.lang.String net.thucydides.core.reports.html.Formatter.messageBody(java.lang.String)=[Ljava.lang.Class;@3a0b7201, public java.lang.String net.thucydides.core.reports.html.Formatter.renderAsciidoc(java.lang.String)=[Ljava.lang.Class;@bbcee46, public java.lang.String net.thucydides.core.reports.html.Formatter.truncatedHtmlCompatible(java.lang.String,int)=[Ljava.lang.Class;@1b785815, public boolean java.lang.Object.equals(java.lang.Object)=[Ljava.lang.Class;@77ba64d8, public java.lang.String net.thucydides.core.reports.html.Formatter.htmlCompatible(java.lang.Object)=[Ljava.lang.Class;@16c09b54, public java.lang.String net.thucydides.core.reports.html.Formatter.escapedXML(java.lang.String)=[Ljava.lang.Class;@7a628914, public java.lang.String net.thucydides.core.reports.html.Formatter.htmlCompatibleTestTitle(java.lang.Object)=[Ljava.lang.Class;@2303cebd, public java.lang.String net.thucydides.core.reports.html.Formatter.formatWithFields(java.lang.String)=[Ljava.lang.Class;@7bbe2a1, public java.lang.String net.thucydides.core.reports.html.Formatter.convertAnyTables(java.lang.String)=[Ljava.lang.Class;@15b3d339, public net.thucydides.core.reports.html.ResultRankingFormatter net.thucydides.core.reports.html.Formatter.resultRank()=[Ljava.lang.Class;@7bf7c2b2, public java.lang.String net.thucydides.core.reports.html.Formatter.renderMarkdown(java.lang.String)=[Ljava.lang.Class;@463c8d57, public static java.lang.String net.thucydides.core.reports.html.Formatter.addMarkdownLineBreaks(java.lang.String)=[Ljava.lang.Class;@1ecac1db, public static java.lang.String net.thucydides.core.reports.html.Formatter.addLineBreaks(java.lang.String)=[Ljava.lang.Class;@15ebf320, public java.lang.String net.thucydides.core.reports.html.Formatter.htmlCompatibleStepDescription(java.lang.Object)=[Ljava.lang.Class;@504c417d, public java.lang.String net.thucydides.core.reports.html.Formatter.renderDescriptionWithEmbeddedResults(java.lang.String,net.thucydides.core.requirements.reports.RequirementsOutcomes)=[Ljava.lang.Class;@72b82816, public native int java.lang.Object.hashCode()=[Ljava.lang.Class;@3a34eb83, public java.lang.String net.thucydides.core.reports.html.Formatter.renderText(java.lang.String)=[Ljava.lang.Class;@700c7d16, public java.lang.String net.thucydides.core.reports.html.Formatter.plainHtmlCompatible(java.lang.Object)=[Ljava.lang.Class;@42798dc3, public java.lang.String net.thucydides.core.reports.html.Formatter.restQuery(java.lang.String)=[Ljava.lang.Class;@71b2f502, public java.lang.String net.thucydides.core.reports.html.Formatter.renderDescription(java.lang.String)=[Ljava.lang.Class;@6cc77044, public java.lang.String net.thucydides.core.reports.html.Formatter.renderTableDescription(java.lang.String,net.thucydides.core.requirements.reports.RequirementsOutcomes)=[Ljava.lang.Class;@7fb04407, public net.thucydides.core.reports.html.ResultIconFormatter net.thucydides.core.reports.html.Formatter.resultIcon()=[Ljava.lang.Class;@71a9c9a7, public java.lang.String net.thucydides.core.reports.html.Formatter.renderHeaders(java.lang.String)=[Ljava.lang.Class;@17d53875, public java.lang.String net.thucydides.core.reports.html.Formatter.renderHtmlEscapedDescription(java.lang.String)=[Ljava.lang.Class;@40472f9b, public final native java.lang.Class java.lang.Object.getClass()=[Ljava.lang.Class;@3d2adbe8, public java.lang.String net.thucydides.core.reports.html.Formatter.humanReadableFormOf(java.lang.String)=[Ljava.lang.Class;@2f1c91b}, toString=public java.lang.String java.lang.Object.toString(), convertAnyTables=public java.lang.String net.thucydides.core.reports.html.Formatter.convertAnyTables(java.lang.String)}
2026-02-10 14:55:57 [pool-2-thread-1] DEBUG:: Key "depthIndicatorForLevel" was not found on instance of net.thucydides.core.reports.html.Formatter. Introspection information for the class is: {resultRank=public net.thucydides.core.reports.html.ResultRankingFormatter net.thucydides.core.reports.html.Formatter.resultRank(), renderMarkdown=public java.lang.String net.thucydides.core.reports.html.Formatter.renderMarkdown(java.lang.String), getClass=public final native java.lang.Class java.lang.Object.getClass(), addMarkdownLineBreaks=public static java.lang.String net.thucydides.core.reports.html.Formatter.addMarkdownLineBreaks(java.lang.String), addLineBreaks=public static java.lang.String net.thucydides.core.reports.html.Formatter.addLineBreaks(java.lang.String), htmlCompatibleStepDescription=public java.lang.String net.thucydides.core.reports.html.Formatter.htmlCompatibleStepDescription(java.lang.Object), renderDescriptionWithEmbeddedResults=public java.lang.String net.thucydides.core.reports.html.Formatter.renderDescriptionWithEmbeddedResults(java.lang.String,net.thucydides.core.requirements.reports.RequirementsOutcomes), renderDescription=public java.lang.String net.thucydides.core.reports.html.Formatter.renderDescription(java.lang.String), renderText=public java.lang.String net.thucydides.core.reports.html.Formatter.renderText(java.lang.String), plainHtmlCompatible=public java.lang.String net.thucydides.core.reports.html.Formatter.plainHtmlCompatible(java.lang.Object), restQuery=public java.lang.String net.thucydides.core.reports.html.Formatter.restQuery(java.lang.String), renderTableDescription=public java.lang.String net.thucydides.core.reports.html.Formatter.renderTableDescription(java.lang.String,net.thucydides.core.requirements.reports.RequirementsOutcomes), resultIcon=public net.thucydides.core.reports.html.ResultIconFormatter net.thucydides.core.reports.html.Formatter.resultIcon(), hashCode=public native int java.lang.Object.hashCode(), renderHeaders=public java.lang.String net.thucydides.core.reports.html.Formatter.renderHeaders(java.lang.String), renderHtmlEscapedDescription=public java.lang.String net.thucydides.core.reports.html.Formatter.renderHtmlEscapedDescription(java.lang.String), class=freemarker.ext.beans.FastPropertyDescriptor@756a1a4, humanReadableFormOf=public java.lang.String net.thucydides.core.reports.html.Formatter.humanReadableFormOf(java.lang.String), htmlCompatibleStoryTitle=public java.lang.String net.thucydides.core.reports.html.Formatter.htmlCompatibleStoryTitle(java.lang.Object), messageBody=public java.lang.String net.thucydides.core.reports.html.Formatter.messageBody(java.lang.String), truncatedHtmlCompatible=public java.lang.String net.thucydides.core.reports.html.Formatter.truncatedHtmlCompatible(java.lang.String,int), renderAsciidoc=public java.lang.String net.thucydides.core.reports.html.Formatter.renderAsciidoc(java.lang.String), htmlCompatible=public java.lang.String net.thucydides.core.reports.html.Formatter.htmlCompatible(java.lang.Object), htmlAttributeCompatible=freemarker.ext.beans.OverloadedMethods@2590f79, escapedXML=public java.lang.String net.thucydides.core.reports.html.Formatter.escapedXML(java.lang.String), java.lang.Object@7a707081=freemarker.ext.beans.OverloadedMethods@432e550b, htmlCompatibleTestTitle=public java.lang.String net.thucydides.core.reports.html.Formatter.htmlCompatibleTestTitle(java.lang.Object), equals=public boolean java.lang.Object.equals(java.lang.Object), formatWithFields=public java.lang.String net.thucydides.core.reports.html.Formatter.formatWithFields(java.lang.String), java.lang.Object@ce4ea9c={public java.lang.String java.lang.Object.toString()=[Ljava.lang.Class;@420a4bd7, public java.lang.String net.thucydides.core.reports.html.Formatter.htmlCompatibleStoryTitle(java.lang.Object)=[Ljava.lang.Class;@706389b3, public java.lang.String net.thucydides.core.reports.html.Formatter.messageBody(java.lang.String)=[Ljava.lang.Class;@3a0b7201, public java.lang.String net.thucydides.core.reports.html.Formatter.renderAsciidoc(java.lang.String)=[Ljava.lang.Class;@bbcee46, public java.lang.String net.thucydides.core.reports.html.Formatter.truncatedHtmlCompatible(java.lang.String,int)=[Ljava.lang.Class;@1b785815, public boolean java.lang.Object.equals(java.lang.Object)=[Ljava.lang.Class;@77ba64d8, public java.lang.String net.thucydides.core.reports.html.Formatter.htmlCompatible(java.lang.Object)=[Ljava.lang.Class;@16c09b54, public java.lang.String net.thucydides.core.reports.html.Formatter.escapedXML(java.lang.String)=[Ljava.lang.Class;@7a628914, public java.lang.String net.thucydides.core.reports.html.Formatter.htmlCompatibleTestTitle(java.lang.Object)=[Ljava.lang.Class;@2303cebd, public java.lang.String net.thucydides.core.reports.html.Formatter.formatWithFields(java.lang.String)=[Ljava.lang.Class;@7bbe2a1, public java.lang.String net.thucydides.core.reports.html.Formatter.convertAnyTables(java.lang.String)=[Ljava.lang.Class;@15b3d339, public net.thucydides.core.reports.html.ResultRankingFormatter net.thucydides.core.reports.html.Formatter.resultRank()=[Ljava.lang.Class;@7bf7c2b2, public java.lang.String net.thucydides.core.reports.html.Formatter.renderMarkdown(java.lang.String)=[Ljava.lang.Class;@463c8d57, public static java.lang.String net.thucydides.core.reports.html.Formatter.addMarkdownLineBreaks(java.lang.String)=[Ljava.lang.Class;@1ecac1db, public static java.lang.String net.thucydides.core.reports.html.Formatter.addLineBreaks(java.lang.String)=[Ljava.lang.Class;@15ebf320, public java.lang.String net.thucydides.core.reports.html.Formatter.htmlCompatibleStepDescription(java.lang.Object)=[Ljava.lang.Class;@504c417d, public java.lang.String net.thucydides.core.reports.html.Formatter.renderDescriptionWithEmbeddedResults(java.lang.String,net.thucydides.core.requirements.reports.RequirementsOutcomes)=[Ljava.lang.Class;@72b82816, public native int java.lang.Object.hashCode()=[Ljava.lang.Class;@3a34eb83, public java.lang.String net.thucydides.core.reports.html.Formatter.renderText(java.lang.String)=[Ljava.lang.Class;@700c7d16, public java.lang.String net.thucydides.core.reports.html.Formatter.plainHtmlCompatible(java.lang.Object)=[Ljava.lang.Class;@42798dc3, public java.lang.String net.thucydides.core.reports.html.Formatter.restQuery(java.lang.String)=[Ljava.lang.Class;@71b2f502, public java.lang.String net.thucydides.core.reports.html.Formatter.renderDescription(java.lang.String)=[Ljava.lang.Class;@6cc77044, public java.lang.String net.thucydides.core.reports.html.Formatter.renderTableDescription(java.lang.String,net.thucydides.core.requirements.reports.RequirementsOutcomes)=[Ljava.lang.Class;@7fb04407, public net.thucydides.core.reports.html.ResultIconFormatter net.thucydides.core.reports.html.Formatter.resultIcon()=[Ljava.lang.Class;@71a9c9a7, public java.lang.String net.thucydides.core.reports.html.Formatter.renderHeaders(java.lang.String)=[Ljava.lang.Class;@17d53875, public java.lang.String net.thucydides.core.reports.html.Formatter.renderHtmlEscapedDescription(java.lang.String)=[Ljava.lang.Class;@40472f9b, public final native java.lang.Class java.lang.Object.getClass()=[Ljava.lang.Class;@3d2adbe8, public java.lang.String net.thucydides.core.reports.html.Formatter.humanReadableFormOf(java.lang.String)=[Ljava.lang.Class;@2f1c91b}, toString=public java.lang.String java.lang.Object.toString(), convertAnyTables=public java.lang.String net.thucydides.core.reports.html.Formatter.convertAnyTables(java.lang.String)}
2026-02-10 14:55:57 [pool-2-thread-1] DEBUG:: Key "depthIndicatorForLevel" was not found on instance of net.thucydides.core.reports.html.Formatter. Introspection information for the class is: {resultRank=public net.thucydides.core.reports.html.ResultRankingFormatter net.thucydides.core.reports.html.Formatter.resultRank(), renderMarkdown=public java.lang.String net.thucydides.core.reports.html.Formatter.renderMarkdown(java.lang.String), getClass=public final native java.lang.Class java.lang.Object.getClass(), addMarkdownLineBreaks=public static java.lang.String net.thucydides.core.reports.html.Formatter.addMarkdownLineBreaks(java.lang.String), addLineBreaks=public static java.lang.String net.thucydides.core.reports.html.Formatter.addLineBreaks(java.lang.String), htmlCompatibleStepDescription=public java.lang.String net.thucydides.core.reports.html.Formatter.htmlCompatibleStepDescription(java.lang.Object), renderDescriptionWithEmbeddedResults=public java.lang.String net.thucydides.core.reports.html.Formatter.renderDescriptionWithEmbeddedResults(java.lang.String,net.thucydides.core.requirements.reports.RequirementsOutcomes), renderDescription=public java.lang.String net.thucydides.core.reports.html.Formatter.renderDescription(java.lang.String), renderText=public java.lang.String net.thucydides.core.reports.html.Formatter.renderText(java.lang.String), plainHtmlCompatible=public java.lang.String net.thucydides.core.reports.html.Formatter.plainHtmlCompatible(java.lang.Object), restQuery=public java.lang.String net.thucydides.core.reports.html.Formatter.restQuery(java.lang.String), renderTableDescription=public java.lang.String net.thucydides.core.reports.html.Formatter.renderTableDescription(java.lang.String,net.thucydides.core.requirements.reports.RequirementsOutcomes), resultIcon=public net.thucydides.core.reports.html.ResultIconFormatter net.thucydides.core.reports.html.Formatter.resultIcon(), hashCode=public native int java.lang.Object.hashCode(), renderHeaders=public java.lang.String net.thucydides.core.reports.html.Formatter.renderHeaders(java.lang.String), renderHtmlEscapedDescription=public java.lang.String net.thucydides.core.reports.html.Formatter.renderHtmlEscapedDescription(java.lang.String), class=freemarker.ext.beans.FastPropertyDescriptor@756a1a4, humanReadableFormOf=public java.lang.String net.thucydides.core.reports.html.Formatter.humanReadableFormOf(java.lang.String), htmlCompatibleStoryTitle=public java.lang.String net.thucydides.core.reports.html.Formatter.htmlCompatibleStoryTitle(java.lang.Object), messageBody=public java.lang.String net.thucydides.core.reports.html.Formatter.messageBody(java.lang.String), truncatedHtmlCompatible=public java.lang.String net.thucydides.core.reports.html.Formatter.truncatedHtmlCompatible(java.lang.String,int), renderAsciidoc=public java.lang.String net.thucydides.core.reports.html.Formatter.renderAsciidoc(java.lang.String), htmlCompatible=public java.lang.String net.thucydides.core.reports.html.Formatter.htmlCompatible(java.lang.Object), htmlAttributeCompatible=freemarker.ext.beans.OverloadedMethods@2590f79, escapedXML=public java.lang.String net.thucydides.core.reports.html.Formatter.escapedXML(java.lang.String), java.lang.Object@7a707081=freemarker.ext.beans.OverloadedMethods@432e550b, htmlCompatibleTestTitle=public java.lang.String net.thucydides.core.reports.html.Formatter.htmlCompatibleTestTitle(java.lang.Object), equals=public boolean java.lang.Object.equals(java.lang.Object), formatWithFields=public java.lang.String net.thucydides.core.reports.html.Formatter.formatWithFields(java.lang.String), java.lang.Object@ce4ea9c={public java.lang.String java.lang.Object.toString()=[Ljava.lang.Class;@420a4bd7, public java.lang.String net.thucydides.core.reports.html.Formatter.htmlCompatibleStoryTitle(java.lang.Object)=[Ljava.lang.Class;@706389b3, public java.lang.String net.thucydides.core.reports.html.Formatter.messageBody(java.lang.String)=[Ljava.lang.Class;@3a0b7201, public java.lang.String net.thucydides.core.reports.html.Formatter.renderAsciidoc(java.lang.String)=[Ljava.lang.Class;@bbcee46, public java.lang.String net.thucydides.core.reports.html.Formatter.truncatedHtmlCompatible(java.lang.String,int)=[Ljava.lang.Class;@1b785815, public boolean java.lang.Object.equals(java.lang.Object)=[Ljava.lang.Class;@77ba64d8, public java.lang.String net.thucydides.core.reports.html.Formatter.htmlCompatible(java.lang.Object)=[Ljava.lang.Class;@16c09b54, public java.lang.String net.thucydides.core.reports.html.Formatter.escapedXML(java.lang.String)=[Ljava.lang.Class;@7a628914, public java.lang.String net.thucydides.core.reports.html.Formatter.htmlCompatibleTestTitle(java.lang.Object)=[Ljava.lang.Class;@2303cebd, public java.lang.String net.thucydides.core.reports.html.Formatter.formatWithFields(java.lang.String)=[Ljava.lang.Class;@7bbe2a1, public java.lang.String net.thucydides.core.reports.html.Formatter.convertAnyTables(java.lang.String)=[Ljava.lang.Class;@15b3d339, public net.thucydides.core.reports.html.ResultRankingFormatter net.thucydides.core.reports.html.Formatter.resultRank()=[Ljava.lang.Class;@7bf7c2b2, public java.lang.String net.thucydides.core.reports.html.Formatter.renderMarkdown(java.lang.String)=[Ljava.lang.Class;@463c8d57, public static java.lang.String net.thucydides.core.reports.html.Formatter.addMarkdownLineBreaks(java.lang.String)=[Ljava.lang.Class;@1ecac1db, public static java.lang.String net.thucydides.core.reports.html.Formatter.addLineBreaks(java.lang.String)=[Ljava.lang.Class;@15ebf320, public java.lang.String net.thucydides.core.reports.html.Formatter.htmlCompatibleStepDescription(java.lang.Object)=[Ljava.lang.Class;@504c417d, public java.lang.String net.thucydides.core.reports.html.Formatter.renderDescriptionWithEmbeddedResults(java.lang.String,net.thucydides.core.requirements.reports.RequirementsOutcomes)=[Ljava.lang.Class;@72b82816, public native int java.lang.Object.hashCode()=[Ljava.lang.Class;@3a34eb83, public java.lang.String net.thucydides.core.reports.html.Formatter.renderText(java.lang.String)=[Ljava.lang.Class;@700c7d16, public java.lang.String net.thucydides.core.reports.html.Formatter.plainHtmlCompatible(java.lang.Object)=[Ljava.lang.Class;@42798dc3, public java.lang.String net.thucydides.core.reports.html.Formatter.restQuery(java.lang.String)=[Ljava.lang.Class;@71b2f502, public java.lang.String net.thucydides.core.reports.html.Formatter.renderDescription(java.lang.String)=[Ljava.lang.Class;@6cc77044, public java.lang.String net.thucydides.core.reports.html.Formatter.renderTableDescription(java.lang.String,net.thucydides.core.requirements.reports.RequirementsOutcomes)=[Ljava.lang.Class;@7fb04407, public net.thucydides.core.reports.html.ResultIconFormatter net.thucydides.core.reports.html.Formatter.resultIcon()=[Ljava.lang.Class;@71a9c9a7, public java.lang.String net.thucydides.core.reports.html.Formatter.renderHeaders(java.lang.String)=[Ljava.lang.Class;@17d53875, public java.lang.String net.thucydides.core.reports.html.Formatter.renderHtmlEscapedDescription(java.lang.String)=[Ljava.lang.Class;@40472f9b, public final native java.lang.Class java.lang.Object.getClass()=[Ljava.lang.Class;@3d2adbe8, public java.lang.String net.thucydides.core.reports.html.Formatter.humanReadableFormOf(java.lang.String)=[Ljava.lang.Class;@2f1c91b}, toString=public java.lang.String java.lang.Object.toString(), convertAnyTables=public java.lang.String net.thucydides.core.reports.html.Formatter.convertAnyTables(java.lang.String)}
2026-02-10 14:55:57 [pool-2-thread-1] DEBUG:: Key "depthIndicatorForLevel" was not found on instance of net.thucydides.core.reports.html.Formatter. Introspection information for the class is: {resultRank=public net.thucydides.core.reports.html.ResultRankingFormatter net.thucydides.core.reports.html.Formatter.resultRank(), renderMarkdown=public java.lang.String net.thucydides.core.reports.html.Formatter.renderMarkdown(java.lang.String), getClass=public final native java.lang.Class java.lang.Object.getClass(), addMarkdownLineBreaks=public static java.lang.String net.thucydides.core.reports.html.Formatter.addMarkdownLineBreaks(java.lang.String), addLineBreaks=public static java.lang.String net.thucydides.core.reports.html.Formatter.addLineBreaks(java.lang.String), htmlCompatibleStepDescription=public java.lang.String net.thucydides.core.reports.html.Formatter.htmlCompatibleStepDescription(java.lang.Object), renderDescriptionWithEmbeddedResults=public java.lang.String net.thucydides.core.reports.html.Formatter.renderDescriptionWithEmbeddedResults(java.lang.String,net.thucydides.core.requirements.reports.RequirementsOutcomes), renderDescription=public java.lang.String net.thucydides.core.reports.html.Formatter.renderDescription(java.lang.String), renderText=public java.lang.String net.thucydides.core.reports.html.Formatter.renderText(java.lang.String), plainHtmlCompatible=public java.lang.String net.thucydides.core.reports.html.Formatter.plainHtmlCompatible(java.lang.Object), restQuery=public java.lang.String net.thucydides.core.reports.html.Formatter.restQuery(java.lang.String), renderTableDescription=public java.lang.String net.thucydides.core.reports.html.Formatter.renderTableDescription(java.lang.String,net.thucydides.core.requirements.reports.RequirementsOutcomes), resultIcon=public net.thucydides.core.reports.html.ResultIconFormatter net.thucydides.core.reports.html.Formatter.resultIcon(), hashCode=public native int java.lang.Object.hashCode(), renderHeaders=public java.lang.String net.thucydides.core.reports.html.Formatter.renderHeaders(java.lang.String), renderHtmlEscapedDescription=public java.lang.String net.thucydides.core.reports.html.Formatter.renderHtmlEscapedDescription(java.lang.String), class=freemarker.ext.beans.FastPropertyDescriptor@756a1a4, humanReadableFormOf=public java.lang.String net.thucydides.core.reports.html.Formatter.humanReadableFormOf(java.lang.String), htmlCompatibleStoryTitle=public java.lang.String net.thucydides.core.reports.html.Formatter.htmlCompatibleStoryTitle(java.lang.Object), messageBody=public java.lang.String net.thucydides.core.reports.html.Formatter.messageBody(java.lang.String), truncatedHtmlCompatible=public java.lang.String net.thucydides.core.reports.html.Formatter.truncatedHtmlCompatible(java.lang.String,int), renderAsciidoc=public java.lang.String net.thucydides.core.reports.html.Formatter.renderAsciidoc(java.lang.String), htmlCompatible=public java.lang.String net.thucydides.core.reports.html.Formatter.htmlCompatible(java.lang.Object), htmlAttributeCompatible=freemarker.ext.beans.OverloadedMethods@2590f79, escapedXML=public java.lang.String net.thucydides.core.reports.html.Formatter.escapedXML(java.lang.String), java.lang.Object@7a707081=freemarker.ext.beans.OverloadedMethods@432e550b, htmlCompatibleTestTitle=public java.lang.String net.thucydides.core.reports.html.Formatter.htmlCompatibleTestTitle(java.lang.Object), equals=public boolean java.lang.Object.equals(java.lang.Object), formatWithFields=public java.lang.String net.thucydides.core.reports.html.Formatter.formatWithFields(java.lang.String), java.lang.Object@ce4ea9c={public java.lang.String java.lang.Object.toString()=[Ljava.lang.Class;@420a4bd7, 
[...]
cydides.core.reports.html.Formatter.renderMarkdown(java.lang.String)=[Ljava.lang.Class;@463c8d57, public static java.lang.String net.thucydides.core.reports.html.Formatter.addMarkdownLineBreaks(java.lang.String)=[Ljava.lang.Class;@1ecac1db, public static java.lang.String net.thucydides.core.reports.html.Formatter.addLineBreaks(java.lang.String)=[Ljava.lang.Class;@15ebf320, public java.lang.String net.thucydides.core.reports.html.Formatter.htmlCompatibleStepDescription(java.lang.Object)=[Ljava.lang.Class;@504c417d, public java.lang.String net.thucydides.core.reports.html.Formatter.renderDescriptionWithEmbeddedResults(java.lang.String,net.thucydides.core.requirements.reports.RequirementsOutcomes)=[Ljava.lang.Class;@72b82816, public native int java.lang.Object.hashCode()=[Ljava.lang.Class;@3a34eb83, public java.lang.String net.thucydides.core.reports.html.Formatter.renderText(java.lang.String)=[Ljava.lang.Class;@700c7d16, public java.lang.String net.thucydides.core.reports.html.Formatter.plainHtmlCompatible(java.lang.Object)=[Ljava.lang.Class;@42798dc3, public java.lang.String net.thucydides.core.reports.html.Formatter.restQuery(java.lang.String)=[Ljava.lang.Class;@71b2f502, public java.lang.String net.thucydides.core.reports.html.Formatter.renderDescription(java.lang.String)=[Ljava.lang.Class;@6cc77044, public java.lang.String net.thucydides.core.reports.html.Formatter.renderTableDescription(java.lang.String,net.thucydides.core.requirements.reports.RequirementsOutcomes)=[Ljava.lang.Class;@7fb04407, public net.thucydides.core.reports.html.ResultIconFormatter net.thucydides.core.reports.html.Formatter.resultIcon()=[Ljava.lang.Class;@71a9c9a7, public java.lang.String net.thucydides.core.reports.html.Formatter.renderHeaders(java.lang.String)=[Ljava.lang.Class;@17d53875, public java.lang.String net.thucydides.core.reports.html.Formatter.renderHtmlEscapedDescription(java.lang.String)=[Ljava.lang.Class;@40472f9b, public final native java.lang.Class java.lang.Object.getClass()=[Ljava.lang.Class;@3d2adbe8, public java.lang.String net.thucydides.core.reports.html.Formatter.humanReadableFormOf(java.lang.String)=[Ljava.lang.Class;@2f1c91b}, toString=public java.lang.String java.lang.Object.toString(), convertAnyTables=public java.lang.String net.thucydides.core.reports.html.Formatter.convertAnyTables(java.lang.String)}
2026-02-10 14:55:57 [pool-2-thread-1] DEBUG:: Key "depthIndicatorForLevel" was not found on instance of net.thucydides.core.reports.html.Formatter. Introspection information for the class is: {resultRank=public net.thucydides.core.reports.html.ResultRankingFormatter net.thucydides.core.reports.html.Formatter.resultRank(), renderMarkdown=public java.lang.String net.thucydides.core.reports.html.Formatter.renderMarkdown(java.lang.String), getClass=public final native java.lang.Class java.lang.Object.getClass(), addMarkdownLineBreaks=public static java.lang.String net.thucydides.core.reports.html.Formatter.addMarkdownLineBreaks(java.lang.String), addLineBreaks=public static java.lang.String net.thucydides.core.reports.html.Formatter.addLineBreaks(java.lang.String), htmlCompatibleStepDescription=public java.lang.String net.thucydides.core.reports.html.Formatter.htmlCompatibleStepDescription(java.lang.Object), renderDescriptionWithEmbeddedResults=public java.lang.String net.thucydides.core.reports.html.Formatter.renderDescriptionWithEmbeddedResults(java.lang.String,net.thucydides.core.requirements.reports.RequirementsOutcomes), renderDescription=public java.lang.String net.thucydides.core.reports.html.Formatter.renderDescription(java.lang.String), renderText=public java.lang.String net.thucydides.core.reports.html.Formatter.renderText(java.lang.String), plainHtmlCompatible=public java.lang.String net.thucydides.core.reports.html.Formatter.plainHtmlCompatible(java.lang.Object), restQuery=public java.lang.String net.thucydides.core.reports.html.Formatter.restQuery(java.lang.String), renderTableDescription=public java.lang.String net.thucydides.core.reports.html.Formatter.renderTableDescription(java.lang.String,net.thucydides.core.requirements.reports.RequirementsOutcomes), resultIcon=public net.thucydides.core.reports.html.ResultIconFormatter net.thucydides.core.reports.html.Formatter.resultIcon(), hashCode=public native int java.lang.Object.hashCode(), renderHeaders=public java.lang.String net.thucydides.core.reports.html.Formatter.renderHeaders(java.lang.String), renderHtmlEscapedDescription=public java.lang.String net.thucydides.core.reports.html.Formatter.renderHtmlEscapedDescription(java.lang.String), class=freemarker.ext.beans.FastPropertyDescriptor@756a1a4, humanReadableFormOf=public java.lang.String net.thucydides.core.reports.html.Formatter.humanReadableFormOf(java.lang.String), htmlCompatibleStoryTitle=public java.lang.String net.thucydides.core.reports.html.Formatter.htmlCompatibleStoryTitle(java.lang.Object), messageBody=public java.lang.String net.thucydides.core.reports.html.Formatter.messageBody(java.lang.String), truncatedHtmlCompatible=public java.lang.String net.thucydides.core.reports.html.Formatter.truncatedHtmlCompatible(java.lang.String,int), renderAsciidoc=public java.lang.String net.thucydides.core.reports.html.Formatter.renderAsciidoc(java.lang.String), htmlCompatible=public java.lang.String net.thucydides.core.reports.html.Formatter.htmlCompatible(java.lang.Object), htmlAttributeCompatible=freemarker.ext.beans.OverloadedMethods@2590f79, escapedXML=public java.lang.String net.thucydides.core.reports.html.Formatter.escapedXML(java.lang.String), java.lang.Object@7a707081=freemarker.ext.beans.OverloadedMethods@432e550b, htmlCompatibleTestTitle=public java.lang.String net.thucydides.core.reports.html.Formatter.htmlCompatibleTestTitle(java.lang.Object), equals=public boolean java.lang.Object.equals(java.lang.Object), formatWithFields=public java.lang.String net.thucydides.core.reports.html.Formatter.formatWithFields(java.lang.String), java.lang.Object@ce4ea9c={public java.lang.String java.lang.Object.toString()=[Ljava.lang.Class;@420a4bd7, public java.lang.String net.thucydides.core.reports.html.Formatter.htmlCompatibleStoryTitle(java.lang.Object)=[Ljava.lang.Class;@706389b3, public java.lang.String net.thucydides.core.reports.html.Formatter.messageBody(java.lang.String)=[Ljava.lang.Class;@3a0b7201, public java.lang.String net.thucydides.core.reports.html.Formatter.renderAsciidoc(java.lang.String)=[Ljava.lang.Class;@bbcee46, public java.lang.String net.thucydides.core.reports.html.Formatter.truncatedHtmlCompatible(java.lang.String,int)=[Ljava.lang.Class;@1b785815, public boolean java.lang.Object.equals(java.lang.Object)=[Ljava.lang.Class;@77ba64d8, public java.lang.String net.thucydides.core.reports.html.Formatter.htmlCompatible(java.lang.Object)=[Ljava.lang.Class;@16c09b54, public java.lang.String net.thucydides.core.reports.html.Formatter.escapedXML(java.lang.String)=[Ljava.lang.Class;@7a628914, public java.lang.String net.thucydides.core.reports.html.Formatter.htmlCompatibleTestTitle(java.lang.Object)=[Ljava.lang.Class;@2303cebd, public java.lang.String net.thucydides.core.reports.html.Formatter.formatWithFields(java.lang.String)=[Ljava.lang.Class;@7bbe2a1, public java.lang.String net.thucydides.core.reports.html.Formatter.convertAnyTables(java.lang.String)=[Ljava.lang.Class;@15b3d339, public net.thucydides.core.reports.html.ResultRankingFormatter net.thucydides.core.reports.html.Formatter.resultRank()=[Ljava.lang.Class;@7bf7c2b2, public java.lang.String net.thucydides.core.reports.html.Formatter.renderMarkdown(java.lang.String)=[Ljava.lang.Class;@463c8d57, public static java.lang.String net.thucydides.core.reports.html.Formatter.addMarkdownLineBreaks(java.lang.String)=[Ljava.lang.Class;@1ecac1db, public static java.lang.String net.thucydides.core.reports.html.Formatter.addLineBreaks(java.lang.String)=[Ljava.lang.Class;@15ebf320, public java.lang.String net.thucydides.core.reports.html.Formatter.htmlCompatibleStepDescription(java.lang.Object)=[Ljava.lang.Class;@504c417d, public java.lang.String net.thucydides.core.reports.html.Formatter.renderDescriptionWithEmbeddedResults(java.lang.String,net.thucydides.core.requirements.reports.RequirementsOutcomes)=[Ljava.lang.Class;@72b82816, public native int java.lang.Object.hashCode()=[Ljava.lang.Class;@3a34eb83, public java.lang.String net.thucydides.core.reports.html.Formatter.renderText(java.lang.String)=[Ljava.lang.Class;@700c7d16, public java.lang.String net.thucydides.core.reports.html.Formatter.plainHtmlCompatible(java.lang.Object)=[Ljava.lang.Class;@42798dc3, public java.lang.String net.thucydides.core.reports.html.Formatter.restQuery(java.lang.String)=[Ljava.lang.Class;@71b2f502, public java.lang.String net.thucydides.core.reports.html.Formatter.renderDescription(java.lang.String)=[Ljava.lang.Class;@6cc77044, public java.lang.String net.thucydides.core.reports.html.Formatter.renderTableDescription(java.lang.String,net.thucydides.core.requirements.reports.RequirementsOutcomes)=[Ljava.lang.Class;@7fb04407, public net.thucydides.core.reports.html.ResultIconFormatter net.thucydides.core.reports.html.Formatter.resultIcon()=[Ljava.lang.Class;@71a9c9a7, public java.lang.String net.thucydides.core.reports.html.Formatter.renderHeaders(java.lang.String)=[Ljava.lang.Class;@17d53875, public java.lang.String net.thucydides.core.reports.html.Formatter.renderHtmlEscapedDescription(java.lang.String)=[Ljava.lang.Class;@40472f9b, public final native java.lang.Class java.lang.Object.getClass()=[Ljava.lang.Class;@3d2adbe8, public java.lang.String net.thucydides.core.reports.html.Formatter.humanReadableFormOf(java.lang.String)=[Ljava.lang.Class;@2f1c91b}, toString=public java.lang.String java.lang.Object.toString(), convertAnyTables=public java.lang.String net.thucydides.core.reports.html.Formatter.convertAnyTables(java.lang.String)}
2026-02-10 14:55:57 [pool-2-thread-1] DEBUG:: Generated report 3024cca0956d533ffa37e472f7255364248fc6bad47a8d0df78b303582468974_screenshots.html in 431 ms
2026-02-10 14:55:57 [pool-2-thread-1] DEBUG:: GENERATING HTML REPORT FOR Compras Mi Claro App:Realizar la compra del paquete Navegacion Ilimitada 2 horas in 3024cca0956d533ffa37e472f7255364248fc6bad47a8d0df78b303582468974.html in directory D:\Auto\Cmax_CompraPaquetes\target\site\serenity  
2026-02-10 14:55:57 [pool-2-thread-1] DEBUG:: Generating report in 3024cca0956d533ffa37e472f7255364248fc6bad47a8d0df78b303582468974.html
2026-02-10 14:55:57 [pool-2-thread-1] DEBUG:: Couldn't find template in cache for "freemarker/default.ftl"("en_GB", Cp1252, parsed); will try to load it.
2026-02-10 14:55:57 [pool-2-thread-1] DEBUG:: TemplateLoader.findTemplateSource("freemarker/default_en_GB.ftl"): Not found
2026-02-10 14:55:57 [pool-2-thread-1] DEBUG:: TemplateLoader.findTemplateSource("freemarker/default_en.ftl"): Not found
2026-02-10 14:55:57 [pool-2-thread-1] DEBUG:: TemplateLoader.findTemplateSource("freemarker/default.ftl"): Found
2026-02-10 14:55:57 [pool-2-thread-1] DEBUG:: Loading template for "freemarker/default.ftl"("en_GB", Cp1252, parsed) from "jar:file:/C:/Users/EC3151U/.gradle/caches/modules-2/files-2.1/net.serenity-bdd/serenity-report-resources/2.0.71/fccc65639030c5e830b8f6a77254ad70b23b9fbe/serenity-report-resources-2.0.71.jar!/freemarker/default.ftl"
2026-02-10 14:55:57 [pool-2-thread-1] DEBUG:: "freemarker/libraries/favicon.ftl"("en_GB", Cp1252, parsed) cached copy not yet stale; using cached.
2026-02-10 14:55:57 [pool-2-thread-1] DEBUG:: "freemarker/libraries/common.ftl"("en_GB", Cp1252, parsed) cached copy not yet stale; using cached.
2026-02-10 14:55:57 [pool-2-thread-1] DEBUG:: "freemarker/libraries/font-awesome.ftl"("en_GB", Cp1252, parsed) cached copy not yet stale; using cached.
2026-02-10 14:55:57 [pool-2-thread-1] DEBUG:: "freemarker/libraries/jquery.ftl"("en_GB", Cp1252, parsed) cached copy not yet stale; using cached.
2026-02-10 14:55:57 [pool-2-thread-1] DEBUG:: "freemarker/libraries/chartist.ftl"("en_GB", Cp1252, parsed) cached copy not yet stale; using cached.
2026-02-10 14:55:57 [pool-2-thread-1] DEBUG:: "freemarker/libraries/treeview.ftl"("en_GB", Cp1252, parsed) cached copy not yet stale; using cached.
2026-02-10 14:55:57 [pool-2-thread-1] DEBUG:: "freemarker/libraries/datatables.ftl"("en_GB", Cp1252, parsed) cached copy not yet stale; using cached.
2026-02-10 14:55:57 [pool-2-thread-1] DEBUG:: "freemarker/libraries/css.ftl"("en_GB", Cp1252, parsed) cached copy not yet stale; using cached.
2026-02-10 14:55:57 [pool-2-thread-1] DEBUG:: Couldn't find template in cache for "freemarker/libraries/jquery-ui.ftl"("en_GB", Cp1252, parsed); will try to load it.
2026-02-10 14:55:57 [pool-2-thread-1] DEBUG:: TemplateLoader.findTemplateSource("freemarker/libraries/jquery-ui_en_GB.ftl"): Not found
2026-02-10 14:55:57 [pool-2-thread-1] DEBUG:: TemplateLoader.findTemplateSource("freemarker/libraries/jquery-ui_en.ftl"): Not found
2026-02-10 14:55:57 [pool-2-thread-1] DEBUG:: TemplateLoader.findTemplateSource("freemarker/libraries/jquery-ui.ftl"): Found
2026-02-10 14:55:57 [pool-2-thread-1] DEBUG:: Loading template for "freemarker/libraries/jquery-ui.ftl"("en_GB", Cp1252, parsed) from "jar:file:/C:/Users/EC3151U/.gradle/caches/modules-2/files-2.1/net.serenity-bdd/serenity-report-resources/2.0.71/fccc65639030c5e830b8f6a77254ad70b23b9fbe/serenity-report-resources-2.0.71.jar!/freemarker/libraries/jquery-ui.ftl"
2026-02-10 14:55:57 [pool-2-thread-1] DEBUG:: "freemarker/libraries/datatables.ftl"("en_GB", Cp1252, parsed) cached copy not yet stale; using cached.
2026-02-10 14:55:57 [pool-2-thread-1] DEBUG:: Couldn't find template in cache for "freemarker/libraries/imgpreview.ftl"("en_GB", Cp1252, parsed); will try to load it.
2026-02-10 14:55:57 [pool-2-thread-1] DEBUG:: TemplateLoader.findTemplateSource("freemarker/libraries/imgpreview_en_GB.ftl"): Not found
2026-02-10 14:55:57 [pool-2-thread-1] DEBUG:: TemplateLoader.findTemplateSource("freemarker/libraries/imgpreview_en.ftl"): Not found
2026-02-10 14:55:57 [pool-2-thread-1] DEBUG:: TemplateLoader.findTemplateSource("freemarker/libraries/imgpreview.ftl"): Found
2026-02-10 14:55:57 [pool-2-thread-1] DEBUG:: Loading template for "freemarker/libraries/imgpreview.ftl"("en_GB", Cp1252, parsed) from "jar:file:/C:/Users/EC3151U/.gradle/caches/modules-2/files-2.1/net.serenity-bdd/serenity-report-resources/2.0.71/fccc65639030c5e830b8f6a77254ad70b23b9fbe/serenity-report-resources-2.0.71.jar!/freemarker/libraries/imgpreview.ftl"
2026-02-10 14:55:57 [pool-2-thread-1] DEBUG:: Couldn't find template in cache for "freemarker/components/report-data.ftl"("en_GB", Cp1252, parsed); will try to load it.
2026-02-10 14:55:57 [pool-2-thread-1] DEBUG:: TemplateLoader.findTemplateSource("freemarker/components/report-data_en_GB.ftl"): Not found
2026-02-10 14:55:57 [pool-2-thread-1] DEBUG:: TemplateLoader.findTemplateSource("freemarker/components/report-data_en.ftl"): Not found
2026-02-10 14:55:57 [pool-2-thread-1] DEBUG:: TemplateLoader.findTemplateSource("freemarker/components/report-data.ftl"): Found
2026-02-10 14:55:57 [pool-2-thread-1] DEBUG:: Loading template for "freemarker/components/report-data.ftl"("en_GB", Cp1252, parsed) from "jar:file:/C:/Users/EC3151U/.gradle/caches/modules-2/files-2.1/net.serenity-bdd/serenity-report-resources/2.0.71/fccc65639030c5e830b8f6a77254ad70b23b9fbe/serenity-report-resources-2.0.71.jar!/freemarker/components/report-data.ftl"
2026-02-10 14:55:57 [pool-2-thread-1] DEBUG:: "freemarker/components/stacktrace.ftl"("en_GB", Cp1252, parsed) cached copy not yet stale; using cached.
2026-02-10 14:55:57 [pool-2-thread-1] DEBUG:: "freemarker/menu.ftl"("en_GB", Cp1252, parsed) cached copy not yet stale; using cached.
2026-02-10 14:56:03 [pool-2-thread-1] DEBUG:: Generated report 3024cca0956d533ffa37e472f7255364248fc6bad47a8d0df78b303582468974.html in 6158 ms
2026-02-10 14:56:03 [pool-2-thread-1] DEBUG:: Processing test outcome Compras Mi Claro App:Realizar la compra del paquete Navegacion Ilimitada 2 horas done
2026-02-10 14:56:03 [Test worker] DEBUG:: Shutting down executor service
2026-02-10 14:56:03 [Test worker] DEBUG:: Reports generated in: 6745 ms
2026-02-10 14:56:03 [Test worker] DEBUG:: Closing darkroom
2026-02-10 14:56:03 [Darkroom Processing Line] DEBUG:: Darkroom processing line shutting down

1 Scenarios (?[32m1 passed?[0m)
11 Steps (?[32m11 passed?[0m)
2m45,535s

]]></system-out>
  <system-err><![CDATA[ERROR StatusLogger Log4j2 could not find a logging implementation. Please add log4j-core to the classpath. Using SimpleLogger to log to the console...
Cleaning up unclosed ZipFile for archive D:\Auto\Cmax_CompraPaquetes\.\src\test\resources\data\UsersPROD.xlsx
Cleaning up unclosed ZipFile for archive D:\Auto\Cmax_CompraPaquetes\.\src\test\resources\data\UsersPROD.xlsx
Cleaning up unclosed ZipFile for archive D:\Auto\Cmax_CompraPaquetes\.\src\test\resources\data\UsersPROD.xlsx
Cleaning up unclosed ZipFile for archive D:\Auto\Cmax_CompraPaquetes\.\src\test\resources\data\UsersPROD.xlsx
Cleaning up unclosed ZipFile for archive D:\Auto\Cmax_CompraPaquetes\.\src\test\resources\data\UsersPROD.xlsx
Cleaning up unclosed ZipFile for archive D:\Auto\Cmax_CompraPaquetes\.\src\test\resources\data\UsersPROD.xlsx
Cleaning up unclosed ZipFile for archive D:\Auto\Cmax_CompraPaquetes\.\src\test\resources\data\UsersPROD.xlsx
Cleaning up unclosed ZipFile for archive D:\Auto\Cmax_CompraPaquetes\.\src\test\resources\data\UsersPROD.xlsx
Cleaning up unclosed ZipFile for archive D:\Auto\Cmax_CompraPaquetes\.\src\test\resources\data\UsersPROD.xlsx
Cleaning up unclosed ZipFile for archive D:\Auto\Cmax_CompraPaquetes\.\src\test\resources\data\UsersPROD.xlsx
Cleaning up unclosed ZipFile for archive D:\Auto\Cmax_CompraPaquetes\.\src\test\resources\data\UsersPROD.xlsx
Cleaning up unclosed ZipFile for archive D:\Auto\Cmax_CompraPaquetes\.\src\test\resources\data\UsersPROD.xlsx
Cleaning up unclosed ZipFile for archive D:\Auto\Cmax_CompraPaquetes\.\src\test\resources\data\UsersPROD.xlsx
Cleaning up unclosed ZipFile for archive D:\Auto\Cmax_CompraPaquetes\.\src\test\resources\data\UsersPROD.xlsx
Cleaning up unclosed ZipFile for archive D:\Auto\Cmax_CompraPaquetes\.\src\test\resources\data\UsersPROD.xlsx
Cleaning up unclosed ZipFile for archive D:\Auto\Cmax_CompraPaquetes\.\src\test\resources\data\UsersPROD.xlsx
Cleaning up unclosed ZipFile for archive D:\Auto\Cmax_CompraPaquetes\.\src\test\resources\data\UsersPROD.xlsx
Cleaning up unclosed ZipFile for archive D:\Auto\Cmax_CompraPaquetes\.\src\test\resources\data\UsersPROD.xlsx
Cleaning up unclosed ZipFile for archive D:\Auto\Cmax_CompraPaquetes\.\src\test\resources\data\UsersPROD.xlsx
Cleaning up unclosed ZipFile for archive D:\Auto\Cmax_CompraPaquetes\.\src\test\resources\data\UsersPROD.xlsx
Cleaning up unclosed ZipFile for archive D:\Auto\Cmax_CompraPaquetes\.\src\test\resources\data\UsersPROD.xlsx
Cleaning up unclosed ZipFile for archive D:\Auto\Cmax_CompraPaquetes\.\src\test\resources\data\UsersPROD.xlsx
Cleaning up unclosed ZipFile for archive D:\Auto\Cmax_CompraPaquetes\.\src\test\resources\data\UsersPROD.xlsx
Cleaning up unclosed ZipFile for archive D:\Auto\Cmax_CompraPaquetes\.\src\test\resources\data\UsersPROD.xlsx
Cleaning up unclosed ZipFile for archive D:\Auto\Cmax_CompraPaquetes\.\src\test\resources\data\UsersPROD.xlsx
Cleaning up unclosed ZipFile for archive D:\Auto\Cmax_CompraPaquetes\.\src\test\resources\data\UsersPROD.xlsx
Cleaning up unclosed ZipFile for archive D:\Auto\Cmax_CompraPaquetes\.\src\test\resources\data\UsersPROD.xlsx
Cleaning up unclosed ZipFile for archive D:\Auto\Cmax_CompraPaquetes\.\src\test\resources\data\UsersPROD.xlsx
Cleaning up unclosed ZipFile for archive D:\Auto\Cmax_CompraPaquetes\.\src\test\resources\data\UsersPROD.xlsx
Cleaning up unclosed ZipFile for archive D:\Auto\Cmax_CompraPaquetes\.\src\test\resources\data\UsersPROD.xlsx
Cleaning up unclosed ZipFile for archive D:\Auto\Cmax_CompraPaquetes\.\src\test\resources\data\UsersPROD.xlsx
]]></system-err>
</testsuite>
