<?xml version="1.0" encoding="UTF-8"?>
<testsuite name="Se requiere tomar evidencias de las consultas realizadas en CMAX" tests="1" skipped="0" failures="1" errors="0" timestamp="2025-12-05T20:56:43" hostname="AU3PH5CG141BG50" time="207.069">
  <properties/>
  <testcase name="Consulta inicial del estado de la linea en CMAX" classname="Se requiere tomar evidencias de las consultas realizadas en CMAX" time="207.069">
    <failure message="java.lang.RuntimeException: Ninguno de los textos esperados fue encontrado en el tiempo dado." type="java.lang.RuntimeException">java.lang.RuntimeException: Ninguno de los textos esperados fue encontrado en el tiempo dado.
	at interactions.WaitForResponse.performAs(WaitForResponse.java:48)
	at net.serenitybdd.screenplay.Actor.performTask(Actor.java:233)
	at net.serenitybdd.screenplay.Actor.perform(Actor.java:214)
	at net.serenitybdd.screenplay.Actor.performWithoutReporting(Actor.java:198)
	at net.serenitybdd.screenplay.Actor.attemptsTo(Actor.java:169)
	at tasks.WhatsApp.IniciarChatClaro.performAs(IniciarChatClaro.java:25)
	at tasks.WhatsApp.IniciarChatClaro$$EnhancerByCGLIB$$693d574e.CGLIB$performAs$0(&lt;generated&gt;)
	at tasks.WhatsApp.IniciarChatClaro$$EnhancerByCGLIB$$693d574e$$FastClassByCGLIB$$2532f1af.invoke(&lt;generated&gt;)
	at net.sf.cglib.proxy.MethodProxy.invokeSuper(MethodProxy.java:228)
	at net.thucydides.core.steps.StepInterceptor.invokeMethod(StepInterceptor.java:460)
	at net.thucydides.core.steps.StepInterceptor.executeTestStepMethod(StepInterceptor.java:445)
	at net.thucydides.core.steps.StepInterceptor.runTestStep(StepInterceptor.java:420)
	at net.thucydides.core.steps.StepInterceptor.runOrSkipMethod(StepInterceptor.java:175)
	at net.thucydides.core.steps.StepInterceptor.testStepResult(StepInterceptor.java:162)
	at net.thucydides.core.steps.StepInterceptor.intercept(StepInterceptor.java:68)
	at tasks.WhatsApp.IniciarChatClaro$$EnhancerByCGLIB$$693d574e.performAs(&lt;generated&gt;)
	at net.serenitybdd.screenplay.Actor.performTask(Actor.java:233)
	at net.serenitybdd.screenplay.Actor.perform(Actor.java:214)
	at net.serenitybdd.screenplay.Actor.attemptsTo(Actor.java:171)
	at stepDefinitions.CompraPaquetesWhatsAppDefinitions.iniciarChatClaro(CompraPaquetesWhatsAppDefinitions.java:77)
	at ✽.Iniciar el chat con Claro Colombia(src/test/resources/features/pruebas.feature:42)
</failure>
  </testcase>
  <system-out><![CDATA[2025-12-05 15:56:43 [Test worker] INFO :: Limpiando carpeta de capturas...
2025-12-05 15:56:43 [Test worker] INFO :: Limpiando carpeta de capturas...
2025-12-05 15:56:43 [Test worker] INFO :: Limpiando carpeta de capturas...
2025-12-05 15:56:44 [Test worker] DEBUG:: STARTING STEP: CMAXDefinitions.seIngresaALaURLDeCMAX - {0} opens the #url
2025-12-05 15:56:45 [Test worker] INFO :: Instantiating driver
2025-12-05 15:56:45 [Test worker] INFO :: Driver capabilities: Capabilities {acceptInsecureCerts: false, browserName: chrome, chrome.switches: --start-maximized, --disabl..., goog:chromeOptions: {args: [--start-maximized, --disable-popup-blocking, --disk-cache-dir=null, --ignore-certificate-errors, --disable-download-notifica..., --enable-automation, --test-type], extensions: []}, loggingPrefs: org.openqa.selenium.logging..., platform: ANY, version: }
2025-12-05 15:56:51 [Test worker] DEBUG:: Opening darkroom
2025-12-05 15:56:51 [Darkroom Processing Line] DEBUG:: Darkroom processing line starting up
2025-12-05 15:56:51 [Test worker] DEBUG:: Send negative for processing for D:\Auto\Cmax_CompraPaquetes\target\site\serenity\7c82ec2f947af0a3bdd80d19f7e0e54b0f0d130fe14c0aee1acad64b6d032a9c.png
2025-12-05 15:56:51 [Darkroom Processing Line] DEBUG:: Processing screenshot image in /var/screenshots/screenshot-2769003951744909030
2025-12-05 15:56:51 [Test worker] DEBUG:: STEP DONE: {0} opens the #url
2025-12-05 15:56:51 [Test worker] DEBUG:: STARTING STEP: CMAXDefinitions.seIngresaElUsuarioYLaContrasena - performAs
2025-12-05 15:56:51 [Test worker] DEBUG:: Send negative for processing for D:\Auto\Cmax_CompraPaquetes\target\site\serenity\7c82ec2f947af0a3bdd80d19f7e0e54b0f0d130fe14c0aee1acad64b6d032a9c.png
2025-12-05 15:56:51 [Darkroom Processing Line] DEBUG:: Saving screenshot to D:\Auto\Cmax_CompraPaquetes\target\site\serenity\7c82ec2f947af0a3bdd80d19f7e0e54b0f0d130fe14c0aee1acad64b6d032a9c.png
2025-12-05 15:56:51 [Test worker] DEBUG:: STARTING STEP: RealizarIngreso.performAs - {0} enters #theTextAsAString into #target
2025-12-05 15:56:51 [Test worker] DEBUG:: default content already selected for Caja de texto para ingresar el nombre del usuario
2025-12-05 15:56:52 [Test worker] DEBUG:: Send negative for processing for D:\Auto\Cmax_CompraPaquetes\target\site\serenity\daf24d87d58d6e2fc04018bee241791e1cb296a147ad9739c170827292a95a55.png
2025-12-05 15:56:52 [Darkroom Processing Line] DEBUG:: Processing screenshot image in /var/screenshots/screenshot-2745602877593968718
2025-12-05 15:56:52 [Darkroom Processing Line] DEBUG:: Saving screenshot to D:\Auto\Cmax_CompraPaquetes\target\site\serenity\daf24d87d58d6e2fc04018bee241791e1cb296a147ad9739c170827292a95a55.png
2025-12-05 15:56:52 [Test worker] DEBUG:: Send negative for processing for D:\Auto\Cmax_CompraPaquetes\target\site\serenity\daf24d87d58d6e2fc04018bee241791e1cb296a147ad9739c170827292a95a55.png
2025-12-05 15:56:52 [Test worker] DEBUG:: STEP DONE: {0} enters #theTextAsAString into #target
2025-12-05 15:56:52 [Test worker] DEBUG:: STARTING STEP: RealizarIngreso.performAs - {0} enters #theTextAsAString into #target
2025-12-05 15:56:52 [Test worker] DEBUG:: default content already selected for Caja de texto para ingresar la contraseña del usuario
2025-12-05 15:56:52 [Test worker] DEBUG:: Send negative for processing for D:\Auto\Cmax_CompraPaquetes\target\site\serenity\ea62bd38b0835a69ebd652dbc2e787a1202a1812df57702a23915189608257c3.png
2025-12-05 15:56:52 [Darkroom Processing Line] DEBUG:: Processing screenshot image in /var/screenshots/screenshot-13427782095717683507
2025-12-05 15:56:52 [Test worker] DEBUG:: STEP DONE: {0} enters #theTextAsAString into #target
2025-12-05 15:56:52 [Test worker] DEBUG:: STARTING STEP: RealizarIngreso.performAs - {0} clicks on #target
2025-12-05 15:56:52 [Test worker] DEBUG:: default content already selected for Boton de OK
2025-12-05 15:56:52 [Darkroom Processing Line] DEBUG:: Saving screenshot to D:\Auto\Cmax_CompraPaquetes\target\site\serenity\ea62bd38b0835a69ebd652dbc2e787a1202a1812df57702a23915189608257c3.png
2025-12-05 15:57:01 [Test worker] DEBUG:: Send negative for processing for D:\Auto\Cmax_CompraPaquetes\target\site\serenity\58846c1000a059ca5cf9e7cac1e1113c81f6163841b622f50b6ba3297cdbe709.png
2025-12-05 15:57:01 [Darkroom Processing Line] DEBUG:: Processing screenshot image in /var/screenshots/screenshot-5488110251895102346
2025-12-05 15:57:01 [Test worker] DEBUG:: STEP DONE: {0} clicks on #target
2025-12-05 15:57:01 [Test worker] DEBUG:: STARTING STEP: RealizarIngreso.performAs - {0}
2025-12-05 15:57:01 [Darkroom Processing Line] DEBUG:: Saving screenshot to D:\Auto\Cmax_CompraPaquetes\target\site\serenity\58846c1000a059ca5cf9e7cac1e1113c81f6163841b622f50b6ba3297cdbe709.png
2025-12-05 15:57:02 [Test worker] DEBUG:: Send negative for processing for D:\Auto\Cmax_CompraPaquetes\target\site\serenity\58846c1000a059ca5cf9e7cac1e1113c81f6163841b622f50b6ba3297cdbe709.png
2025-12-05 15:57:02 [Test worker] DEBUG:: STEP DONE: {0}
2025-12-05 15:57:02 [Test worker] DEBUG:: STEP DONE: performAs
2025-12-05 15:57:02 [Test worker] DEBUG:: STARTING STEP: CMAXDefinitions.seIngresaElNumeroDeLaLineaAConsultarConsultaInicial - performAs
2025-12-05 15:57:02 [Test worker] DEBUG:: STARTING STEP: IngresarNumeroConsultaInicial.performAs - {0} clicks on #target
2025-12-05 15:57:02 [Test worker] DEBUG:: default content already selected for Boton de clientes
2025-12-05 15:57:02 [Test worker] DEBUG:: Send negative for processing for D:\Auto\Cmax_CompraPaquetes\target\site\serenity\5cb5cd733ffaa7d98950776cceb12aa505da7089e2a2282b96217050cea98957.png
2025-12-05 15:57:02 [Darkroom Processing Line] DEBUG:: Processing screenshot image in /var/screenshots/screenshot-6723372034435295496
2025-12-05 15:57:02 [Test worker] DEBUG:: STEP DONE: {0} clicks on #target
2025-12-05 15:57:02 [Test worker] DEBUG:: STARTING STEP: IngresarNumeroConsultaInicial.performAs - {0} clicks on #target
2025-12-05 15:57:02 [Test worker] DEBUG:: default content already selected for Boton de buscar a clientes
2025-12-05 15:57:02 [Darkroom Processing Line] DEBUG:: Saving screenshot to D:\Auto\Cmax_CompraPaquetes\target\site\serenity\5cb5cd733ffaa7d98950776cceb12aa505da7089e2a2282b96217050cea98957.png
2025-12-05 15:57:12 [Test worker] DEBUG:: Send negative for processing for D:\Auto\Cmax_CompraPaquetes\target\site\serenity\9b086fdb71bbf1b2df54229464b24d74d74d1141d3cb0e59ca9ec4b34ee8c82f.png
2025-12-05 15:57:12 [Darkroom Processing Line] DEBUG:: Processing screenshot image in /var/screenshots/screenshot-12828507528234819494
2025-12-05 15:57:12 [Test worker] DEBUG:: STEP DONE: {0} clicks on #target
2025-12-05 15:57:12 [Test worker] DEBUG:: STARTING STEP: IngresarNumeroConsultaInicial.performAs - {0} enters #theTextAsAString into #target
2025-12-05 15:57:12 [Test worker] DEBUG:: default content already selected for Caja de texto para ingresar numero
2025-12-05 15:57:12 [Darkroom Processing Line] DEBUG:: Saving screenshot to D:\Auto\Cmax_CompraPaquetes\target\site\serenity\9b086fdb71bbf1b2df54229464b24d74d74d1141d3cb0e59ca9ec4b34ee8c82f.png
2025-12-05 15:57:13 [Test worker] DEBUG:: Send negative for processing for D:\Auto\Cmax_CompraPaquetes\target\site\serenity\7ad8c0b31f2915868de2871e8cd225e3786a7be5fe0d91523bf3ae88bf152425.png
2025-12-05 15:57:13 [Darkroom Processing Line] DEBUG:: Processing screenshot image in /var/screenshots/screenshot-14045565119535947980
2025-12-05 15:57:13 [Test worker] DEBUG:: STEP DONE: {0} enters #theTextAsAString into #target
2025-12-05 15:57:13 [Test worker] DEBUG:: STARTING STEP: IngresarNumeroConsultaInicial.performAs - {0} clicks on #target
2025-12-05 15:57:13 [Test worker] DEBUG:: default content already selected for Boton buscar
2025-12-05 15:57:13 [Darkroom Processing Line] DEBUG:: Saving screenshot to D:\Auto\Cmax_CompraPaquetes\target\site\serenity\7ad8c0b31f2915868de2871e8cd225e3786a7be5fe0d91523bf3ae88bf152425.png
2025-12-05 15:57:13 [Test worker] DEBUG:: Send negative for processing for D:\Auto\Cmax_CompraPaquetes\target\site\serenity\86fb5251c1dad672c15d6d54f59d4eda810d89e9cac29a12c74b1599a4d95bba.png
2025-12-05 15:57:13 [Darkroom Processing Line] DEBUG:: Processing screenshot image in /var/screenshots/screenshot-6096374112804135670
2025-12-05 15:57:13 [Test worker] DEBUG:: STEP DONE: {0} clicks on #target
2025-12-05 15:57:13 [Test worker] DEBUG:: STARTING STEP: IngresarNumeroConsultaInicial.performAs - {0}
2025-12-05 15:57:13 [Darkroom Processing Line] DEBUG:: Saving screenshot to D:\Auto\Cmax_CompraPaquetes\target\site\serenity\86fb5251c1dad672c15d6d54f59d4eda810d89e9cac29a12c74b1599a4d95bba.png
2025-12-05 15:57:14 [Test worker] DEBUG:: Send negative for processing for D:\Auto\Cmax_CompraPaquetes\target\site\serenity\d2582a26e0468b6c142d20f191511d4e67aae1ac178428a44e00267e53ef60d4.png
2025-12-05 15:57:14 [Test worker] DEBUG:: STEP DONE: {0}
2025-12-05 15:57:14 [Darkroom Processing Line] DEBUG:: Processing screenshot image in /var/screenshots/screenshot-669015032885248687
2025-12-05 15:57:14 [Test worker] DEBUG:: STARTING STEP: IngresarNumeroConsultaInicial.performAs - {0} clicks on #target
2025-12-05 15:57:14 [Test worker] DEBUG:: default content already selected for Texto de la linea consultada
2025-12-05 15:57:14 [Darkroom Processing Line] DEBUG:: Saving screenshot to D:\Auto\Cmax_CompraPaquetes\target\site\serenity\d2582a26e0468b6c142d20f191511d4e67aae1ac178428a44e00267e53ef60d4.png
2025-12-05 15:57:22 [Test worker] DEBUG:: Send negative for processing for D:\Auto\Cmax_CompraPaquetes\target\site\serenity\380dce92d90f0a090c9b099220414c81bb709c08577e17105bc8bd7980dd13e6.png
2025-12-05 15:57:22 [Darkroom Processing Line] DEBUG:: Processing screenshot image in /var/screenshots/screenshot-16551102560954822539
2025-12-05 15:57:22 [Test worker] DEBUG:: STEP DONE: {0} clicks on #target
2025-12-05 15:57:22 [Darkroom Processing Line] DEBUG:: Saving screenshot to D:\Auto\Cmax_CompraPaquetes\target\site\serenity\380dce92d90f0a090c9b099220414c81bb709c08577e17105bc8bd7980dd13e6.png
2025-12-05 15:57:22 [Test worker] DEBUG:: Send negative for processing for D:\Auto\Cmax_CompraPaquetes\target\site\serenity\95eeeed1f493c18188d25c6f4e82a3c0d6ad4bdfc109c2263e00aa05a25fb901.png
2025-12-05 15:57:22 [Darkroom Processing Line] DEBUG:: Processing screenshot image in /var/screenshots/screenshot-8232438670896011887
2025-12-05 15:57:22 [Test worker] DEBUG:: STARTING STEP: ValidateInformationText.answeredBy - performAs
2025-12-05 15:57:22 [Test worker] DEBUG:: default content already selected for Texto de la linea consultada
2025-12-05 15:57:22 [Darkroom Processing Line] DEBUG:: Saving screenshot to D:\Auto\Cmax_CompraPaquetes\target\site\serenity\95eeeed1f493c18188d25c6f4e82a3c0d6ad4bdfc109c2263e00aa05a25fb901.png
2025-12-05 15:57:22 [Test worker] DEBUG:: Send negative for processing for D:\Auto\Cmax_CompraPaquetes\target\site\serenity\95eeeed1f493c18188d25c6f4e82a3c0d6ad4bdfc109c2263e00aa05a25fb901.png
2025-12-05 15:57:22 [Test worker] DEBUG:: STEP DONE: performAs
2025-12-05 15:57:22 [Test worker] DEBUG:: default content already selected for Texto de la linea consultada
2025-12-05 15:57:22 [Test worker] DEBUG:: Send negative for processing for D:\Auto\Cmax_CompraPaquetes\target\site\serenity\0f8cca490ccb52ad65ba768b4d83f171f49177407e05e8d1f645ddfff15c0432.png
2025-12-05 15:57:22 [Test worker] DEBUG:: STARTING STEP: IngresarNumeroConsultaInicial.performAs - {0}
2025-12-05 15:57:22 [Darkroom Processing Line] DEBUG:: Processing screenshot image in /var/screenshots/screenshot-14753883445046713904
2025-12-05 15:57:22 [Darkroom Processing Line] DEBUG:: Saving screenshot to D:\Auto\Cmax_CompraPaquetes\target\site\serenity\0f8cca490ccb52ad65ba768b4d83f171f49177407e05e8d1f645ddfff15c0432.png
2025-12-05 15:57:23 [Test worker] DEBUG:: Send negative for processing for D:\Auto\Cmax_CompraPaquetes\target\site\serenity\0f8cca490ccb52ad65ba768b4d83f171f49177407e05e8d1f645ddfff15c0432.png
2025-12-05 15:57:23 [Test worker] DEBUG:: STEP DONE: {0}
2025-12-05 15:57:24 [Test worker] DEBUG:: Send negative for processing for D:\Auto\Cmax_CompraPaquetes\target\site\serenity\95eeeed1f493c18188d25c6f4e82a3c0d6ad4bdfc109c2263e00aa05a25fb901.png
2025-12-05 15:57:24 [Test worker] DEBUG:: STEP DONE: performAs
2025-12-05 15:57:24 [Test worker] DEBUG:: LOADING LOCAL PROPERTIES FROM D:\Auto\Cmax_CompraPaquetes\serenity.properties 
2025-12-05 15:57:24 [Test worker] DEBUG:: LOADING LOCAL PROPERTIES FROM D:\Auto\Cmax_CompraPaquetes\serenity.properties 
2025-12-05 15:57:24 [Test worker] DEBUG:: LOADING LOCAL PROPERTIES FROM D:\Auto\Cmax_CompraPaquetes\serenity.properties 
2025-12-05 15:57:24 [Test worker] DEBUG:: appium.platformName=Android
2025-12-05 15:57:24 [Test worker] DEBUG:: serenity.resized.image.width=600
2025-12-05 15:57:24 [Test worker] DEBUG:: appium.automationName=UiAutomator2
2025-12-05 15:57:24 [Test worker] DEBUG:: appium.hub=http://127.0.0.1:4723/wd/hub
2025-12-05 15:57:24 [Test worker] DEBUG:: appium.resetKeyboard=true
2025-12-05 15:57:24 [Test worker] DEBUG:: serenity.browser.maximized=true
2025-12-05 15:57:24 [Test worker] DEBUG:: webdriver.wait.for.timeout=5000
2025-12-05 15:57:24 [Test worker] DEBUG:: appium.reset=false
2025-12-05 15:57:24 [Test worker] DEBUG:: serenity.project.name=Cmax_CompraPaquetes
2025-12-05 15:57:24 [Test worker] DEBUG:: serenity.reports.show.step.details=false
2025-12-05 15:57:24 [Test worker] DEBUG:: webdriver.driver=chrome
2025-12-05 15:57:24 [Test worker] DEBUG:: serenity.report.encoding=utf8
2025-12-05 15:57:24 [Test worker] DEBUG:: appium.captureScreenshots=true
2025-12-05 15:57:24 [Test worker] DEBUG:: serenity.store.html.source=false
2025-12-05 15:57:24 [Test worker] DEBUG:: appium.unicodeKeyboard=true
2025-12-05 15:57:24 [Test worker] DEBUG:: appium.deviceOrientation=portrait
2025-12-05 15:57:24 [Test worker] DEBUG:: appium.fullReset=false
2025-12-05 15:57:24 [Test worker] DEBUG:: serenity.compress.screenshots=true
2025-12-05 15:57:24 [Test worker] DEBUG:: appium.autoGrantPermissions=true
2025-12-05 15:57:24 [Test worker] DEBUG:: webdriver.base.url=http://172.24.4.168/custcare_cmax/login.au
2025-12-05 15:57:24 [Test worker] DEBUG:: feature.file.encoding=utf8
2025-12-05 15:57:24 [Test worker] DEBUG:: appium.appWaitDuration=15000
2025-12-05 15:57:24 [Test worker] DEBUG:: serenity.timeout=8000
2025-12-05 15:57:24 [Test worker] DEBUG:: serenity.take.screenshots=FOR_EACH_ACTION
2025-12-05 15:57:24 [Test worker] DEBUG:: chrome.switches=--start-maximized, --disable-popup-blocking, --disk-cache-dir=null, --ignore-certificate-errors, --disable-download-notification
2025-12-05 15:57:24 [Test worker] DEBUG:: appium.autoDismissAlerts=true
2025-12-05 15:57:24 [Test worker] DEBUG:: url_prueba=http://172.24.4.168/custcare_cmax/login.au
2025-12-05 15:57:24 [Test worker] DEBUG:: appium.newCommandTimeout=8000
2025-12-05 15:57:24 [Test worker] DEBUG:: appium.appiumVersion=1.22.3
2025-12-05 15:57:24 [Test worker] DEBUG:: appium.chromedriverExecutable=src/test/resources/webdriver/windows/chromedriver.exe
2025-12-05 15:57:24 [Test worker] DEBUG:: appium.nativeWebScreenshot=true
2025-12-05 15:57:24 [Test worker] DEBUG:: appium.orientation=PORTRAIT
2025-12-05 15:57:24 [Test worker] DEBUG:: serenity.console.colors=true
2025-12-05 15:57:24 [Test worker] DEBUG:: webdriver.appium.driver=src/test/resources/webdriver/windows/chromedriver.exe
2025-12-05 15:57:24 [Test worker] DEBUG:: webdriver.timeouts.implicitlywait=3000
2025-12-05 15:57:24 [Test worker] DEBUG:: webdriver.provided.mydriver=utils.MyDriver
2025-12-05 15:57:24 [Test worker] DEBUG:: appium.noReset=true
2025-12-05 15:57:24 [Test worker] DEBUG:: appium.sessionName=Cmax_CompraPaquetes
2025-12-05 15:57:24 [Test worker] DEBUG:: feature.file.language=es
2025-12-05 15:57:24 [Test worker] DEBUG:: drivers.windows.webdriver.chrome.driver=src/test/resources/webdriver/windows/chromedriver.exe
2025-12-05 15:57:24 [Test worker] DEBUG:: appium.appPackage=com.clarocolombia.miclaro 
2025-12-05 15:57:24 [Test worker] DEBUG:: appium.app=D:\Auto\Cmax_CompraPaquetes/src/test/resources/app/mi-claro.apk 
2025-12-05 15:57:24 [Test worker] DEBUG:: appium.appActivity=com.claro.superapp.SplashActivity 
2025-12-05 15:57:24 [Test worker] DEBUG:: STARTING STEP: CMAXDefinitions.cambiaAlContextoMovil - performAs
? Cambio exitoso a: com.whatsapp
2025-12-05 15:57:34 [Test worker] DEBUG:: STEP DONE: performAs
2025-12-05 15:57:34 [Test worker] DEBUG:: Send negative for processing for D:\Auto\Cmax_CompraPaquetes\target\site\serenity\05492dbecd2b30f2176d5a1a003bb9ab68d235535738143268c023acf080aaac.png
2025-12-05 15:57:34 [Darkroom Processing Line] DEBUG:: Processing screenshot image in /var/screenshots/screenshot-667124906119284296
2025-12-05 15:57:34 [Test worker] DEBUG:: default content already selected for Texto de WhatsApp
2025-12-05 15:57:34 [Darkroom Processing Line] DEBUG:: Saving screenshot to D:\Auto\Cmax_CompraPaquetes\target\site\serenity\05492dbecd2b30f2176d5a1a003bb9ab68d235535738143268c023acf080aaac.png
2025-12-05 15:57:36 [Test worker] DEBUG:: Send negative for processing for D:\Auto\Cmax_CompraPaquetes\target\site\serenity\ae9e92ca9aa59b6779a99a5e17249b0db36473ee0458836e9b0f51230815cbca.png
2025-12-05 15:57:36 [Darkroom Processing Line] DEBUG:: Processing screenshot image in /var/screenshots/screenshot-9729918781186563432
2025-12-05 15:57:36 [Test worker] DEBUG:: STARTING STEP: CompraPaquetesWhatsAppDefinitions.validarVersionApp - performAs
2025-12-05 15:57:36 [Test worker] DEBUG:: STARTING STEP: ValidarVersionApp.performAs - {0} clicks on #target
2025-12-05 15:57:36 [Test worker] DEBUG:: default content already selected for Boton Más opciones WhatsApp
2025-12-05 15:57:36 [Darkroom Processing Line] DEBUG:: Saving screenshot to D:\Auto\Cmax_CompraPaquetes\target\site\serenity\ae9e92ca9aa59b6779a99a5e17249b0db36473ee0458836e9b0f51230815cbca.png
2025-12-05 15:57:37 [Test worker] DEBUG:: Send negative for processing for D:\Auto\Cmax_CompraPaquetes\target\site\serenity\f5f57621cfc8f960b4dd54a9aaf2e7b3a1599bbe2b93283e25ec195cd5525abf.png
2025-12-05 15:57:37 [Darkroom Processing Line] DEBUG:: Processing screenshot image in /var/screenshots/screenshot-17704557894154265979
2025-12-05 15:57:37 [Test worker] DEBUG:: STEP DONE: {0} clicks on #target
2025-12-05 15:57:37 [Test worker] DEBUG:: STARTING STEP: ValidarVersionApp.performAs - {0} clicks on #target
2025-12-05 15:57:37 [Test worker] DEBUG:: default content already selected for Boton Ajustes
2025-12-05 15:57:37 [Darkroom Processing Line] DEBUG:: Saving screenshot to D:\Auto\Cmax_CompraPaquetes\target\site\serenity\f5f57621cfc8f960b4dd54a9aaf2e7b3a1599bbe2b93283e25ec195cd5525abf.png
2025-12-05 15:57:39 [Test worker] DEBUG:: Send negative for processing for D:\Auto\Cmax_CompraPaquetes\target\site\serenity\557d4e46651d4a4de9beabd1738f701e9d7a6bd40aed0d4d2310896808d39dcb.png
2025-12-05 15:57:39 [Darkroom Processing Line] DEBUG:: Processing screenshot image in /var/screenshots/screenshot-8204075100438998715
2025-12-05 15:57:39 [Test worker] DEBUG:: STEP DONE: {0} clicks on #target
2025-12-05 15:57:39 [Test worker] DEBUG:: STARTING STEP: ValidarVersionApp.performAs - Realiza scroll vertical en busca del texto '#labelText' y de la click.
2025-12-05 15:57:39 [Darkroom Processing Line] DEBUG:: Saving screenshot to D:\Auto\Cmax_CompraPaquetes\target\site\serenity\557d4e46651d4a4de9beabd1738f701e9d7a6bd40aed0d4d2310896808d39dcb.png
2025-12-05 15:57:43 [Test worker] DEBUG:: Send negative for processing for D:\Auto\Cmax_CompraPaquetes\target\site\serenity\40144b6d8f6e05cd36c6fa479c6dee4e8c267117c7716a2999931ce3e148bc7e.png
2025-12-05 15:57:43 [Test worker] DEBUG:: STEP DONE: Realiza scroll vertical en busca del texto '#labelText' y de la click.
2025-12-05 15:57:43 [Darkroom Processing Line] DEBUG:: Processing screenshot image in /var/screenshots/screenshot-11145589472506510053
2025-12-05 15:57:43 [Test worker] DEBUG:: STARTING STEP: ValidarVersionApp.performAs - Valida que el texto '#text' este contenido en otro texto visible.
2025-12-05 15:57:43 [Darkroom Processing Line] DEBUG:: Saving screenshot to D:\Auto\Cmax_CompraPaquetes\target\site\serenity\40144b6d8f6e05cd36c6fa479c6dee4e8c267117c7716a2999931ce3e148bc7e.png
2025-12-05 15:57:44 [Test worker] DEBUG:: Send negative for processing for D:\Auto\Cmax_CompraPaquetes\target\site\serenity\a938401f1e13426614a8f5e681a93b30092d9f45b5ab75116a5b5f11d8d99906.png
2025-12-05 15:57:44 [Test worker] DEBUG:: STEP DONE: Valida que el texto '#text' este contenido en otro texto visible.
2025-12-05 15:57:44 [Darkroom Processing Line] DEBUG:: Processing screenshot image in /var/screenshots/screenshot-3671718297121582753
2025-12-05 15:57:45 [Darkroom Processing Line] DEBUG:: Saving screenshot to D:\Auto\Cmax_CompraPaquetes\target\site\serenity\a938401f1e13426614a8f5e681a93b30092d9f45b5ab75116a5b5f11d8d99906.png
2025-12-05 15:57:46 [Test worker] DEBUG:: Send negative for processing for D:\Auto\Cmax_CompraPaquetes\target\site\serenity\3a41d2e331d3464a5a434392d97fc88bb79a689de05507515a1c5fe89f99deb5.png
2025-12-05 15:57:46 [Test worker] DEBUG:: STARTING STEP: ValidarVersionApp.performAs - Valida que el texto '#text' este contenido en otro texto visible.
2025-12-05 15:57:46 [Darkroom Processing Line] DEBUG:: Processing screenshot image in /var/screenshots/screenshot-8513050185572412701
2025-12-05 15:57:47 [Darkroom Processing Line] DEBUG:: Saving screenshot to D:\Auto\Cmax_CompraPaquetes\target\site\serenity\3a41d2e331d3464a5a434392d97fc88bb79a689de05507515a1c5fe89f99deb5.png
2025-12-05 15:57:47 [Test worker] DEBUG:: Send negative for processing for D:\Auto\Cmax_CompraPaquetes\target\site\serenity\3a41d2e331d3464a5a434392d97fc88bb79a689de05507515a1c5fe89f99deb5.png
2025-12-05 15:57:47 [Test worker] DEBUG:: STEP DONE: Valida que el texto '#text' este contenido en otro texto visible.
2025-12-05 15:57:47 [Test worker] DEBUG:: STARTING STEP: ValidarVersionApp.performAs - Valida que el texto '#text' este contenido en otro texto visible.
2025-12-05 15:57:48 [Test worker] DEBUG:: Send negative for processing for D:\Auto\Cmax_CompraPaquetes\target\site\serenity\3a41d2e331d3464a5a434392d97fc88bb79a689de05507515a1c5fe89f99deb5.png
2025-12-05 15:57:48 [Test worker] DEBUG:: STEP DONE: Valida que el texto '#text' este contenido en otro texto visible.
2025-12-05 15:57:48 [Test worker] DEBUG:: STARTING STEP: ValidarVersionApp.performAs - Valida que el texto '#text' este contenido en otro texto visible.
2025-12-05 15:57:49 [Test worker] DEBUG:: Send negative for processing for D:\Auto\Cmax_CompraPaquetes\target\site\serenity\3a41d2e331d3464a5a434392d97fc88bb79a689de05507515a1c5fe89f99deb5.png
2025-12-05 15:57:49 [Test worker] DEBUG:: STEP DONE: Valida que el texto '#text' este contenido en otro texto visible.
2025-12-05 15:57:49 [Test worker] DEBUG:: STARTING STEP: ValidarVersionApp.performAs - Regresa atrás en la aplicacion.
2025-12-05 15:57:50 [Test worker] DEBUG:: Send negative for processing for D:\Auto\Cmax_CompraPaquetes\target\site\serenity\3f903bea3f7f73bf63346b3d029a6aa25c34eb3b4e8c06c24b104e69441a8dca.png
2025-12-05 15:57:50 [Test worker] DEBUG:: STEP DONE: Regresa atrás en la aplicacion.
2025-12-05 15:57:50 [Darkroom Processing Line] DEBUG:: Processing screenshot image in /var/screenshots/screenshot-2688519092767802482
2025-12-05 15:57:50 [Test worker] DEBUG:: STARTING STEP: ValidarVersionApp.performAs - Regresa atrás en la aplicacion.
2025-12-05 15:57:50 [Darkroom Processing Line] DEBUG:: Saving screenshot to D:\Auto\Cmax_CompraPaquetes\target\site\serenity\3f903bea3f7f73bf63346b3d029a6aa25c34eb3b4e8c06c24b104e69441a8dca.png
2025-12-05 15:57:52 [Test worker] DEBUG:: Send negative for processing for D:\Auto\Cmax_CompraPaquetes\target\site\serenity\ca24e066dde18ad7beaae9b4a4d378c3f9afb4ab366d08af88b1bcab70a1fd20.png
2025-12-05 15:57:52 [Test worker] DEBUG:: STEP DONE: Regresa atrás en la aplicacion.
2025-12-05 15:57:52 [Darkroom Processing Line] DEBUG:: Processing screenshot image in /var/screenshots/screenshot-15410580431220828221
2025-12-05 15:57:52 [Test worker] DEBUG:: STARTING STEP: ValidarVersionApp.performAs - Regresa atrás en la aplicacion.
2025-12-05 15:57:53 [Darkroom Processing Line] DEBUG:: Saving screenshot to D:\Auto\Cmax_CompraPaquetes\target\site\serenity\ca24e066dde18ad7beaae9b4a4d378c3f9afb4ab366d08af88b1bcab70a1fd20.png
2025-12-05 15:57:54 [Test worker] DEBUG:: Send negative for processing for D:\Auto\Cmax_CompraPaquetes\target\site\serenity\70a651c212d6d888186258ae823106796c6b5ab07571fc0819632622dd156a53.png
2025-12-05 15:57:54 [Test worker] DEBUG:: STEP DONE: Regresa atrás en la aplicacion.
2025-12-05 15:57:54 [Darkroom Processing Line] DEBUG:: Processing screenshot image in /var/screenshots/screenshot-642122729937249436
2025-12-05 15:57:54 [Test worker] DEBUG:: STEP DONE: performAs
2025-12-05 15:57:54 [Test worker] DEBUG:: STARTING STEP: CompraPaquetesWhatsAppDefinitions.buscarChatClaro - performAs
2025-12-05 15:57:54 [Test worker] DEBUG:: STARTING STEP: BuscarChatClaro.performAs - {0} clicks on #target
2025-12-05 15:57:54 [Test worker] DEBUG:: default content already selected for Boton enviar mensaje
2025-12-05 15:57:54 [Darkroom Processing Line] DEBUG:: Saving screenshot to D:\Auto\Cmax_CompraPaquetes\target\site\serenity\70a651c212d6d888186258ae823106796c6b5ab07571fc0819632622dd156a53.png
2025-12-05 15:57:56 [Test worker] DEBUG:: Send negative for processing for D:\Auto\Cmax_CompraPaquetes\target\site\serenity\e4c526d7ceac90cb6f03013ad57215bab472b919924f4c0a6c7b07d8ed06f3e2.png
2025-12-05 15:57:56 [Darkroom Processing Line] DEBUG:: Processing screenshot image in /var/screenshots/screenshot-3133498119613379219
2025-12-05 15:57:56 [Test worker] DEBUG:: STEP DONE: {0} clicks on #target
2025-12-05 15:57:56 [Test worker] DEBUG:: STARTING STEP: BuscarChatClaro.performAs - {0} clicks on #target
2025-12-05 15:57:56 [Test worker] DEBUG:: default content already selected for Boton lupa
2025-12-05 15:57:56 [Darkroom Processing Line] DEBUG:: Saving screenshot to D:\Auto\Cmax_CompraPaquetes\target\site\serenity\e4c526d7ceac90cb6f03013ad57215bab472b919924f4c0a6c7b07d8ed06f3e2.png
2025-12-05 15:57:56 [Test worker] DEBUG:: Send negative for processing for D:\Auto\Cmax_CompraPaquetes\target\site\serenity\42dd30d48eeeb4ee39caa59fa30cdd35670a931b1e12b1d6bdfe94285179a3d0.png
2025-12-05 15:57:56 [Darkroom Processing Line] DEBUG:: Processing screenshot image in /var/screenshots/screenshot-16910303304147306931
2025-12-05 15:57:56 [Test worker] DEBUG:: STEP DONE: {0} clicks on #target
2025-12-05 15:57:56 [Test worker] DEBUG:: STARTING STEP: BuscarChatClaro.performAs - {0} enters #theTextAsAString into #target
2025-12-05 15:57:56 [Test worker] DEBUG:: default content already selected for Caja de texto buscar
2025-12-05 15:57:57 [Darkroom Processing Line] DEBUG:: Saving screenshot to D:\Auto\Cmax_CompraPaquetes\target\site\serenity\42dd30d48eeeb4ee39caa59fa30cdd35670a931b1e12b1d6bdfe94285179a3d0.png
2025-12-05 15:57:59 [Test worker] DEBUG:: Send negative for processing for D:\Auto\Cmax_CompraPaquetes\target\site\serenity\f45150c634859a8e1c2a8bbeacbbb52e5a4c01edb63f35aa8780f29ca7854fd2.png
2025-12-05 15:57:59 [Darkroom Processing Line] DEBUG:: Processing screenshot image in /var/screenshots/screenshot-9904096115320654189
2025-12-05 15:57:59 [Test worker] DEBUG:: STEP DONE: {0} enters #theTextAsAString into #target
2025-12-05 15:57:59 [Test worker] DEBUG:: STARTING STEP: BuscarChatClaro.performAs - Valida que el texto '#text' este contenido en otro texto visible.
2025-12-05 15:57:59 [Darkroom Processing Line] DEBUG:: Saving screenshot to D:\Auto\Cmax_CompraPaquetes\target\site\serenity\f45150c634859a8e1c2a8bbeacbbb52e5a4c01edb63f35aa8780f29ca7854fd2.png
2025-12-05 15:58:01 [Test worker] DEBUG:: Send negative for processing for D:\Auto\Cmax_CompraPaquetes\target\site\serenity\2eba881b6e66ac61a5c26bd7471167c4b45ec0b87ba15d75d53e7bad13793c54.png
2025-12-05 15:58:01 [Test worker] DEBUG:: STEP DONE: Valida que el texto '#text' este contenido en otro texto visible.
2025-12-05 15:58:01 [Darkroom Processing Line] DEBUG:: Processing screenshot image in /var/screenshots/screenshot-5126571194253678288
2025-12-05 15:58:01 [Darkroom Processing Line] DEBUG:: Saving screenshot to D:\Auto\Cmax_CompraPaquetes\target\site\serenity\2eba881b6e66ac61a5c26bd7471167c4b45ec0b87ba15d75d53e7bad13793c54.png
2025-12-05 15:58:02 [Test worker] DEBUG:: Send negative for processing for D:\Auto\Cmax_CompraPaquetes\target\site\serenity\72577017f0731b4c2512a1e37f6850ecd35b6649464f6385aadd49dc2f899913.png
2025-12-05 15:58:02 [Test worker] DEBUG:: STEP DONE: performAs
2025-12-05 15:58:02 [Darkroom Processing Line] DEBUG:: Processing screenshot image in /var/screenshots/screenshot-4030858785654909314
2025-12-05 15:58:02 [Test worker] DEBUG:: STARTING STEP: CompraPaquetesWhatsAppDefinitions.iniciarChatClaro - performAs
2025-12-05 15:58:02 [Test worker] DEBUG:: STARTING STEP: IniciarChatClaro.performAs - {0} enters #theTextAsAString into #target
2025-12-05 15:58:02 [Test worker] DEBUG:: default content already selected for Caja de texto enviar mensaje
2025-12-05 15:58:02 [Darkroom Processing Line] DEBUG:: Saving screenshot to D:\Auto\Cmax_CompraPaquetes\target\site\serenity\72577017f0731b4c2512a1e37f6850ecd35b6649464f6385aadd49dc2f899913.png
2025-12-05 15:58:04 [Test worker] DEBUG:: Send negative for processing for D:\Auto\Cmax_CompraPaquetes\target\site\serenity\b50dccad0d5ba98229cfb9114de26dabb76a632ce863ec6292db020c9c47e259.png
2025-12-05 15:58:04 [Darkroom Processing Line] DEBUG:: Processing screenshot image in /var/screenshots/screenshot-13472516350788557601
2025-12-05 15:58:04 [Test worker] DEBUG:: STEP DONE: {0} enters #theTextAsAString into #target
2025-12-05 15:58:04 [Test worker] DEBUG:: STARTING STEP: IniciarChatClaro.performAs - {0} clicks on #target
2025-12-05 15:58:04 [Test worker] DEBUG:: default content already selected for Boton enviar mensaje
2025-12-05 15:58:04 [Darkroom Processing Line] DEBUG:: Saving screenshot to D:\Auto\Cmax_CompraPaquetes\target\site\serenity\b50dccad0d5ba98229cfb9114de26dabb76a632ce863ec6292db020c9c47e259.png
2025-12-05 15:58:07 [Test worker] DEBUG:: Send negative for processing for D:\Auto\Cmax_CompraPaquetes\target\site\serenity\57ef84abc0dffa62afabae7994b4bc64e8888ce1896b0519fd942d74d89611e2.png
2025-12-05 15:58:07 [Darkroom Processing Line] DEBUG:: Processing screenshot image in /var/screenshots/screenshot-735557011129758397
2025-12-05 15:58:07 [Test worker] DEBUG:: STEP DONE: {0} clicks on #target
2025-12-05 15:58:07 [Darkroom Processing Line] DEBUG:: Saving screenshot to D:\Auto\Cmax_CompraPaquetes\target\site\serenity\57ef84abc0dffa62afabae7994b4bc64e8888ce1896b0519fd942d74d89611e2.png
2025-12-05 16:00:09 [Test worker] DEBUG:: Send negative for processing for D:\Auto\Cmax_CompraPaquetes\target\site\serenity\45b2618a06b63b58543021f0db050bded83660f30565de9c667a3b0854d0a31b.png
2025-12-05 16:00:09 [Darkroom Processing Line] DEBUG:: Processing screenshot image in /var/screenshots/screenshot-18126697466998304821
2025-12-05 16:00:09 [Darkroom Processing Line] DEBUG:: Saving screenshot to D:\Auto\Cmax_CompraPaquetes\target\site\serenity\45b2618a06b63b58543021f0db050bded83660f30565de9c667a3b0854d0a31b.png
? [DEBUG] Se ejecutó afterScenario con escenario: Consulta inicial del estado de la linea en CMAX
? Generando reporte Word con pasos: 1
2025-12-05 16:00:10 [Test worker] ERROR:: ?[91m
           __  _____ _____ ____ _____   _____ _    ___ _     _____ ____  
  _       / / |_   _| ____/ ___|_   _| |  ___/ \  |_ _| |   | ____|  _ \ 
 (_)_____| |    | | |  _| \___ \ | |   | |_ / _ \  | || |   |  _| | | | |
  _|_____| |    | | | |___ ___) || |   |  _/ ___ \ | || |___| |___| |_| |
 (_)     | |    |_| |_____|____/ |_|   |_|/_/   \_\___|_____|_____|____/ 
          \_\                                                            

TEST FAILED WITH ERROR: Consulta inicial del estado de la linea en CMAX
---------------------------------------------------------------------?[0m
2025-12-05 16:00:10 [Test worker] DEBUG:: RELATED ISSUES: 
2025-12-05 16:00:10 [Test worker] ERROR:: ?[91mTEST FAILED AT STEP Cmax iniciar chat claro?[0m
2025-12-05 16:00:10 [Test worker] ERROR:: Ninguno de los textos esperados fue encontrado en el tiempo dado.
]]></system-out>
  <system-err><![CDATA[Cleaning up unclosed ZipFile for archive D:\Auto\Cmax_CompraPaquetes\.\src\test\resources\data\UsersPROD.xlsx
Cleaning up unclosed ZipFile for archive D:\Auto\Cmax_CompraPaquetes\.\src\test\resources\data\UsersPROD.xlsx
Cleaning up unclosed ZipFile for archive D:\Auto\Cmax_CompraPaquetes\.\src\test\resources\data\UsersPROD.xlsx
Cleaning up unclosed ZipFile for archive D:\Auto\Cmax_CompraPaquetes\.\src\test\resources\data\UsersPROD.xlsx
Cleaning up unclosed ZipFile for archive D:\Auto\Cmax_CompraPaquetes\.\src\test\resources\data\UsersPROD.xlsx
Cleaning up unclosed ZipFile for archive D:\Auto\Cmax_CompraPaquetes\.\src\test\resources\data\UsersPROD.xlsx
Cleaning up unclosed ZipFile for archive D:\Auto\Cmax_CompraPaquetes\.\src\test\resources\data\UsersPROD.xlsx
Cleaning up unclosed ZipFile for archive D:\Auto\Cmax_CompraPaquetes\.\src\test\resources\data\UsersPROD.xlsx
Cleaning up unclosed ZipFile for archive D:\Auto\Cmax_CompraPaquetes\.\src\test\resources\data\UsersPROD.xlsx
Cleaning up unclosed ZipFile for archive D:\Auto\Cmax_CompraPaquetes\.\src\test\resources\data\UsersPROD.xlsx
Cleaning up unclosed ZipFile for archive D:\Auto\Cmax_CompraPaquetes\.\src\test\resources\data\UsersPROD.xlsx
Cleaning up unclosed ZipFile for archive D:\Auto\Cmax_CompraPaquetes\.\src\test\resources\data\UsersPROD.xlsx
Cleaning up unclosed ZipFile for archive D:\Auto\Cmax_CompraPaquetes\.\src\test\resources\data\UsersPROD.xlsx
dic. 05, 2025 3:56:44 P. M. org.openqa.selenium.remote.DesiredCapabilities chrome
INFO: Using `new ChromeOptions()` is preferred to `DesiredCapabilities.chrome()`
Starting ChromeDriver 142.0.7444.175 (302067f14a4ea3f42001580e6101fa25ed343445-refs/branch-heads/7444@{#2749}) on port 16777
Only local connections are allowed.
Please see https://chromedriver.chromium.org/security-considerations for suggestions on keeping ChromeDriver safe.
ChromeDriver was started successfully on port 16777.
dic. 05, 2025 3:56:47 P. M. org.openqa.selenium.remote.ProtocolHandshake createSession
INFO: Detected dialect: W3C
dic. 05, 2025 3:57:23 P. M. utils.CapturasPantallasWeb capturaPantalla
INFO: Captura guardada: Verificar_el_estado_inicial_de_la_l_nea_1_05_12_2025 15_57_23.png
dic. 05, 2025 3:57:34 P. M. io.appium.java_client.remote.AppiumCommandExecutor$1 lambda$0
INFO: Detected dialect: W3C
dic. 05, 2025 3:57:45 P. M. utils.CapturaDePantallaMovil tomarCapturaPantalla
INFO: Captura de pantalla guardada con borde rojo: Capturas/captura_pantalla_05_12_2025_15_57_44.jpg
dic. 05, 2025 4:00:10 P. M. utils.WordWeb generarReporte
INFO: ? Reporte generado correctamente en EXXO.docx
]]></system-err>
</testsuite>
