<?xml version="1.0" encoding="UTF-8"?>
<testsuite name="runners.GeneralRunner" tests="0" skipped="0" failures="0" errors="0" timestamp="1970-01-01T00:00:00" hostname="AU3PH5CG141BG50" time="0.0">
  <properties/>
  <system-out><![CDATA[2026-02-09 10:17:10 [Test worker] DEBUG:: LOADING LOCAL PROPERTIES FROM D:\Auto\Cmax_CompraPaquetes\serenity.properties 
2026-02-09 10:17:10 [Test worker] DEBUG:: LOADING LOCAL PROPERTIES FROM D:\Auto\Cmax_CompraPaquetes\serenity.properties 
2026-02-09 10:17:10 [Test worker] DEBUG:: LOADING LOCAL PROPERTIES FROM D:\Auto\Cmax_CompraPaquetes\serenity.properties 
2026-02-09 10:17:10 [Test worker] DEBUG:: appium.platformName=Android
2026-02-09 10:17:10 [Test worker] DEBUG:: serenity.resized.image.width=600
2026-02-09 10:17:10 [Test worker] DEBUG:: appium.automationName=UiAutomator2
2026-02-09 10:17:10 [Test worker] DEBUG:: appium.hub=http://127.0.0.1:4723/wd/hub
2026-02-09 10:17:10 [Test worker] DEBUG:: appium.resetKeyboard=true
2026-02-09 10:17:10 [Test worker] DEBUG:: serenity.browser.maximized=true
2026-02-09 10:17:10 [Test worker] DEBUG:: webdriver.wait.for.timeout=5000
2026-02-09 10:17:10 [Test worker] DEBUG:: appium.reset=false
2026-02-09 10:17:10 [Test worker] DEBUG:: serenity.project.name=Cmax_CompraPaquetes
2026-02-09 10:17:10 [Test worker] DEBUG:: serenity.reports.show.step.details=false
2026-02-09 10:17:10 [Test worker] DEBUG:: webdriver.driver=chrome
2026-02-09 10:17:10 [Test worker] DEBUG:: serenity.report.encoding=utf8
2026-02-09 10:17:10 [Test worker] DEBUG:: appium.captureScreenshots=true
2026-02-09 10:17:10 [Test worker] DEBUG:: serenity.store.html.source=false
2026-02-09 10:17:10 [Test worker] DEBUG:: appium.unicodeKeyboard=true
2026-02-09 10:17:10 [Test worker] DEBUG:: appium.deviceOrientation=portrait
2026-02-09 10:17:10 [Test worker] DEBUG:: appium.fullReset=false
2026-02-09 10:17:10 [Test worker] DEBUG:: serenity.compress.screenshots=true
2026-02-09 10:17:10 [Test worker] DEBUG:: appium.autoGrantPermissions=true
2026-02-09 10:17:10 [Test worker] DEBUG:: webdriver.base.url=http://172.24.4.168/custcare_cmax/login.au
2026-02-09 10:17:10 [Test worker] DEBUG:: feature.file.encoding=utf8
2026-02-09 10:17:10 [Test worker] DEBUG:: appium.appWaitDuration=15000
2026-02-09 10:17:10 [Test worker] DEBUG:: serenity.timeout=8000
2026-02-09 10:17:10 [Test worker] DEBUG:: serenity.take.screenshots=FOR_EACH_ACTION
2026-02-09 10:17:10 [Test worker] DEBUG:: chrome.switches=--start-maximized, --disable-popup-blocking, --disk-cache-dir=null, --ignore-certificate-errors, --disable-download-notification
2026-02-09 10:17:10 [Test worker] DEBUG:: appium.autoDismissAlerts=true
2026-02-09 10:17:10 [Test worker] DEBUG:: url_prueba=http://172.24.4.168/custcare_cmax/login.au
2026-02-09 10:17:10 [Test worker] DEBUG:: appium.newCommandTimeout=8000
2026-02-09 10:17:10 [Test worker] DEBUG:: appium.appiumVersion=1.22.3
2026-02-09 10:17:10 [Test worker] DEBUG:: appium.chromedriverExecutable=src/test/resources/webdriver/windows/chromedriver.exe
2026-02-09 10:17:10 [Test worker] DEBUG:: appium.nativeWebScreenshot=true
2026-02-09 10:17:10 [Test worker] DEBUG:: appium.orientation=PORTRAIT
2026-02-09 10:17:10 [Test worker] DEBUG:: serenity.console.colors=true
2026-02-09 10:17:10 [Test worker] DEBUG:: webdriver.appium.driver=src/test/resources/webdriver/windows/chromedriver.exe
2026-02-09 10:17:10 [Test worker] DEBUG:: webdriver.timeouts.implicitlywait=3000
2026-02-09 10:17:10 [Test worker] DEBUG:: webdriver.provided.mydriver=utils.MyDriver
2026-02-09 10:17:10 [Test worker] DEBUG:: webdriver.chrome.driver=src/test/resources/WebDriver/chromedriver.exe
2026-02-09 10:17:10 [Test worker] DEBUG:: appium.noReset=true
2026-02-09 10:17:10 [Test worker] DEBUG:: appium.sessionName=Cmax_CompraPaquetes
2026-02-09 10:17:10 [Test worker] DEBUG:: feature.file.language=es
2026-02-09 10:17:10 [Test worker] DEBUG:: drivers.windows.webdriver.chrome.driver=src/test/resources/webdriver/windows/chromedriver.exe
2026-02-09 10:17:10 [Test worker] DEBUG:: appium.appPackage=com.clarocolombia.miclaro 
2026-02-09 10:17:10 [Test worker] DEBUG:: appium.app=D:\Auto\Cmax_CompraPaquetes/src/test/resources/app/mi-claro.apk 
2026-02-09 10:17:10 [Test worker] DEBUG:: appium.appActivity=com.claro.superapp.SplashActivity 
2026-02-09 10:17:11 [Test worker] DEBUG:: LOADING LOCAL PROPERTIES FROM D:\Auto\Cmax_CompraPaquetes\serenity.properties 
2026-02-09 10:17:11 [Test worker] DEBUG:: LOADING LOCAL PROPERTIES FROM D:\Auto\Cmax_CompraPaquetes\serenity.properties 
2026-02-09 10:17:11 [Test worker] DEBUG:: LOADING LOCAL PROPERTIES FROM D:\Auto\Cmax_CompraPaquetes\serenity.properties 
2026-02-09 10:17:11 [Test worker] DEBUG:: appium.platformName=Android
2026-02-09 10:17:11 [Test worker] DEBUG:: serenity.resized.image.width=600
2026-02-09 10:17:11 [Test worker] DEBUG:: appium.automationName=UiAutomator2
2026-02-09 10:17:11 [Test worker] DEBUG:: appium.hub=http://127.0.0.1:4723/wd/hub
2026-02-09 10:17:11 [Test worker] DEBUG:: appium.resetKeyboard=true
2026-02-09 10:17:11 [Test worker] DEBUG:: serenity.browser.maximized=true
2026-02-09 10:17:11 [Test worker] DEBUG:: webdriver.wait.for.timeout=5000
2026-02-09 10:17:11 [Test worker] DEBUG:: appium.reset=false
2026-02-09 10:17:11 [Test worker] DEBUG:: serenity.project.name=Cmax_CompraPaquetes
2026-02-09 10:17:11 [Test worker] DEBUG:: serenity.reports.show.step.details=false
2026-02-09 10:17:11 [Test worker] DEBUG:: webdriver.driver=chrome
2026-02-09 10:17:11 [Test worker] DEBUG:: serenity.report.encoding=utf8
2026-02-09 10:17:11 [Test worker] DEBUG:: appium.captureScreenshots=true
2026-02-09 10:17:11 [Test worker] DEBUG:: serenity.store.html.source=false
2026-02-09 10:17:11 [Test worker] DEBUG:: appium.unicodeKeyboard=true
2026-02-09 10:17:11 [Test worker] DEBUG:: appium.deviceOrientation=portrait
2026-02-09 10:17:11 [Test worker] DEBUG:: appium.fullReset=false
2026-02-09 10:17:11 [Test worker] DEBUG:: serenity.compress.screenshots=true
2026-02-09 10:17:11 [Test worker] DEBUG:: appium.autoGrantPermissions=true
2026-02-09 10:17:11 [Test worker] DEBUG:: webdriver.base.url=http://172.24.4.168/custcare_cmax/login.au
2026-02-09 10:17:11 [Test worker] DEBUG:: feature.file.encoding=utf8
2026-02-09 10:17:11 [Test worker] DEBUG:: appium.appWaitDuration=15000
2026-02-09 10:17:11 [Test worker] DEBUG:: serenity.timeout=8000
2026-02-09 10:17:11 [Test worker] DEBUG:: serenity.take.screenshots=FOR_EACH_ACTION
2026-02-09 10:17:11 [Test worker] DEBUG:: chrome.switches=--start-maximized, --disable-popup-blocking, --disk-cache-dir=null, --ignore-certificate-errors, --disable-download-notification
2026-02-09 10:17:11 [Test worker] DEBUG:: appium.autoDismissAlerts=true
2026-02-09 10:17:11 [Test worker] DEBUG:: url_prueba=http://172.24.4.168/custcare_cmax/login.au
2026-02-09 10:17:11 [Test worker] DEBUG:: appium.newCommandTimeout=8000
2026-02-09 10:17:11 [Test worker] DEBUG:: appium.appiumVersion=1.22.3
2026-02-09 10:17:11 [Test worker] DEBUG:: appium.chromedriverExecutable=src/test/resources/webdriver/windows/chromedriver.exe
2026-02-09 10:17:11 [Test worker] DEBUG:: appium.nativeWebScreenshot=true
2026-02-09 10:17:11 [Test worker] DEBUG:: appium.orientation=PORTRAIT
2026-02-09 10:17:11 [Test worker] DEBUG:: serenity.console.colors=true
2026-02-09 10:17:11 [Test worker] DEBUG:: webdriver.appium.driver=src/test/resources/webdriver/windows/chromedriver.exe
2026-02-09 10:17:11 [Test worker] DEBUG:: webdriver.timeouts.implicitlywait=3000
2026-02-09 10:17:11 [Test worker] DEBUG:: webdriver.provided.mydriver=utils.MyDriver
2026-02-09 10:17:11 [Test worker] DEBUG:: webdriver.chrome.driver=src/test/resources/WebDriver/chromedriver.exe
2026-02-09 10:17:11 [Test worker] DEBUG:: appium.noReset=true
2026-02-09 10:17:11 [Test worker] DEBUG:: appium.sessionName=Cmax_CompraPaquetes
2026-02-09 10:17:11 [Test worker] DEBUG:: feature.file.language=es
2026-02-09 10:17:11 [Test worker] DEBUG:: drivers.windows.webdriver.chrome.driver=src/test/resources/webdriver/windows/chromedriver.exe
2026-02-09 10:17:11 [Test worker] DEBUG:: appium.appPackage=com.clarocolombia.miclaro 
2026-02-09 10:17:11 [Test worker] DEBUG:: appium.app=D:\Auto\Cmax_CompraPaquetes/src/test/resources/app/mi-claro.apk 
2026-02-09 10:17:11 [Test worker] DEBUG:: appium.appActivity=com.claro.superapp.SplashActivity 
2026-02-09 10:17:11 [Test worker] INFO :: ?[96m

-------------------------------------------------------------------------------------
     _______. _______ .______       _______ .__   __.  __  .___________.____    ____ 
    /       ||   ____||   _  \     |   ____||  \ |  | |  | |           |\   \  /   / 
   |   (----`|  |__   |  |_)  |    |  |__   |   \|  | |  | `---|  |----` \   \/   /  
    \   \    |   __|  |      /     |   __|  |  . `  | |  |     |  |       \_    _/   
.----)   |   |  |____ |  |\  \----.|  |____ |  |\   | |  |     |  |         |  |     
|_______/    |_______|| _| `._____||_______||__| \__| |__|     |__|         |__|    
                                                                                     
 News and tutorials at http://www.serenity-bdd.info                                  
 Documentation at https://wakaleo.gitbooks.io/the-serenity-book/content/             
 Join the Serenity Community on Rocket Chat at https://serenity-bdd.rocket.chat      
 Serenity BDD Support and Training at http://serenity-bdd.info/#/trainingandsupport  
 Learn Serenity BDD online at http://serenity-dojo.com                               
-------------------------------------------------------------------------------------
?[0m
2026-02-09 10:17:11 [Test worker] DEBUG:: Test suite started for story net.thucydides.core.model.Story@23ca71ee
2026-02-09 10:17:11 [Test worker] INFO :: Test Suite Started: El usuario realiza compra de paquetes por la super APP
2026-02-09 10:17:11 [Test worker] DEBUG:: Test suite started for story net.thucydides.core.model.Story@86a13a83
2026-02-09 10:17:11 [Test worker] INFO :: Test Suite Started: Realizar compra de paquetes por Portal Cautivo
2026-02-09 10:17:11 [Test worker] DEBUG:: Test suite started for story net.thucydides.core.model.Story@bbea53b5
2026-02-09 10:17:11 [Test worker] INFO :: Test Suite Started: El usuario realiza compra de paquetes por el canal USSD
2026-02-09 10:17:11 [Test worker] DEBUG:: Test suite started for story net.thucydides.core.model.Story@bd26a69d
2026-02-09 10:17:11 [Test worker] INFO :: Test Suite Started: El usuario realiza compra de paquetes por WhatsApp
2026-02-09 10:17:11 [Test worker] DEBUG:: Test suite started for story net.thucydides.core.model.Story@27fd9bdf
2026-02-09 10:17:11 [Test worker] INFO :: Test Suite Started: Compras Mi Claro App
2026-02-09 10:17:11 [Test worker] DEBUG:: Test suite started for story net.thucydides.core.model.Story@a4aa709a
2026-02-09 10:17:11 [Test worker] INFO :: Test Suite Started: Se requiere tomar evidencias de las consultas realizadas en CMAX
2026-02-09 10:17:11 [Test worker] DEBUG:: Test suite started for story net.thucydides.core.model.Story@6df4b63d
2026-02-09 10:17:11 [Test worker] INFO :: Test Suite Started: Se requiere tomar evidencias de las consultas realizadas en CMAX
2026-02-09 10:17:11 [Test worker] DEBUG:: Test suite started for story net.thucydides.core.model.Story@f540101b
2026-02-09 10:17:11 [Test worker] INFO :: Test Suite Started: Se requiere tomar evidencias de las consultas realizadas en CMAX
2026-02-09 10:17:14 [Test worker] DEBUG:: Test suite started for story net.thucydides.core.model.Story@23ca71ee
2026-02-09 10:17:14 [Test worker] INFO :: Test Suite Started: El usuario realiza compra de paquetes por la super APP
2026-02-09 10:17:14 [Test worker] DEBUG:: Test suite started for story net.thucydides.core.model.Story@86a13a83
2026-02-09 10:17:14 [Test worker] INFO :: Test Suite Started: Realizar compra de paquetes por Portal Cautivo
2026-02-09 10:17:14 [Test worker] DEBUG:: Test suite started for story net.thucydides.core.model.Story@bbea53b5
2026-02-09 10:17:14 [Test worker] INFO :: Test Suite Started: El usuario realiza compra de paquetes por el canal USSD
2026-02-09 10:17:14 [Test worker] DEBUG:: Test suite started for story net.thucydides.core.model.Story@bd26a69d
2026-02-09 10:17:14 [Test worker] INFO :: Test Suite Started: El usuario realiza compra de paquetes por WhatsApp
2026-02-09 10:17:14 [Test worker] DEBUG:: Test suite started for story net.thucydides.core.model.Story@27fd9bdf
2026-02-09 10:17:14 [Test worker] INFO :: Test Suite Started: Compras Mi Claro App
2026-02-09 10:17:14 [Test worker] DEBUG:: Test suite started for story net.thucydides.core.model.Story@a4aa709a
2026-02-09 10:17:14 [Test worker] INFO :: Test Suite Started: Se requiere tomar evidencias de las consultas realizadas en CMAX
2026-02-09 10:17:14 [Test worker] DEBUG:: Test suite started for story net.thucydides.core.model.Story@6df4b63d
2026-02-09 10:17:14 [Test worker] INFO :: Test Suite Started: Se requiere tomar evidencias de las consultas realizadas en CMAX
2026-02-09 10:17:14 [Test worker] DEBUG:: Test suite started for story net.thucydides.core.model.Story@f540101b
2026-02-09 10:17:14 [Test worker] INFO :: Test Suite Started: Se requiere tomar evidencias de las consultas realizadas en CMAX
2026-02-09 10:17:14 [Test worker] INFO :: 
 _____ _____ ____ _____   ____ _____  _    ____ _____ _____ ____  
|_   _| ____/ ___|_   _| / ___|_   _|/ \  |  _ \_   _| ____|  _ \ 
  | | |  _| \___ \ | |   \___ \ | | / _ \ | |_) || | |  _| | | | |
  | | | |___ ___) || |    ___) || |/ ___ \|  _ < | | | |___| |_| |
  |_| |_____|____/ |_|   |____/ |_/_/   \_\_| \_\|_| |_____|____/ 
                                                                  

TEST STARTED: Realizar la compra de un paquete por Mi Claro APP
-------------------------------------------------------------------(compras-mi-claro-app;realizar-la-compra-de-un-paquete-por-mi-claro-app)
2026-02-09 10:17:14 [Test worker] DEBUG:: Resource directories found in  in 30 ms: [src\test\resources]
2026-02-09 10:17:14 [Test worker] DEBUG:: Resource directories found in D:\Auto\Cmax_CompraPaquetes in 16 ms: [D:\Auto\Cmax_CompraPaquetes\src\test\resources]
2026-02-09 10:17:14 [Test worker] DEBUG:: Found no Cucumber 4.x.x class cucumber.runtime.model.FeatureLoader try Cucumber 2.x.x 
2026-02-09 10:17:14 [Test worker] DEBUG:: Found no Cucumber 4.x.x class cucumber.runtime.model.FeatureLoader try Cucumber 2.x.x 
2026-02-09 10:17:14 [Test worker] DEBUG:: Found no Cucumber 4.x.x class cucumber.runtime.model.FeatureLoader try Cucumber 2.x.x 
2026-02-09 10:17:14 [Test worker] DEBUG:: Found no Cucumber 4.x.x class cucumber.runtime.model.FeatureLoader try Cucumber 2.x.x 
2026-02-09 10:17:14 [Test worker] DEBUG:: Found no Cucumber 4.x.x class cucumber.runtime.model.FeatureLoader try Cucumber 2.x.x 
2026-02-09 10:17:14 [Test worker] DEBUG:: Found no Cucumber 4.x.x class cucumber.runtime.model.FeatureLoader try Cucumber 2.x.x 
2026-02-09 10:17:14 [Test worker] DEBUG:: Found no Cucumber 4.x.x class cucumber.runtime.model.FeatureLoader try Cucumber 2.x.x 
2026-02-09 10:17:14 [Test worker] DEBUG:: Found no Cucumber 4.x.x class cucumber.runtime.model.FeatureLoader try Cucumber 2.x.x 
2026-02-09 10:21:22 [Test worker] DEBUG:: Reporting formats: [JSON, HTML]
2026-02-09 10:21:23 [Test worker] DEBUG:: Reporting formats: [JSON, HTML]
2026-02-09 10:21:23 [Test worker] DEBUG:: Generating reports for 1 test outcomes using: net.thucydides.core.reports.json.JSONTestOutcomeReporter@1d5fc340
2026-02-09 10:21:23 [pool-1-thread-1] DEBUG:: Processing test outcome Compras Mi Claro App:Realizar la compra de un paquete por Mi Claro APP
2026-02-09 10:21:23 [pool-1-thread-1] DEBUG:: net.thucydides.core.reports.json.JSONTestOutcomeReporter@1d5fc340: Generating report for test outcome: Compras Mi Claro App:Realizar la compra de un paquete por Mi Claro APP
2026-02-09 10:21:23 [pool-1-thread-1] DEBUG:: Generating JSON report for Realizar la compra de un paquete por Mi Claro APP to file D:\Auto\Cmax_CompraPaquetes\target\site\serenity\7906e6c519a50ca4dcf213a8bb33a00c31f257005334ec0bf073fd4d35dcee7c.json (using temp file D:\Auto\Cmax_CompraPaquetes\target\site\serenity\7906e6c519a50ca4dcf213a8bb33a00c31f257005334ec0bf073fd4d35dcee7c.json06870cbe-c70e-4e19-b44d-54fb65925400)
2026-02-09 10:21:23 [pool-1-thread-1] DEBUG:: Processing test outcome Compras Mi Claro App:Realizar la compra de un paquete por Mi Claro APP done
2026-02-09 10:21:23 [Test worker] DEBUG:: Shutting down executor service
2026-02-09 10:21:23 [Test worker] DEBUG:: Reports generated in: 649 ms
2026-02-09 10:21:23 [Test worker] DEBUG:: Generating reports for 1 test outcomes using: net.thucydides.core.reports.html.HtmlAcceptanceTestReporter@34893693
2026-02-09 10:21:24 [pool-2-thread-1] DEBUG:: Processing test outcome Compras Mi Claro App:Realizar la compra de un paquete por Mi Claro APP
2026-02-09 10:21:24 [pool-2-thread-1] DEBUG:: net.thucydides.core.reports.html.HtmlAcceptanceTestReporter@34893693: Generating report for test outcome: Compras Mi Claro App:Realizar la compra de un paquete por Mi Claro APP
2026-02-09 10:21:24 [pool-2-thread-1] DEBUG:: GENERATE TEST OUTCOME REPORT FOR Realizar la compra de un paquete por Mi Claro APP in 7906e6c519a50ca4dcf213a8bb33a00c31f257005334ec0bf073fd4d35dcee7c
2026-02-09 10:21:24 [pool-2-thread-1] DEBUG:: Found no Cucumber 4.x.x class cucumber.runtime.model.FeatureLoader try Cucumber 2.x.x 
2026-02-09 10:21:24 [pool-2-thread-1] DEBUG:: Found no Cucumber 4.x.x class cucumber.runtime.model.FeatureLoader try Cucumber 2.x.x 
2026-02-09 10:21:24 [pool-2-thread-1] DEBUG:: Found no Cucumber 4.x.x class cucumber.runtime.model.FeatureLoader try Cucumber 2.x.x 
2026-02-09 10:21:24 [pool-2-thread-1] DEBUG:: Found no Cucumber 4.x.x class cucumber.runtime.model.FeatureLoader try Cucumber 2.x.x 
2026-02-09 10:21:24 [pool-2-thread-1] DEBUG:: Found no Cucumber 4.x.x class cucumber.runtime.model.FeatureLoader try Cucumber 2.x.x 
2026-02-09 10:21:24 [pool-2-thread-1] DEBUG:: Found no Cucumber 4.x.x class cucumber.runtime.model.FeatureLoader try Cucumber 2.x.x 
2026-02-09 10:21:24 [pool-2-thread-1] DEBUG:: Found no Cucumber 4.x.x class cucumber.runtime.model.FeatureLoader try Cucumber 2.x.x 
2026-02-09 10:21:24 [pool-2-thread-1] DEBUG:: Found no Cucumber 4.x.x class cucumber.runtime.model.FeatureLoader try Cucumber 2.x.x 
2026-02-09 10:21:24 [pool-2-thread-1] DEBUG::  found:[Requirement{name='El usuario realiza compra de paquetes por la super APP', type='feature' parent = 'null', cardNumber='null'}, Requirement{name='Realizar compra de paquetes por Portal Cautivo', type='feature' parent = 'null', cardNumber='null'}, Requirement{name='El usuario realiza compra de paquetes por el canal USSD', type='feature' parent = 'null', cardNumber='null'}, Requirement{name='El usuario realiza compra de paquetes por WhatsApp', type='feature' parent = 'null', cardNumber='null'}, Requirement{name='Compras Mi Claro App', type='feature' parent = 'null', cardNumber='null'}, Requirement{name='Se requiere tomar evidencias de las consultas realizadas en CMAX', type='feature' parent = 'null', cardNumber='null'}]
2026-02-09 10:21:24 [pool-2-thread-1] DEBUG:: Requirement found for test outcome Realizar la compra de un paquete por Mi Claro APP-[]: Optional[Requirement{name='Compras Mi Claro App', type='feature' parent = 'null', cardNumber='null'}]
2026-02-09 10:21:24 [pool-2-thread-1] DEBUG:: Requirement found for test outcome Realizar la compra de un paquete por Mi Claro APP-[]: Optional[Requirement{name='Compras Mi Claro App', type='feature' parent = 'null', cardNumber='null'}]
2026-02-09 10:21:25 [pool-2-thread-1] DEBUG:: Requirement found for test outcome Realizar la compra de un paquete por Mi Claro APP-[]: Optional[Requirement{name='Compras Mi Claro App', type='feature' parent = 'null', cardNumber='null'}]
2026-02-09 10:21:25 [pool-2-thread-1] DEBUG:: Requirement found for test outcome Realizar la compra de un paquete por Mi Claro APP-[]: Optional[Requirement{name='Compras Mi Claro App', type='feature' parent = 'null', cardNumber='null'}]
2026-02-09 10:21:27 [pool-2-thread-1] DEBUG:: Generating report in 7906e6c519a50ca4dcf213a8bb33a00c31f257005334ec0bf073fd4d35dcee7c_screenshots.html
2026-02-09 10:21:27 [pool-2-thread-1] DEBUG:: Couldn't find template in cache for "freemarker/screenshots.ftl"("en_GB", Cp1252, parsed); will try to load it.
2026-02-09 10:21:27 [pool-2-thread-1] DEBUG:: TemplateLoader.findTemplateSource("freemarker/screenshots_en_GB.ftl"): Not found
2026-02-09 10:21:27 [pool-2-thread-1] DEBUG:: TemplateLoader.findTemplateSource("freemarker/screenshots_en.ftl"): Not found
2026-02-09 10:21:27 [pool-2-thread-1] DEBUG:: TemplateLoader.findTemplateSource("freemarker/screenshots.ftl"): Found
2026-02-09 10:21:27 [pool-2-thread-1] DEBUG:: Loading template for "freemarker/screenshots.ftl"("en_GB", Cp1252, parsed) from "jar:file:/C:/Users/EC3151U/.gradle/caches/modules-2/files-2.1/net.serenity-bdd/serenity-report-resources/2.0.71/fccc65639030c5e830b8f6a77254ad70b23b9fbe/serenity-report-resources-2.0.71.jar!/freemarker/screenshots.ftl"
2026-02-09 10:21:27 [pool-2-thread-1] DEBUG:: Couldn't find template in cache for "freemarker/libraries/favicon.ftl"("en_GB", Cp1252, parsed); will try to load it.
2026-02-09 10:21:27 [pool-2-thread-1] DEBUG:: TemplateLoader.findTemplateSource("freemarker/libraries/favicon_en_GB.ftl"): Not found
2026-02-09 10:21:27 [pool-2-thread-1] DEBUG:: TemplateLoader.findTemplateSource("freemarker/libraries/favicon_en.ftl"): Not found
2026-02-09 10:21:27 [pool-2-thread-1] DEBUG:: TemplateLoader.findTemplateSource("freemarker/libraries/favicon.ftl"): Found
2026-02-09 10:21:27 [pool-2-thread-1] DEBUG:: Loading template for "freemarker/libraries/favicon.ftl"("en_GB", Cp1252, parsed) from "jar:file:/C:/Users/EC3151U/.gradle/caches/modules-2/files-2.1/net.serenity-bdd/serenity-report-resources/2.0.71/fccc65639030c5e830b8f6a77254ad70b23b9fbe/serenity-report-resources-2.0.71.jar!/freemarker/libraries/favicon.ftl"
2026-02-09 10:21:27 [pool-2-thread-1] DEBUG:: Couldn't find template in cache for "freemarker/libraries/common.ftl"("en_GB", Cp1252, parsed); will try to load it.
2026-02-09 10:21:27 [pool-2-thread-1] DEBUG:: TemplateLoader.findTemplateSource("freemarker/libraries/common_en_GB.ftl"): Not found
2026-02-09 10:21:27 [pool-2-thread-1] DEBUG:: TemplateLoader.findTemplateSource("freemarker/libraries/common_en.ftl"): Not found
2026-02-09 10:21:27 [pool-2-thread-1] DEBUG:: TemplateLoader.findTemplateSource("freemarker/libraries/common.ftl"): Found
2026-02-09 10:21:27 [pool-2-thread-1] DEBUG:: Loading template for "freemarker/libraries/common.ftl"("en_GB", Cp1252, parsed) from "jar:file:/C:/Users/EC3151U/.gradle/caches/modules-2/files-2.1/net.serenity-bdd/serenity-report-resources/2.0.71/fccc65639030c5e830b8f6a77254ad70b23b9fbe/serenity-report-resources-2.0.71.jar!/freemarker/libraries/common.ftl"
2026-02-09 10:21:27 [pool-2-thread-1] DEBUG:: Couldn't find template in cache for "freemarker/libraries/font-awesome.ftl"("en_GB", Cp1252, parsed); will try to load it.
2026-02-09 10:21:27 [pool-2-thread-1] DEBUG:: TemplateLoader.findTemplateSource("freemarker/libraries/font-awesome_en_GB.ftl"): Not found
2026-02-09 10:21:27 [pool-2-thread-1] DEBUG:: TemplateLoader.findTemplateSource("freemarker/libraries/font-awesome_en.ftl"): Not found
2026-02-09 10:21:27 [pool-2-thread-1] DEBUG:: TemplateLoader.findTemplateSource("freemarker/libraries/font-awesome.ftl"): Found
2026-02-09 10:21:27 [pool-2-thread-1] DEBUG:: Loading template for "freemarker/libraries/font-awesome.ftl"("en_GB", Cp1252, parsed) from "jar:file:/C:/Users/EC3151U/.gradle/caches/modules-2/files-2.1/net.serenity-bdd/serenity-report-resources/2.0.71/fccc65639030c5e830b8f6a77254ad70b23b9fbe/serenity-report-resources-2.0.71.jar!/freemarker/libraries/font-awesome.ftl"
2026-02-09 10:21:27 [pool-2-thread-1] DEBUG:: Couldn't find template in cache for "freemarker/libraries/jquery.ftl"("en_GB", Cp1252, parsed); will try to load it.
2026-02-09 10:21:27 [pool-2-thread-1] DEBUG:: TemplateLoader.findTemplateSource("freemarker/libraries/jquery_en_GB.ftl"): Not found
2026-02-09 10:21:27 [pool-2-thread-1] DEBUG:: TemplateLoader.findTemplateSource("freemarker/libraries/jquery_en.ftl"): Not found
2026-02-09 10:21:27 [pool-2-thread-1] DEBUG:: TemplateLoader.findTemplateSource("freemarker/libraries/jquery.ftl"): Found
2026-02-09 10:21:27 [pool-2-thread-1] DEBUG:: Loading template for "freemarker/libraries/jquery.ftl"("en_GB", Cp1252, parsed) from "jar:file:/C:/Users/EC3151U/.gradle/caches/modules-2/files-2.1/net.serenity-bdd/serenity-report-resources/2.0.71/fccc65639030c5e830b8f6a77254ad70b23b9fbe/serenity-report-resources-2.0.71.jar!/freemarker/libraries/jquery.ftl"
2026-02-09 10:21:27 [pool-2-thread-1] DEBUG:: Couldn't find template in cache for "freemarker/libraries/chartist.ftl"("en_GB", Cp1252, parsed); will try to load it.
2026-02-09 10:21:27 [pool-2-thread-1] DEBUG:: TemplateLoader.findTemplateSource("freemarker/libraries/chartist_en_GB.ftl"): Not found
2026-02-09 10:21:27 [pool-2-thread-1] DEBUG:: TemplateLoader.findTemplateSource("freemarker/libraries/chartist_en.ftl"): Not found
2026-02-09 10:21:27 [pool-2-thread-1] DEBUG:: TemplateLoader.findTemplateSource("freemarker/libraries/chartist.ftl"): Found
2026-02-09 10:21:27 [pool-2-thread-1] DEBUG:: Loading template for "freemarker/libraries/chartist.ftl"("en_GB", Cp1252, parsed) from "jar:file:/C:/Users/EC3151U/.gradle/caches/modules-2/files-2.1/net.serenity-bdd/serenity-report-resources/2.0.71/fccc65639030c5e830b8f6a77254ad70b23b9fbe/serenity-report-resources-2.0.71.jar!/freemarker/libraries/chartist.ftl"
2026-02-09 10:21:27 [pool-2-thread-1] DEBUG:: Couldn't find template in cache for "freemarker/libraries/treeview.ftl"("en_GB", Cp1252, parsed); will try to load it.
2026-02-09 10:21:27 [pool-2-thread-1] DEBUG:: TemplateLoader.findTemplateSource("freemarker/libraries/treeview_en_GB.ftl"): Not found
2026-02-09 10:21:27 [pool-2-thread-1] DEBUG:: TemplateLoader.findTemplateSource("freemarker/libraries/treeview_en.ftl"): Not found
2026-02-09 10:21:27 [pool-2-thread-1] DEBUG:: TemplateLoader.findTemplateSource("freemarker/libraries/treeview.ftl"): Found
2026-02-09 10:21:27 [pool-2-thread-1] DEBUG:: Loading template for "freemarker/libraries/treeview.ftl"("en_GB", Cp1252, parsed) from "jar:file:/C:/Users/EC3151U/.gradle/caches/modules-2/files-2.1/net.serenity-bdd/serenity-report-resources/2.0.71/fccc65639030c5e830b8f6a77254ad70b23b9fbe/serenity-report-resources-2.0.71.jar!/freemarker/libraries/treeview.ftl"
2026-02-09 10:21:27 [pool-2-thread-1] DEBUG:: Couldn't find template in cache for "freemarker/libraries/datatables.ftl"("en_GB", Cp1252, parsed); will try to load it.
2026-02-09 10:21:27 [pool-2-thread-1] DEBUG:: TemplateLoader.findTemplateSource("freemarker/libraries/datatables_en_GB.ftl"): Not found
2026-02-09 10:21:27 [pool-2-thread-1] DEBUG:: TemplateLoader.findTemplateSource("freemarker/libraries/datatables_en.ftl"): Not found
2026-02-09 10:21:27 [pool-2-thread-1] DEBUG:: TemplateLoader.findTemplateSource("freemarker/libraries/datatables.ftl"): Found
2026-02-09 10:21:27 [pool-2-thread-1] DEBUG:: Loading template for "freemarker/libraries/datatables.ftl"("en_GB", Cp1252, parsed) from "jar:file:/C:/Users/EC3151U/.gradle/caches/modules-2/files-2.1/net.serenity-bdd/serenity-report-resources/2.0.71/fccc65639030c5e830b8f6a77254ad70b23b9fbe/serenity-report-resources-2.0.71.jar!/freemarker/libraries/datatables.ftl"
2026-02-09 10:21:27 [pool-2-thread-1] DEBUG:: Couldn't find template in cache for "freemarker/libraries/css.ftl"("en_GB", Cp1252, parsed); will try to load it.
2026-02-09 10:21:27 [pool-2-thread-1] DEBUG:: TemplateLoader.findTemplateSource("freemarker/libraries/css_en_GB.ftl"): Not found
2026-02-09 10:21:27 [pool-2-thread-1] DEBUG:: TemplateLoader.findTemplateSource("freemarker/libraries/css_en.ftl"): Not found
2026-02-09 10:21:27 [pool-2-thread-1] DEBUG:: TemplateLoader.findTemplateSource("freemarker/libraries/css.ftl"): Found
2026-02-09 10:21:27 [pool-2-thread-1] DEBUG:: Loading template for "freemarker/libraries/css.ftl"("en_GB", Cp1252, parsed) from "jar:file:/C:/Users/EC3151U/.gradle/caches/modules-2/files-2.1/net.serenity-bdd/serenity-report-resources/2.0.71/fccc65639030c5e830b8f6a77254ad70b23b9fbe/serenity-report-resources-2.0.71.jar!/freemarker/libraries/css.ftl"
2026-02-09 10:21:27 [pool-2-thread-1] DEBUG:: Couldn't find template in cache for "freemarker/libraries/nivo-slider.ftl"("en_GB", Cp1252, parsed); will try to load it.
2026-02-09 10:21:27 [pool-2-thread-1] DEBUG:: TemplateLoader.findTemplateSource("freemarker/libraries/nivo-slider_en_GB.ftl"): Not found
2026-02-09 10:21:27 [pool-2-thread-1] DEBUG:: TemplateLoader.findTemplateSource("freemarker/libraries/nivo-slider_en.ftl"): Not found
2026-02-09 10:21:27 [pool-2-thread-1] DEBUG:: TemplateLoader.findTemplateSource("freemarker/libraries/nivo-slider.ftl"): Found
2026-02-09 10:21:27 [pool-2-thread-1] DEBUG:: Loading template for "freemarker/libraries/nivo-slider.ftl"("en_GB", Cp1252, parsed) from "jar:file:/C:/Users/EC3151U/.gradle/caches/modules-2/files-2.1/net.serenity-bdd/serenity-report-resources/2.0.71/fccc65639030c5e830b8f6a77254ad70b23b9fbe/serenity-report-resources-2.0.71.jar!/freemarker/libraries/nivo-slider.ftl"
2026-02-09 10:21:27 [pool-2-thread-1] DEBUG:: Couldn't find template in cache for "freemarker/components/stacktrace.ftl"("en_GB", Cp1252, parsed); will try to load it.
2026-02-09 10:21:27 [pool-2-thread-1] DEBUG:: TemplateLoader.findTemplateSource("freemarker/components/stacktrace_en_GB.ftl"): Not found
2026-02-09 10:21:27 [pool-2-thread-1] DEBUG:: TemplateLoader.findTemplateSource("freemarker/components/stacktrace_en.ftl"): Not found
2026-02-09 10:21:27 [pool-2-thread-1] DEBUG:: TemplateLoader.findTemplateSource("freemarker/components/stacktrace.ftl"): Found
2026-02-09 10:21:27 [pool-2-thread-1] DEBUG:: Loading template for "freemarker/components/stacktrace.ftl"("en_GB", Cp1252, parsed) from "jar:file:/C:/Users/EC3151U/.gradle/caches/modules-2/files-2.1/net.serenity-bdd/serenity-report-resources/2.0.71/fccc65639030c5e830b8f6a77254ad70b23b9fbe/serenity-report-resources-2.0.71.jar!/freemarker/components/stacktrace.ftl"
2026-02-09 10:21:27 [pool-2-thread-1] DEBUG:: Couldn't find template in cache for "freemarker/menu.ftl"("en_GB", Cp1252, parsed); will try to load it.
2026-02-09 10:21:27 [pool-2-thread-1] DEBUG:: TemplateLoader.findTemplateSource("freemarker/menu_en_GB.ftl"): Not found
2026-02-09 10:21:27 [pool-2-thread-1] DEBUG:: TemplateLoader.findTemplateSource("freemarker/menu_en.ftl"): Not found
2026-02-09 10:21:27 [pool-2-thread-1] DEBUG:: TemplateLoader.findTemplateSource("freemarker/menu.ftl"): Found
2026-02-09 10:21:27 [pool-2-thread-1] DEBUG:: Loading template for "freemarker/menu.ftl"("en_GB", Cp1252, parsed) from "jar:file:/C:/Users/EC3151U/.gradle/caches/modules-2/files-2.1/net.serenity-bdd/serenity-report-resources/2.0.71/fccc65639030c5e830b8f6a77254ad70b23b9fbe/serenity-report-resources-2.0.71.jar!/freemarker/menu.ftl"
2026-02-09 10:21:28 [pool-2-thread-1] DEBUG:: Key "depthIndicatorForLevel" was not found on instance of net.thucydides.core.reports.html.Formatter. Introspection information for the class is: {resultRank=public net.thucydides.core.reports.html.ResultRankingFormatter net.thucydides.core.reports.html.Formatter.resultRank(), renderMarkdown=public java.lang.String net.thucydides.core.reports.html.Formatter.renderMarkdown(java.lang.String), getClass=public final native java.lang.Class java.lang.Object.getClass(), addMarkdownLineBreaks=public static java.lang.String net.thucydides.core.reports.html.Formatter.addMarkdownLineBreaks(java.lang.String), addLineBreaks=public static java.lang.String net.thucydides.core.reports.html.Formatter.addLineBreaks(java.lang.String), htmlCompatibleStepDescription=public java.lang.String net.thucydides.core.reports.html.Formatter.htmlCompatibleStepDescription(java.lang.Object), renderDescriptionWithEmbeddedResults=public java.lang.String net.thucydides.core.reports.html.Formatter.renderDescriptionWithEmbeddedResults(java.lang.String,net.thucydides.core.requirements.reports.RequirementsOutcomes), renderDescription=public java.lang.String net.thucydides.core.reports.html.Formatter.renderDescription(java.lang.String), renderText=public java.lang.String net.thucydides.core.reports.html.Formatter.renderText(java.lang.String), plainHtmlCompatible=public java.lang.String net.thucydides.core.reports.html.Formatter.plainHtmlCompatible(java.lang.Object), restQuery=public java.lang.String net.thucydides.core.reports.html.Formatter.restQuery(java.lang.String), renderTableDescription=public java.lang.String net.thucydides.core.reports.html.Formatter.renderTableDescription(java.lang.String,net.thucydides.core.requirements.reports.RequirementsOutcomes), resultIcon=public net.thucydides.core.reports.html.ResultIconFormatter net.thucydides.core.reports.html.Formatter.resultIcon(), hashCode=public native int java.lang.Object.hashCode(), renderHeaders=public java.lang.String net.thucydides.core.reports.html.Formatter.renderHeaders(java.lang.String), renderHtmlEscapedDescription=public java.lang.String net.thucydides.core.reports.html.Formatter.renderHtmlEscapedDescription(java.lang.String), class=freemarker.ext.beans.FastPropertyDescriptor@57cef1b2, humanReadableFormOf=public java.lang.String net.thucydides.core.reports.html.Formatter.humanReadableFormOf(java.lang.String), java.lang.Object@2de6dc05={public java.lang.String java.lang.Object.toString()=[Ljava.lang.Class;@28d69851, public java.lang.String net.thucydides.core.reports.html.Formatter.htmlCompatibleStoryTitle(java.lang.Object)=[Ljava.lang.Class;@2a39e614, public java.lang.String net.thucydides.core.reports.html.Formatter.messageBody(java.lang.String)=[Ljava.lang.Class;@4686b8d7, public java.lang.String net.thucydides.core.reports.html.Formatter.renderAsciidoc(java.lang.String)=[Ljava.lang.Class;@666592d4, public java.lang.String net.thucydides.core.reports.html.Formatter.truncatedHtmlCompatible(java.lang.String,int)=[Ljava.lang.Class;@7aed8a59, public boolean java.lang.Object.equals(java.lang.Object)=[Ljava.lang.Class;@1f81ca56, public java.lang.String net.thucydides.core.reports.html.Formatter.htmlCompatible(java.lang.Object)=[Ljava.lang.Class;@6cb28971, public java.lang.String net.thucydides.core.reports.html.Formatter.escapedXML(java.lang.String)=[Ljava.lang.Class;@268b4501, public java.lang.String net.thucydides.core.reports.html.Formatter.htmlCompatibleTestTitle(java.lang.Object)=[Ljava.lang.Class;@3022accb, public java.lang.String net.thucydides.core.reports.html.Formatter.formatWithFields(java.lang.String)=[Ljava.lang.Class;@21e013e3, public java.lang.String net.thucydides.core.reports.html.Formatter.convertAnyTables(java.lang.String)=[Ljava.lang.Class;@59e1ffaf, public net.thucydides.core.reports.html.ResultRankingFormatter net.thucydides.core.reports.html.Formatter.resultRank()=[Ljava.lang.Class;@25be1adf, public java.lang.String net.thucydides.core.reports.html.Formatter.renderMarkdown(java.lang.String)=[Ljava.lang.Class;@5fbe57, public static java.lang.String net.thucydides.core.reports.html.Formatter.addMarkdownLineBreaks(java.lang.String)=[Ljava.lang.Class;@2181cab4, public static java.lang.String net.thucydides.core.reports.html.Formatter.addLineBreaks(java.lang.String)=[Ljava.lang.Class;@77cb45ac, public java.lang.String net.thucydides.core.reports.html.Formatter.htmlCompatibleStepDescription(java.lang.Object)=[Ljava.lang.Class;@22f6d168, public java.lang.String net.thucydides.core.reports.html.Formatter.renderDescriptionWithEmbeddedResults(java.lang.String,net.thucydides.core.requirements.reports.RequirementsOutcomes)=[Ljava.lang.Class;@5fa66e67, public native int java.lang.Object.hashCode()=[Ljava.lang.Class;@70dddb4d, public java.lang.String net.thucydides.core.reports.html.Formatter.renderText(java.lang.String)=[Ljava.lang.Class;@5d9606df, public java.lang.String net.thucydides.core.reports.html.Formatter.plainHtmlCompatible(java.lang.Object)=[Ljava.lang.Class;@49ffe194, public java.lang.String net.thucydides.core.reports.html.Formatter.restQuery(java.lang.String)=[Ljava.lang.Class;@25466b9a, public java.lang.String net.thucydides.core.reports.html.Formatter.renderDescription(java.lang.String)=[Ljava.lang.Class;@3b5fdbcc, public java.lang.String net.thucydides.core.reports.html.Formatter.renderTableDescription(java.lang.String,net.thucydides.core.requirements.reports.RequirementsOutcomes)=[Ljava.lang.Class;@56128286, public net.thucydides.core.reports.html.ResultIconFormatter net.thucydides.core.reports.html.Formatter.resultIcon()=[Ljava.lang.Class;@60572a91, public java.lang.String net.thucydides.core.reports.html.Formatter.renderHeaders(java.lang.String)=[Ljava.lang.Class;@765b87ba, public java.lang.String net.thucydides.core.reports.html.Formatter.renderHtmlEscapedDescription(java.lang.String)=[Ljava.lang.Class;@331fb306, public final native java.lang.Class java.lang.Object.getClass()=[Ljava.lang.Class;@715b1151, public java.lang.String net.thucydides.core.reports.html.Formatter.humanReadableFormOf(java.lang.String)=[Ljava.lang.Class;@2881ae49}, htmlCompatibleStoryTitle=public java.lang.String net.thucydides.core.reports.html.Formatter.htmlCompatibleStoryTitle(java.lang.Object), messageBody=public java.lang.String net.thucydides.core.reports.html.Formatter.messageBody(java.lang.String), truncatedHtmlCompatible=public java.lang.String net.thucydides.core.reports.html.Formatter.truncatedHtmlCompatible(java.lang.String,int), renderAsciidoc=public java.lang.String net.thucydides.core.reports.html.Formatter.renderAsciidoc(java.lang.String), htmlCompatible=public java.lang.String net.thucydides.core.reports.html.Formatter.htmlCompatible(java.lang.Object), htmlAttributeCompatible=freemarker.ext.beans.OverloadedMethods@94772b, escapedXML=public java.lang.String net.thucydides.core.reports.html.Formatter.escapedXML(java.lang.String), htmlCompatibleTestTitle=public java.lang.String net.thucydides.core.reports.html.Formatter.htmlCompatibleTestTitle(java.lang.Object), equals=public boolean java.lang.Object.equals(java.lang.Object), formatWithFields=public java.lang.String net.thucydides.core.reports.html.Formatter.formatWithFields(java.lang.String), toString=public java.lang.String java.lang.Object.toString(), convertAnyTables=public java.lang.String net.thucydides.core.reports.html.Formatter.convertAnyTables(java.lang.String), java.lang.Object@1b7c9d41=freemarker.ext.beans.OverloadedMethods@24d9ab4}
2026-02-09 10:21:28 [pool-2-thread-1] DEBUG:: Key "depthIndicatorForLevel" was not found on instance of net.thucydides.core.reports.html.Formatter. Introspection information for the class is: {resultRank=public net.thucydides.core.reports.html.ResultRankingFormatter net.thucydides.core.reports.html.Formatter.resultRank(), renderMarkdown=public java.lang.String net.thucydides.core.reports.html.Formatter.renderMarkdown(java.lang.String), getClass=public final native java.lang.Class java.lang.Object.getClass(), addMarkdownLineBreaks=public static java.lang.String net.thucydides.core.reports.html.Formatter.addMarkdownLineBreaks(java.lang.String), addLineBreaks=public static java.lang.String net.thucydides.core.reports.html.Formatter.addLineBreaks(java.lang.String), htmlCompatibleStepDescription=public java.lang.String net.thucydides.core.reports.html.Formatter.htmlCompatibleStepDescription(java.lang.Object), renderDescriptionWithEmbeddedResults=public java.lang.String net.thucydides.core.reports.html.Formatter.renderDescriptionWithEmbeddedResults(java.lang.String,net.thucydides.core.requirements.reports.RequirementsOutcomes), renderDescription=public java.lang.String net.thucydides.core.reports.html.Formatter.renderDescription(java.lang.String), renderText=public java.lang.String net.thucydides.core.reports.html.Formatter.renderText(java.lang.String), plainHtmlCompatible=public java.lang.String net.thucydides.core.reports.html.Formatter.plainHtmlCompatible(java.lang.Object), restQuery=public java.lang.String net.thucydides.core.reports.html.Formatter.restQuery(java.lang.String), renderTableDescription=public java.lang.String net.thucydides.core.reports.html.Formatter.renderTableDescription(java.lang.String,net.thucydides.core.requirements.reports.RequirementsOutcomes), resultIcon=public net.thucydides.core.reports.html.ResultIconFormatter net.thucydides.core.reports.html.Formatter.resultIcon(), hashCode=public native int java.lang.Object.hashCode(), renderHeaders=public java.lang.String net.thucydides.core.reports.html.Formatter.renderHeaders(java.lang.String), renderHtmlEscapedDescription=public java.lang.String net.thucydides.core.reports.html.Formatter.renderHtmlEscapedDescription(java.lang.String), class=freemarker.ext.beans.FastPropertyDescriptor@57cef1b2, humanReadableFormOf=public java.lang.String net.thucydides.core.reports.html.Formatter.humanReadableFormOf(java.lang.String), java.lang.Object@2de6dc05={public java.lang.String java.lang.Object.toString()=[Ljava.lang.Class;@28d69851, public java.lang.String net.thucydides.core.reports.html.Formatter.htmlCompatibleStoryTitle(java.lang.Object)=[Ljava.lang.Class;@2a39e614, public java.lang.String net.thucydides.core.reports.html.Formatter.messageBody(java.lang.String)=[Ljava.lang.Class;@4686b8d7, public java.lang.String net.thucydides.core.reports.html.Formatter.renderAsciidoc(java.lang.String)=[Ljava.lang.Class;@666592d4, public java.lang.String net.thucydides.core.reports.html.Formatter.truncatedHtmlCompatible(java.lang.String,int)=[Ljava.lang.Class;@7aed8a59, public boolean java.lang.Object.equals(java.lang.Object)=[Ljava.lang.Class;@1f81ca56, public java.lang.String net.thucydides.core.reports.html.Formatter.htmlCompatible(java.lang.Object)=[Ljava.lang.Class;@6cb28971, public java.lang.String net.thucydides.core.reports.html.Formatter.escapedXML(java.lang.String)=[Ljava.lang.Class;@268b4501, public java.lang.String net.thucydides.core.reports.html.Formatter.htmlCompatibleTestTitle(java.lang.Object)=[Ljava.lang.Class;@3022accb, public java.lang.String net.thucydides.core.reports.html.Formatter.formatWithFields(java.lang.String)=[Ljava.lang.Class;@21e013e3, public java.lang.String net.thucydides.core.reports.html.Formatter.convertAnyTables(java.lang.String)=[Ljava.lang.Class;@59e1ffaf, public net.thucydides.core.reports.html.ResultRankingFormatter net.thucydides.core.reports.html.Formatter.resultRank()=[Ljava.lang.Class;@25be1adf, public java.lang.String net.thucydides.core.reports.html.Formatter.renderMarkdown(java.lang.String)=[Ljava.lang.Class;@5fbe57, public static java.lang.String net.thucydides.core.reports.html.Formatter.addMarkdownLineBreaks(java.lang.String)=[Ljava.lang.Class;@2181cab4, public static java.lang.String net.thucydides.core.reports.html.Formatter.addLineBreaks(java.lang.String)=[Ljava.lang.Class;@77cb45ac, public java.lang.String net.thucydides.core.reports.html.Formatter.htmlCompatibleStepDescription(java.lang.Object)=[Ljava.lang.Class;@22f6d168, public java.lang.String net.thucydides.core.reports.html.Formatter.renderDescriptionWithEmbeddedResults(java.lang.String,net.thucydides.core.requirements.reports.RequirementsOutcomes)=[Ljava.lang.Class;@5fa66e67, public native int java.lang.Object.hashCode()=[Ljava.lang.Class;@70dddb4d, public java.lang.String net.thucydides.core.reports.html.Formatter.renderText(java.lang.String)=[Ljava.lang.Class;@5d9606df, public java.lang.String net.thucydides.core.reports.html.Formatter.plainHtmlCompatible(java.lang.Object)=[Ljava.lang.Class;@49ffe194, public java.lang.String net.thucydides.core.reports.html.Formatter.restQuery(java.lang.String)=[Ljava.lang.Class;@25466b9a, public java.lang.String net.thucydides.core.reports.html.Formatter.renderDescription(java.lang.String)=[Ljava.lang.Class;@3b5fdbcc, public java.lang.String net.thucydides.core.reports.html.Formatter.renderTableDescription(java.lang.String,net.thucydides.core.requirements.reports.RequirementsOutcomes)=[Ljava.lang.Class;@56128286, public net.thucydides.core.reports.html.ResultIconFormatter net.thucydides.core.reports.html.Formatter.resultIcon()=[Ljava.lang.Class;@60572a91, public java.lang.String net.thucydides.core.reports.html.Formatter.renderHeaders(java.lang.String)=[Ljava.lang.Class;@765b87ba, public java.lang.String net.thucydides.core.reports.html.Formatter.renderHtmlEscapedDescription(java.lang.String)=[Ljava.lang.Class;@331fb306, public final native java.lang.Class java.lang.Object.getClass()=[Ljava.lang.Class;@715b1151, public java.lang.String net.thucydides.core.reports.html.Formatter.humanReadableFormOf(java.lang.String)=[Ljava.lang.Class;@2881ae49}, htmlCompatibleStoryTitle=public java.lang.String net.thucydides.core.reports.html.Formatter.htmlCompatibleStoryTitle(java.lang.Object), messageBody=public java.lang.String net.thucydides.core.reports.html.Formatter.messageBody(java.lang.String), truncatedHtmlCompatible=public java.lang.String net.thucydides.core.reports.html.Formatter.truncatedHtmlCompatible(java.lang.String,int), renderAsciidoc=public java.lang.String net.thucydides.core.reports.html.Formatter.renderAsciidoc(java.lang.String), htmlCompatible=public java.lang.String net.thucydides.core.reports.html.Formatter.htmlCompatible(java.lang.Object), htmlAttributeCompatible=freemarker.ext.beans.OverloadedMethods@94772b, escapedXML=public java.lang.String net.thucydides.core.reports.html.Formatter.escapedXML(java.lang.String), htmlCompatibleTestTitle=public java.lang.String net.thucydides.core.reports.html.Formatter.htmlCompatibleTestTitle(java.lang.Object), equals=public boolean java.lang.Object.equals(java.lang.Object), formatWithFields=public java.lang.String net.thucydides.core.reports.html.Formatter.formatWithFields(java.lang.String), toString=public java.lang.String java.lang.Object.toString(), convertAnyTables=public java.lang.String net.thucydides.core.reports.html.Formatter.convertAnyTables(java.lang.String), java.lang.Object@1b7c9d41=freemarker.ext.beans.OverloadedMethods@24d9ab4}
2026-02-09 10:21:28 [pool-2-thread-1] DEBUG:: Key "depthIndicatorForLevel" was not found on instance of net.thucydides.core.reports.html.Formatter. Introspection information for the class is: {resultRank=public net.thucydides.core.reports.html.ResultRankingFormatter net.thucydides.core.reports.html.Formatter.resultRank(), renderMarkdown=public java.lang.String net.thucydides.core.reports.html.Formatter.renderMarkdown(java.lang.String), getClass=public final native java.lang.Class java.lang.Object.getClass(), addMarkdownLineBreaks=public static java.lang.String net.thucydides.core.reports.html.Formatter.addMarkdownLineBreaks(java.lang.String), addLineBreaks=public static java.lang.String net.thucydides.core.reports.html.Formatter.addLineBreaks(java.lang.String), htmlCompatibleStepDescription=public java.lang.String net.thucydides.core.reports.html.Formatter.htmlCompatibleStepDescription(java.lang.Object), renderDescriptionWithEmbeddedResults=public java.lang.String net.thucydides.core.reports.html.Formatter.renderDescriptionWithEmbeddedResults(java.lang.String,net.thucydides.core.requirements.reports.RequirementsOutcomes), renderDescription=public java.lang.String net.thucydides.core.reports.html.Formatter.renderDescription(java.lang.String), renderText=public java.lang.String net.thucydides.core.reports.html.Formatter.renderText(java.lang.String), plainHtmlCompatible=public java.lang.String net.thucydides.core.reports.html.Formatter.plainHtmlCompatible(java.lang.Object), restQuery=public java.lang.String net.thucydides.core.reports.html.Formatter.restQuery(java.lang.String), renderTableDescription=public java.lang.String net.thucydides.core.reports.html.Formatter.renderTableDescription(java.lang.String,net.thucydides.core.requirements.reports.RequirementsOutcomes), resultIcon=public net.thucydides.core.reports.html.ResultIconFormatter net.thucydides.core.reports.html.Formatter.resultIcon(), hashCode=public native int java.lang.Object.hashCode(), renderHeaders=public java.lang.String net.thucydides.core.reports.html.Formatter.renderHeaders(java.lang.String), renderHtmlEscapedDescription=public java.lang.String net.thucydides.core.reports.html.Formatter.renderHtmlEscapedDescription(java.lang.String), class=freemarker.ext.beans.FastPropertyDescriptor@57cef1b2, humanReadableFormOf=public java.lang.String net.thucydides.core.reports.html.Formatter.humanReadableFormOf(java.lang.String), java.lang.Object@2de6dc05={public java.lang.String java.lang.Object.toString()=[Ljava.lang.Class;@28d69851, public java.lang.String net.thucydides.core.reports.html.Formatter.htmlCompatibleStoryTitle(java.lang.Object)=[Ljava.lang.Class;@2a39e614, public java.lang.String net.thucydides.core.reports.html.Formatter.messageBody(java.lang.String)=[Ljava.lang.Class;@4686b8d7, public java.lang.String net.thucydides.core.reports.html.Formatter.renderAsciidoc(java.lang.String)=[Ljava.lang.Class;@666592d4, public java.lang.String net.thucydides.core.reports.html.Formatter.truncatedHtmlCompatible(java.lang.String,int)=[Ljava.lang.Class;@7aed8a59, public boolean java.lang.Object.equals(java.lang.Object)=[Ljava.lang.Class;@1f81ca56, public java.lang.String net.thucydides.core.reports.html.Formatter.htmlCompatible(java.lang.Object)=[Ljava.lang.Class;@6cb28971, public java.lang.String net.thucydides.core.reports.html.Formatter.escapedXML(java.lang.String)=[Ljava.lang.Class;@268b4501, public java.lang.String net.thucydides.core.reports.html.Formatter.htmlCompatibleTestTitle(java.lang.Object)=[Ljava.lang.Class;@3022accb, public java.lang.String net.thucydides.core.reports.html.Formatter.formatWithFields(java.lang.String)=[Ljava.lang.Class;@21e013e3, public java.lang.String net.thucydides.core.reports.html.Formatter.convertAnyTables(java.lang.String)=[Ljava.lang.Class;@59e1ffaf, public net.thucydides.core.reports.html.ResultRankingFormatter net.thucydides.core.reports.html.Formatter.resultRank()=[Ljava.lang.Class;@25be1adf, public java.lang.String net.thucydides.core.reports.html.Formatter.renderMarkdown(java.lang.String)=[Ljava.lang.Class;@5fbe57, public static java.lang.String net.thucydides.core.reports.html.Formatter.addMarkdownLineBreaks(java.lang.String)=[Ljava.lang.Class;@2181cab4, public static java.lang.String net.thucydides.core.reports.html.Formatter.addLineBreaks(java.lang.String)=[Ljava.lang.Class;@77cb45ac, public java.lang.String net.thucydides.core.reports.html.Formatter.htmlCompatibleStepDescription(java.lang.Object)=[Ljava.lang.Class;@22f6d168, public java.lang.String net.thucydides.core.reports.html.Formatter.renderDescriptionWithEmbeddedResults(java.lang.String,net.thucydides.core.requirements.reports.RequirementsOutcomes)=[Ljava.lang.Class;@5fa66e67, public native int java.lang.Object.hashCode()=[Ljava.lang.Class;@70dddb4d, public java.lang.String net.thucydides.core.reports.html.Formatter.renderText(java.lang.String)=[Ljava.lang.Class;@5d9606df, public java.lang.String net.thucydides.core.reports.html.Formatter.plainHtmlCompatible(java.lang.Object)=[Ljava.lang.Class;@49ffe194, public java.lang.String net.thucydides.core.reports.html.Formatter.restQuery(java.lang.String)=[Ljava.lang.Class;@25466b9a, public java.lang.String net.thucydides.core.reports.html.Formatter.renderDescription(java.lang.String)=[Ljava.lang.Class;@3b5fdbcc, public java.lang.String net.thucydides.core.reports.html.Formatter.renderTableDescription(java.lang.String,net.thucydides.core.requirements.reports.RequirementsOutcomes)=[Ljava.lang.Class;@56128286, public net.thucydides.core.reports.html.ResultIconFormatter net.thucydides.core.reports.html.Formatter.resultIcon()=[Ljava.lang.Class;@60572a91, public java.lang.String net.thucydides.core.reports.html.Formatter.renderHeaders(java.lang.String)=[Ljava.lang.Class;@765b87ba, public java.lang.String net.thucydides.core.reports.html.Formatter.renderHtmlEscapedDescription(java.lang.String)=[Ljava.lang.Class;@331fb306, public final native java.lang.Class java.lang.Object.getClass()=[Ljava.lang.Class;@715b1151, public java.lang.String net.thucydides.core.reports.html.Formatter.humanReadableFormOf(java.lang.String)=[Ljava.lang.Class;@2881ae49}, htmlCompatibleStoryTitle=public java.lang.String net.thucydides.core.reports.html.Formatter.htmlCompatibleStoryTitle(java.lang.Object), messageBody=public java.lang.String net.thucydides.core.reports.html.Formatter.messageBody(java.lang.String), truncatedHtmlCompatible=public java.lang.String net.thucydides.core.reports.html.Formatter.truncatedHtmlCompatible(java.lang.String,int), renderAsciidoc=public java.lang.String net.thucydides.core.reports.html.Formatter.renderAsciidoc(java.lang.String), htmlCompatible=public java.lang.String net.thucydides.core.reports.html.Formatter.htmlCompatible(java.lang.Object), htmlAttributeCompatible=freemarker.ext.beans.OverloadedMethods@94772b, escapedXML=public java.lang.String net.thucydides.core.reports.html.Formatter.escapedXML(java.lang.String), htmlCompatibleTestTitle=public java.lang.String net.thucydides.core.reports.html.Formatter.htmlCompatibleTestTitle(java.lang.Object), equals=public boolean java.lang.Object.equals(java.lang.Object), formatWithFields=public java.lang.String net.thucydides.core.reports.html.Formatter.formatWithFields(java.lang.String), toString=public java.lang.String java.lang.Object.toString(), convertAnyTables=public java.lang.String net.thucydides.core.reports.html.Formatter.convertAnyTables(java.lang.String), java.lang.Object@1b7c9d41=freemarker.ext.beans.OverloadedMethods@24d9ab4}
2026-02-09 10:21:28 [pool-2-thread-1] DEBUG:: Key "depthIndicatorForLevel" was not found on instance of net.thucydides.core.reports.html.Formatter. Introspection information for the class is: {resultRank=public net.thucydides.core.reports.html.ResultRankingFormatter net.thucydides.core.reports.html.Formatter.resultRank(), renderMarkdown=public java.lang.String net.thucydides.core.reports.html.Formatter.renderMarkdown(java.lang.String), getClass=public final native java.lang.Class java.lang.Object.getClass(), addMarkdownLineBreaks=public static java.lang.String net.thucydides.core.reports.html.Formatter.addMarkdownLineBreaks(java.lang.String), addLineBreaks=public static java.lang.String net.thucydides.core.reports.html.Formatter.addLineBreaks(java.lang.String), htmlCompatibleStepDescription=public java.lang.String net.thucydides.core.reports.html.Formatter.htmlCompatibleStepDescription(java.lang.Object), renderDescriptionWithEmbeddedResults=public java.lang.String net.thucydides.core.reports.html.Formatter.renderDescriptionWithEmbeddedResults(java.lang.String,net.thucydides.core.requirements.reports.RequirementsOutcomes), renderDescription=public java.lang.String net.thucydides.core.reports.html.Formatter.renderDescription(java.lang.String), renderText=public java.lang.String net.thucydides.core.reports.html.Formatter.renderText(java.lang.String), plainHtmlCompatible=public java.lang.String net.thucydides.core.reports.html.Formatter.plainHtmlCompatible(java.lang.Object), restQuery=public java.lang.String net.thucydides.core.reports.html.Formatter.restQuery(java.lang.String), renderTableDescription=public java.lang.String net.thucydides.core.reports.html.Formatter.renderTableDescription(java.lang.String,net.thucydides.core.requirements.reports.RequirementsOutcomes), resultIcon=public net.thucydides.core.reports.html.ResultIconFormatter net.thucydides.core.reports.html.Formatter.resultIcon(), hashCode=public native int java.lang.Object.hashCode(), renderHeaders=public java.lang.String net.thucydides.core.reports.html.Formatter.renderHeaders(java.lang.String), renderHtmlEscapedDescription=public java.lang.String net.thucydides.core.reports.html.Formatter.renderHtmlEscapedDescription(java.lang.String), class=freemarker.ext.beans.FastPropertyDescriptor@57cef1b2, humanReadableFormOf=public java.lang.String net.thucydides.core.reports.html.Formatter.humanReadableFormOf(java.lang.String), java.lang.Object@2de6dc05={public java.lang.String java.lang.Object.toString()=[Ljava.lang.Class;@28d69851, public java.lang.String net.thucydides.core.reports.html.Formatter.htmlCompatibleStoryTitle(java.lang.Object)=[Ljava.lang.Class;@2a39e614, public java.lang.String net.thucydides.core.reports.html.Formatter.messageBody(java.lang.String)=[Ljava.lang.Class;@4686b8d7, public java.lang.String net.thucydides.core.reports.html.Formatter.renderAsciidoc(java.lang.String)=[Ljava.lang.Class;@666592d4, public java.lang.String net.thucydides.core.reports.html.Formatter.truncatedHtmlCompatible(java.lang.String,int)=[Ljava.lang.Class;@7aed8a59, public boolean java.lang.Object.equals(java.lang.Object)=[Ljava.lang.Class;@1f81ca56, public java.lang.String net.thucydides.core.reports.html.Formatter.htmlCompatible(java.lang.Object)=[Ljava.lang.Class;@6cb28971, public java.lang.String net.thucydides.core.reports.html.Formatter.escapedXML(java.lang.String)=[Ljava.lang.Class;@268b4501, public java.lang.String net.thucydides.core.reports.html.Formatter.htmlCompatibleTestTitle(java.lang.Object)=[Ljava.lang.Class;@3022accb, public java.lang.String net.thucydides.core.reports.html.Formatter.formatWithFields(java.lang.String)=[Ljava.lang.Class;@21e013e3, public java.lang.String net.thucydides.core.reports.html.Formatter.convertAnyTables(java.lang.String)=[Ljava.lang.Class;@59e1ffaf, public net.thucydides.core.reports.html.ResultRankingFormatter net.thucydides.core.reports.html.Formatter.resultRank()=[Ljava.lang.Class;@25be1adf, public java.lang.String net.thucydides.core.reports.html.Formatter.renderMarkdown(java.lang.String)=[Ljava.lang.Class;@5fbe57, public static java.lang.String net.thucydides.core.reports.html.Formatter.addMarkdownLineBreaks(java.lang.String)=[Ljava.lang.Class;@2181cab4, public static java.lang.String net.thucydides.core.reports.html.Formatter.addLineBreaks(java.lang.String)=[Ljava.lang.Class;@77cb45ac, public java.lang.String net.thucydides.core.reports.html.Formatter.htmlCompatibleStepDescription(java.lang.Object)=[Ljava.lang.Class;@22f6d168, public java.lang.String net.thucydides.core.reports.html.Formatter.renderDescriptionWithEmbeddedResults(java.lang.String,net.thucydides.core.requirements.reports.RequirementsOutcomes)=[Ljava.lang.Class;@5fa66e67, public native int java.lang.Object.hashCode()=[Ljava.lang.Class;@70dddb4d, public java.lang.String net.thucydides.core.reports.html.Formatter.renderText(java.lang.String)=[Ljava.lang.Class;@5d9606df, public java.lang.String net.thucydides.core.reports.html.Formatter.plainHtmlCompatible(java.lang.Object)=[Ljava.lang.Class;@49ffe194, public java.lang.String net.thucydides.core.reports.html.Formatter.restQuery(java.lang.String)=[Ljava.lang.Class;@25466b9a, public java.lang.String net.thucydides.core.reports.html.Formatter.renderDescription(java.lang.String)=[Ljava.lang.Class;@3b5fdbcc, public java.lang.String net.thucydides.core.reports.html.Formatter.renderTableDescription(java.lang.String,net.thucydides.core.requirements.reports.RequirementsOutcomes)=[Ljava.lang.Class;@56128286, public net.thucydides.core.reports.html.ResultIconFormatter net.thucydides.core.reports.html.Formatter.resultIcon()=[Ljava.lang.Class;@60572a91, public java.lang.String net.thucydides.core.reports.html.Formatter.renderHeaders(java.lang.String)=[Ljava.lang.Class;@765b87ba, public java.lang.String net.thucydides.core.reports.html.Formatter.renderHtmlEscapedDescription(java.lang.String)=[Ljava.lang.Class;@331fb306, public final native java.lang.Class java.lang.Object.getClass()=[Ljava.lang.Class;@715b1151, public java.lang.String net.thucydides.core.reports.html.Formatter.humanReadableFormOf(java.lang.String)=[Ljava.lang.Class;@2881ae49}, htmlCompatibleStoryTitle=public java.lang.String net.thucydides.core.reports.html.Formatter.htmlCompatibleStoryTitle(java.lang.Object), messageBody=public java.lang.String net.thucydides.core.reports.html.Formatter.messageBody(java.lang.String), truncatedHtmlCompatible=public java.lang.String net.thucydides.core.reports.html.Formatter.truncatedHtmlCompatible(java.lang.String,int), renderAsciidoc=public java.lang.String net.thucydides.core.reports.html.Formatter.renderAsciidoc(java.lang.String), htmlCompatible=public java.lang.String net.thucydides.core.reports.html.Formatter.htmlCompatible(java.lang.Object), htmlAttributeCompatible=freemarker.ext.beans.OverloadedMethods@94772b, escapedXML=public java.lang.String net.thucydides.core.reports.html.Formatter.escapedXML(java.lang.String), htmlCompatibleTestTitle=public java.lang.String net.thucydides.core.reports.html.Formatter.htmlCompatibleTestTitle(java.lang.Object), equals=public boolean java.lang.Object.equals(java.lang.Object), formatWithFields=public java.lang.String net.thucydides.core.reports.html.Formatter.formatWithFields(java.lang.String), toString=public java.lang.String java.lang.Object.toString(), convertAnyTables=public java.lang.String net.thucydides.core.reports.html.Formatter.convertAnyTables(java.lang.String), java.lang.Object@1b7c9d41=freemarker.ext.beans.OverloadedMethods@24d9ab4}
2026-02-09 10:21:28 [pool-2-thread-1] DEBUG:: Key "depthIndicatorForLevel" was not found on instance of net.thucydides.core.reports.html.Formatter. Introspection information for the class is: {resultRank=public net.thucydides.core.reports.html.ResultRankingFormatter net.thucydides.core.reports.html.Formatter.resultRank(), renderMarkdown=public java.lang.String net.thucydides.core.reports.html.Formatter.renderMarkdown(java.lang.String), getClass=public final native java.lang.Class java.lang.Object.getClass(), addMarkdownLineBreaks=public static java.lang.String net.thucydides.core.reports.html.Formatter.addMarkdownLineBreaks(java.lang.String), addLineBreaks=public static java.lang.String net.thucydides.core.reports.html.Formatter.addLineBreaks(java.lang.String), htmlCompatibleStepDescription=public java.lang.String net.thucydides.core.reports.html.Formatter.htmlCompatibleStepDescription(java.lang.Object), renderDescriptionWithEmbeddedResults=public java.lang.String net.thucydides.core.reports.html.Formatter.renderDescriptionWithEmbeddedResults(java.lang.String,net.thucydides.core.requirements.reports.RequirementsOutcomes), renderDescription=public java.lang.String net.thucydides.core.reports.html.Formatter.renderDescription(java.lang.String), renderText=public java.lang.String net.thucydides.core.reports.html.Formatter.renderText(java.lang.String), plainHtmlCompatible=public java.lang.String net.thucydides.core.reports.html.Formatter.plainHtmlCompatible(java.lang.Object), restQuery=public java.lang.String net.thucydides.core.reports.html.Formatter.restQuery(java.lang.String), renderTableDescription=public java.lang.String net.thucydides.core.reports.html.Formatter.renderTableDescription(java.lang.String,net.thucydides.core.requirements.reports.RequirementsOutcomes), resultIcon=public net.thucydides.core.reports.html.ResultIconFormatter net.thucydides.core.reports.html.Formatter.resultIcon(), hashCode=public native int java.lang.Object.hashCode(), renderHeaders=public java.lang.String net.thucydides.core.reports.html.Formatter.renderHeaders(java.lang.String), renderHtmlEscapedDescription=public java.lang.String net.thucydides.core.reports.html.Formatter.renderHtmlEscapedDescription(java.lang.String), class=freemarker.ext.beans.FastPropertyDescriptor@57cef1b2, humanReadableFormOf=public java.lang.String net.thucydides.core.reports.html.Formatter.humanReadableFormOf(java.lang.String), java.lang.Object@2de6dc05={public java.lang.String java.lang.Object.toString()=[Ljava.lang.Class;@28d69851, public java.lang.String net.thucydides.core.reports.html.Formatter.htmlCompatibleStoryTitle(java.lang.Object)=[Ljava.lang.Class;@2a39e614, public java.lang.String net.thucydides.core.reports.html.Formatter.messageBody(java.lang.String)=[Ljava.lang.Class;@4686b8d7, public java.lang.String net.thucydides.core.reports.html.Formatter.renderAsciidoc(java.lang.String)=[Ljava.lang.Class;@666592d4, public java.lang.String net.thucydides.core.reports.html.Formatter.truncatedHtmlCompatible(java.lang.String,int)=[Ljava.lang.Class;@7aed8a59, public boolean java.lang.Object.equals(java.lang.Object)=[Ljava.lang.Class;@1f81ca56, public java.lang.String net.thucydides.core.reports.html.Formatter.htmlCompatible(java.lang.Object)=[Ljava.lang.Class;@6cb28971, public java.lang.String net.thucydides.core.reports.html.Formatter.escapedXML(java.lang.String)=[Ljava.lang.Class;@268b4501, public java.lang.String net.thucydides.core.reports.html.Formatter.htmlCompatibleTestTitle(java.lang.Object)=[Ljava.lang.Class;@3022accb, public java.lang.String net.thucydides.core.reports.html.Formatter.formatWithFields(java.lang.String)=[Ljava.lang.Class;@21e013e3, public java.lang.String net.thucydides.core.reports.html.Formatter.convertAnyTables(java.lang.String)=[Ljava.lang.Class;@59e1ffaf, public net.thucydides.core.reports.html.ResultRankingFormatter net.thucydides.core.reports.html.Formatter.resultRank()=[Ljava.lang.Class;@25be1adf, public java.lang.String net.thucydides.core.reports.html.Formatter.renderMarkdown(java.lang.String)=[Ljava.lang.Class;@5fbe57, public static java.lang.String net.thucydides.core.reports.html.Formatter.addMarkdownLineBreaks(java.lang.String)=[Ljava.lang.Class;@2181cab4, public static java.lang.String net.thucydides.core.reports.html.Formatter.addLineBreaks(java.lang.String)=[Ljava.lang.Class;@77cb45ac, public java.lang.String net.thucydides.core.reports.html.Formatter.htmlCompatibleStepDescription(java.lang.Object)=[Ljava.lang.Class;@22f6d168, public java.lang.String net.thucydides.core.reports.html.Formatter.renderDescriptionWithEmbeddedResults(java.lang.String,net.thucydides.core.requirements.reports.RequirementsOutcomes)=[Ljava.lang.Class;@5fa66e67, public native int java.lang.Object.hashCode()=[Ljava.lang.Class;@70dddb4d, public java.lang.String net.thucydides.core.reports.html.Formatter.renderText(java.lang.String)=[Ljava.lang.Class;@5d9606df, public java.lang.String net.thucydides.core.reports.html.Formatter.plainHtmlCompatible(java.lang.Object)=[Ljava.lang.Class;@49ffe194, public java.lang.String net.thucydides.core.reports.html.Formatter.restQuery(java.lang.String)=[Ljava.lang.Class;@25466b9a, public java.lang.String net.thucydides.core.reports.html.Formatter.renderDescription(java.lang.String)=[Ljava.lang.Class;@3b5fdbcc, public java.lang.String net.thucydides.core.reports.html.Formatter.renderTableDescription(java.lang.String,net.thucydides.core.requirements.reports.RequirementsOutcomes)=[Ljava.lang.Class;@56128286, public net.thucydides.core.reports.html.ResultIconFormatter net.thucydides.core.reports.html.Formatter.resultIcon()=[Ljava.lang.Class;@60572a91, public java.lang.String net.thucydides.core.reports.html.Formatter.renderHeaders(java.lang.String)=[Ljava.lang.Class;@765b87ba, public java.lang.String net.thucydides.core.reports.html.Formatter.renderHtmlEscapedDescription(java.lang.String)=[Ljava.lang.Class;@331fb306, public final native java.lang.Class java.lang.Object.getClass()=[Ljava.lang.Class;@715b1151, public java.lang.String net.thucydides.core.reports.html.Formatter.humanReadableFormOf(java.lang.String)=[Ljava.lang.Class;@2881ae49}, htmlCompatibleStoryTitle=public java.lang.String net.thucydides.core.reports.html.Formatter.htmlCompatibleStoryTitle(java.lang.Object), messageBody=public java.lang.String net.thucydides.core.reports.html.Formatter.messageBody(java.lang.String), truncatedHtmlCompatible=public java.lang.String net.thucydides.core.reports.html.Formatter.truncatedHtmlCompatible(java.lang.String,int), renderAsciidoc=public java.lang.String net.thucydides.core.reports.html.Formatter.renderAsciidoc(java.lang.String), htmlCompatible=public java.lang.String net.thucydides.core.reports.html.Formatter.htmlCompatible(java.lang.Object), htmlAttributeCompatible=freemarker.ext.beans.OverloadedMethods@94772b, escapedXML=public java.lang.String net.thucydides.core.reports.html.Formatter.escapedXML(java.lang.String), htmlCompatibleTestTitle=public java.lang.String net.thucydides.core.reports.html.Formatter.htmlCompatibleTestTitle(java.lang.Object), equals=public boolean java.lang.Object.equals(java.lang.Object), formatWithFields=public java.lang.String net.thucydides.core.reports.html.Formatter.formatWithFields(java.lang.String), toString=public java.lang.String java.lang.Object.toString(), convertAnyTables=public java.lang.String net.thucydides.core.reports.html.Formatter.convertAnyTables(java.lang.String), java.lang.Object@1b7c9d41=freemarker.ext.beans.OverloadedMethods@24d9ab4}
2026-02-09 10:21:28 [pool-2-thread-1] DEBUG:: Key "depthIndicatorForLevel" was not found on instance of net.thucydides.core.reports.html.Formatter. Introspection information for the class is: {resultRank=public net.thucydides.core.reports.html.ResultRankingFormatter net.thucydides.core.reports.html.Formatter.resultRank(), renderMarkdown=public java.lang.String net.thucydides.core.reports.html.Formatter.renderMarkdown(java.lang.String), getClass=public final native java.lang.Class java.lang.Object.getClass(), addMarkdownLineBreaks=public static java.lang.String net.thucydides.core.reports.html.Formatter.addMarkdownLineBreaks(java.lang.String), addLineBreaks=public static java.lang.String net.thucydides.core.reports.html.Formatter.addLineBreaks(java.lang.String), htmlCompatibleStepDescription=public java.lang.String net.thucydides.core.reports.html.Formatter.htmlCompatibleStepDescription(java.lang.Object), renderDescriptionWithEmbeddedResults=public java.lang.String net.thucydides.core.reports.html.Formatter.renderDescriptionWithEmbeddedResults(java.lang.String,net.thucydides.core.requirements.reports.RequirementsOutcomes), renderDescription=public java.lang.String net.thucydides.core.reports.html.Formatter.renderDescription(java.lang.String), renderText=public java.lang.String net.thucydides.core.reports.html.Formatter.renderText(java.lang.String), plainHtmlCompatible=public java.lang.String net.thucydides.core.reports.html.Formatter.plainHtmlCompatible(java.lang.Object), restQuery=public java.lang.String net.thucydides.core.reports.html.Formatter.restQuery(java.lang.String), renderTableDescription=public java.lang.String net.thucydides.core.reports.html.Formatter.renderTableDescription(java.lang.String,net.thucydides.core.requirements.reports.RequirementsOutcomes), resultIcon=public net.thucydides.core.reports.html.ResultIconFormatter net.thucydides.core.reports.html.Formatter.resultIcon(), hashCode=public native int java.lang.Object.hashCode(), renderHeaders=public java.lang.String net.thucydides.core.reports.html.Formatter.renderHeaders(java.lang.String), renderHtmlEscapedDescription=public java.lang.String net.thucydides.core.reports.html.Formatter.renderHtmlEscapedDescription(java.lang.String), class=freemarker.ext.beans.FastPropertyDescriptor@57cef1b2, humanReadableFormOf=public java.lang.String net.thucydides.core.reports.html.Formatter.humanReadableFormOf(java.lang.String), java.lang.Object@2de6dc05={public java.lang.String java.lang.Object.toString()=[Ljava.lang.Class;@28d69851, public java.lang.String net.thucydides.core.reports.html.Formatter.htmlCompatibleStoryTitle(java.lang.Object)=[Ljava.lang.Class;@2a39e614, public java.lang.String net.thucydides.core.reports.html.Formatter.messageBody(java.lang.String)=[Ljava.lang.Class;@4686b8d7, public java.lang.String net.thucydides.core.reports.html.Formatter.renderAsciidoc(java.lang.String)=[Ljava.lang.Class;@666592d4, public java.lang.String net.thucydides.core.reports.html.Formatter.truncatedHtmlCompatible(java.lang.String,int)=[Ljava.lang.Class;@7aed8a59, public boolean java.lang.Object.equals(java.lang.Object)=[Ljava.lang.Class;@1f81ca56, public java.lang.String net.thucydides.core.reports.html.Formatter.htmlCompatible(java.lang.Object)=[Ljava.lang.Class;@6cb28971, public java.lang.String net.thucydides.core.reports.html.Formatter.escapedXML(java.lang.String)=[Ljava.lang.Class;@268b4501, public java.lang.String net.thucydides.core.reports.html.Formatter.htmlCompatibleTestTitle(java.lang.Object)=[Ljava.lang.Class;@3022accb, public java.lang.String net.thucydides.core.reports.html.Formatter.formatWithFields(java.lang.String)=[Ljava.lang.Class;@21e013e3, public java.lang.String net.thucydides.core.reports.html.Formatter.convertAnyTables(java.lang.String)=[Ljava.lang.Class;@59e1ffaf, public net.thucydides.core.reports.html.ResultRankingFormatter net.thucydides.core.reports.html.Formatter.resultRank()=[Ljava.lang.Class;@25be1adf, public java.lang.String net.thucydides.core.reports.html.Formatter.renderMarkdown(java.lang.String)=[Ljava.lang.Class;@5fbe57, public static java.lang.String net.thucydides.core.reports.html.Formatter.addMarkdownLineBreaks(java.lang.String)=[Ljava.lang.Class;@2181cab4, public static java.lang.String net.thucydides.core.reports.html.Formatter.addLineBreaks(java.lang.String)=[Ljava.lang.Class;@77cb45ac, public java.lang.String net.thucydides.core.reports.html.Formatter.htmlCompatibleStepDescription(java.lang.Object)=[Ljava.lang.Class;@22f6d168, public java.lang.String net.thucydides.core.reports.html.Formatter.renderDescriptionWithEmbeddedResults(java.lang.String,net.thucydides.core.requirements.reports.RequirementsOutcomes)=[Ljava.lang.Class;@5fa66e67, public native int java.lang.Object.hashCode()=[Ljava.lang.Class;@70dddb4d, public java.lang.String net.thucydides.core.reports.html.Formatter.renderText(java.lang.String)=[Ljava.lang.Class;@5d9606df, public java.lang.String net.thucydides.core.reports.html.Formatter.plainHtmlCompatible(java.lang.Object)=[Ljava.lang.Class;@49ffe194, public java.lang.String net.thucydides.core.reports.html.Formatter.restQuery(java.lang.String)=[Ljava.lang.Class;@25466b9a, public java.lang.String net.thucydides.core.reports.html.Formatter.renderDescription(java.lang.String)=[Ljava.lang.Class;@3b5fdbcc, public java.lang.String net.thucydides.core.reports.html.Formatter.renderTableDescription(java.lang.String,net.thucydides.core.requirements.reports.RequirementsOutcomes)=[Ljava.lang.Class;@56128286, public net.thucydides.core.reports.html.ResultIconFormatter net.thucydides.core.reports.html.Formatter.resultIcon()=[Ljava.lang.Class;@60572a91, public java.lang.String net.thucydides.core.reports.html.Formatter.renderHeaders(java.lang.String)=[Ljava.lang.Class;@765b87ba, public java.lang.String net.thucydides.core.reports.html.Formatter.renderHtmlEscapedDescription(java.lang.String)=[Ljava.lang.Class;@331fb306, public final native java.lang.Class java.lang.Object.getClass()=[Ljava.lang.Class;@715b1151, public java.lang.String net.thucydides.core.reports.html.Formatter.humanReadableFormOf(java.lang.String)=[Ljava.lang.Class;@2881ae49}, htmlCompatibleStoryTitle=public java.lang.String net.thucydides.core.reports.html.Formatter.htmlCompatibleStoryTitle(java.lang.Object), messageBody=public java.lang.String net.thucydides.core.reports.html.Formatter.messageBody(java.lang.String), truncatedHtmlCompatible=public java.lang.String net.thucydides.core.reports.html.Formatter.truncatedHtmlCompatible(java.lang.String,int), renderAsciidoc=public java.lang.String net.thucydides.core.reports.html.Formatter.renderAsciidoc(java.lang.String), htmlCompatible=public java.lang.String net.thucydides.core.reports.html.Formatter.htmlCompatible(java.lang.Object), htmlAttributeCompatible=freemarker.ext.beans.OverloadedMethods@94772b, escapedXML=public java.lang.String net.thucydides.core.reports.html.Formatter.escapedXML(java.lang.String), htmlCompatibleTestTitle=public java.lang.String net.thucydides.core.reports.html.Formatter.htmlCompatibleTestTitle(java.lang.Object), equals=public boolean java.lang.Object.equals(java.lang.Object), formatWithFields=public java.lang.String net.thucydides.core.reports.html.Formatter.formatWithFields(java.lang.String), toString=public java.lang.String java.lang.Object.toString(), convertAnyTables=public java.lang.String net.thucydides.core.reports.html.Formatter.convertAnyTables(java.lang.String), java.lang.Object@1b7c9d41=freemarker.ext.beans.OverloadedMethods@24d9ab4}
2026-02-09 10:21:28 [pool-2-thread-1] DEBUG:: Key "depthIndicatorForLevel" was not found on instance of net.thucydides.core.reports.html.Formatter. Introspection information for the class is: {resultRank=public net.thucydides.core.reports.html.ResultRankingFormatter net.thucydides.core.reports.html.Formatter.resultRank(), renderMarkdown=public java.lang.String net.thucydides.core.reports.html.Formatter.renderMarkdown(java.lang.String), getClass=public final native java.lang.Class java.lang.Object.getClass(), addMarkdownLineBreaks=public static java.lang.String net.thucydides.core.reports.html.Formatter.addMarkdownLineBreaks(java.lang.String), addLineBreaks=public static java.lang.String net.thucydides.core.reports.html.Formatter.addLineBreaks(java.lang.String), htmlCompatibleStepDescription=public java.lang.String net.thucydides.core.reports.html.Formatter.htmlCompatibleStepDescription(java.lang.Object), renderDescriptionWithEmbeddedResults=public java.lang.String net.thucydides.core.reports.html.Formatter.renderDescriptionWithEmbeddedResults(java.lang.String,net.thucydides.core.requirements.reports.RequirementsOutcomes), renderDescription=public java.lang.String net.thucydides.core.reports.html.Formatter.renderDescription(java.lang.String), renderText=public java.lang.String net.thucydides.core.reports.html.Formatter.renderText(java.lang.String), plainHtmlCompatible=public java.lang.String net.thucydides.core.reports.html.Formatter.plainHtmlCompatible(java.lang.Object), restQuery=public java.lang.String net.thucydides.core.reports.html.Formatter.restQuery(java.lang.String), renderTableDescription=public java.lang.String net.thucydides.core.reports.html.Formatter.renderTableDescription(java.lang.String,net.thucydides.core.requirements.reports.RequirementsOutcomes), resultIcon=public net.thucydides.core.reports.html.ResultIconFormatter net.thucydides.core.reports.html.Formatter.resultIcon(), hashCode=public native int java.lang.Object.hashCode(), renderHeaders=public java.lang.String net.thucydides.core.reports.html.Formatter.renderHeaders(java.lang.String), renderHtmlEscapedDescription=public java.lang.String net.thucydides.core.reports.html.Formatter.renderHtmlEscapedDescription(java.lang.String), class=freemarker.ext.beans.FastPropertyDescriptor@57cef1b2, humanReadableFormOf=public java.lang.String net.thucydides.core.reports.html.Formatter.humanReadableFormOf(java.lang.String), java.lang.Object@2de6dc05={public java.lang.String java.lang.Object.toString()=[Ljava.lang.Class;@28d69851, public java.lang.String net.thucydides.core.reports.html.Formatter.htmlCompatibleStoryTitle(java.lang.Object)=[Ljava.lang.Class;@2a39e614, public java.lang.String net.thucydides.core.reports.html.Formatter.messageBody(java.lang.String)=[Ljava.lang.Class;@4686b8d7, public java.lang.String net.thucydides.core.reports.html.Formatter.renderAsciidoc(java.lang.String)=[Ljava.lang.Class;@666592d4, public java.lang.String net.thucydides.core.reports.html.Formatter.truncatedHtmlCompatible(java.lang.String,int)=[Ljava.lang.Class;@7aed8a59, public boolean java.lang.Object.equals(java.lang.Object)=[Ljava.lang.Class;@1f81ca56, public java.lang.String net.thucydides.core.reports.html.Formatter.htmlCompatible(java.lang.Object)=[Ljava.lang.Class;@6cb28971, public java.lang.String net.thucydides.core.reports.html.Formatter.escapedXML(java.lang.String)=[Ljava.lang.Class;@268b4501, public java.lang.String net.thucydides.core.reports.html.Formatter.htmlCompatibleTestTitle(java.lang.Object)=[Ljava.lang.Class;@3022accb, public java.lang.String net.thucydides.core.reports.html.Formatter.formatWithFields(java.lang.String)=[Ljava.lang.Class;@21e013e3, public java.lang.String net.thucydides.core.reports.html.Formatter.convertAnyTables(java.lang.String)=[Ljava.lang.Class;@59e1ffaf, public net.thucydides.core.reports.
[...]
	at net.thucydides.core.steps.StepInterceptor.intercept(StepInterceptor.java:66)
	at interactions.comunes.ClickElementByText$$EnhancerByCGLIB$$7bbc75fd.ExClickByText(<generated>)
	at utils.AndroidObject.ClickByText(AndroidObject.java:150)
	at interactions.comunes.ClickElementByText$$EnhancerByCGLIB$$7bbc75fd.CGLIB$ClickByText$10(<generated>)
	at interactions.comunes.ClickElementByText$$EnhancerByCGLIB$$7bbc75fd$$FastClassByCGLIB$$2b3312c3.invoke(<generated>)
	at net.sf.cglib.proxy.MethodProxy.invokeSuper(MethodProxy.java:228)
	at net.thucydides.core.steps.StepInterceptor.invokeMethod(StepInterceptor.java:460)
	at net.thucydides.core.steps.StepInterceptor.runBaseObjectMethod(StepInterceptor.java:363)
	at net.thucydides.core.steps.StepInterceptor.intercept(StepInterceptor.java:66)
	at interactions.comunes.ClickElementByText$$EnhancerByCGLIB$$7bbc75fd.ClickByText(<generated>)
	at interactions.comunes.ClickElementByText.performAs(ClickElementByText.java:21)
	at interactions.comunes.ClickElementByText$$EnhancerByCGLIB$$7bbc75fd.CGLIB$performAs$0(<generated>)
	at interactions.comunes.ClickElementByText$$EnhancerByCGLIB$$7bbc75fd$$FastClassByCGLIB$$2b3312c3.invoke(<generated>)
	at net.sf.cglib.proxy.MethodProxy.invokeSuper(MethodProxy.java:228)
	at net.thucydides.core.steps.StepInterceptor.invokeMethod(StepInterceptor.java:460)
	at net.thucydides.core.steps.StepInterceptor.executeTestStepMethod(StepInterceptor.java:445)
	at net.thucydides.core.steps.StepInterceptor.runTestStep(StepInterceptor.java:420)
	at net.thucydides.core.steps.StepInterceptor.runOrSkipMethod(StepInterceptor.java:175)
	at net.thucydides.core.steps.StepInterceptor.testStepResult(StepInterceptor.java:162)
	at net.thucydides.core.steps.StepInterceptor.intercept(StepInterceptor.java:68)
	at interactions.comunes.ClickElementByText$$EnhancerByCGLIB$$7bbc75fd.performAs(<generated>)
	at net.serenitybdd.screenplay.Actor.performTask(Actor.java:233)
	at net.serenitybdd.screenplay.Actor.perform(Actor.java:214)
	at net.serenitybdd.screenplay.Actor.attemptsTo(Actor.java:171)
	at tasks.SuperAPP.IngresoSuperApp.maybeAutorizarVelocidad(IngresoSuperApp.java:242)
	at tasks.SuperAPP.IngresoSuperApp.validarLogin(IngresoSuperApp.java:211)
	at tasks.SuperAPP.IngresoSuperApp.loginConEmail(IngresoSuperApp.java:114)
	at tasks.SuperAPP.IngresoSuperApp.iniciarSesion(IngresoSuperApp.java:153)
	at tasks.SuperAPP.IngresoSuperApp.loginViaIniciar(IngresoSuperApp.java:92)
	at tasks.SuperAPP.IngresoSuperApp.performAs(IngresoSuperApp.java:67)
	at tasks.SuperAPP.IngresoSuperApp$$EnhancerByCGLIB$$26cb40e9.CGLIB$performAs$0(<generated>)
	at tasks.SuperAPP.IngresoSuperApp$$EnhancerByCGLIB$$26cb40e9$$FastClassByCGLIB$$6f7b70ea.invoke(<generated>)
	at net.sf.cglib.proxy.MethodProxy.invokeSuper(MethodProxy.java:228)
	at net.thucydides.core.steps.StepInterceptor.invokeMethod(StepInterceptor.java:460)
	at net.thucydides.core.steps.StepInterceptor.executeTestStepMethod(StepInterceptor.java:445)
	at net.thucydides.core.steps.StepInterceptor.runTestStep(StepInterceptor.java:420)
	at net.thucydides.core.steps.StepInterceptor.runOrSkipMethod(StepInterceptor.java:175)
	at net.thucydides.core.steps.StepInterceptor.testStepResult(StepInterceptor.java:162)
	at net.thucydides.core.steps.StepInterceptor.intercept(StepInterceptor.java:68)
	at tasks.SuperAPP.IngresoSuperApp$$EnhancerByCGLIB$$26cb40e9.performAs(<generated>)
	at net.serenitybdd.screenplay.Actor.performTask(Actor.java:233)
	at net.serenitybdd.screenplay.Actor.perform(Actor.java:214)
	at net.serenitybdd.screenplay.Actor.attemptsTo(Actor.java:171)
	at stepDefinitions.CompraPaqueteMiClaroAppDefinitions.elUsuarioRealizaIngreso(CompraPaqueteMiClaroAppDefinitions.java:75)
	at ?.EL USUARIO REALIZA EL INGRESO A LA SUPER APP(src/test/resources/features/comprasMiClaroApp.feature:11)
Caused by: org.openqa.selenium.NoSuchElementException: An element could not be located on the page using the given search parameters.
For documentation on this error, please visit: https://www.seleniumhq.org/exceptions/no_such_element.html
Build info: version: '3.141.59', revision: 'e82be7d358', time: '2018-11-14T08:17:03'
System info: host: 'AU3PH5CG141BG50', ip: '10.111.245.30', os.name: 'Windows 10', os.arch: 'amd64', os.version: '10.0', java.version: '11.0.13'
Driver info: io.appium.java_client.android.AndroidDriver
Capabilities {appActivity: com.claro.superapp.SplashAc..., appPackage: com.clarocolombia.miclaro, autoDismissAlerts: true, autoGrantPermissions: true, automationName: UiAutomator2, databaseEnabled: false, desired: {appActivity: com.claro.superapp.SplashAc..., appPackage: com.clarocolombia.miclaro, autoDismissAlerts: true, autoGrantPermissions: true, automationName: UiAutomator2, fullReset: false, hideKeyboardOnStart: true, platformName: android, resetKeyboard: true, unicodeKeyboard: true}, deviceApiLevel: 34, deviceManufacturer: motorola, deviceModel: moto g24, deviceName: ZT322M2KRX, deviceScreenDensity: 280, deviceScreenSize: 720x1612, deviceUDID: ZT322M2KRX, fullReset: false, hideKeyboardOnStart: true, javascriptEnabled: true, locationContextEnabled: false, networkConnectionEnabled: true, pixelRatio: 1.75, platform: LINUX, platformName: Android, platformVersion: 14, resetKeyboard: true, statBarHeight: 77, takesScreenshot: true, unicodeKeyboard: true, viewportRect: {height: 1374, left: 0, top: 77, width: 720}, warnings: {}, webStorageEnabled: false}
Session ID: ba96963b-3989-4aa2-a43c-4d19f718052a
*** Element info: {Using=-android uiautomator, value=new UiSelector().text("ACEPTAR")}
	at java.base/jdk.internal.reflect.NativeConstructorAccessorImpl.newInstance0(Native Method)
	at java.base/jdk.internal.reflect.NativeConstructorAccessorImpl.newInstance(NativeConstructorAccessorImpl.java:62)
	at java.base/jdk.internal.reflect.DelegatingConstructorAccessorImpl.newInstance(DelegatingConstructorAccessorImpl.java:45)
	at java.base/java.lang.reflect.Constructor.newInstance(Constructor.java:490)
	at org.openqa.selenium.remote.http.W3CHttpResponseCodec.createException(W3CHttpResponseCodec.java:187)
	at org.openqa.selenium.remote.http.W3CHttpResponseCodec.decode(W3CHttpResponseCodec.java:122)
	at org.openqa.selenium.remote.http.W3CHttpResponseCodec.decode(W3CHttpResponseCodec.java:49)
	at org.openqa.selenium.remote.HttpCommandExecutor.execute(HttpCommandExecutor.java:158)
	at io.appium.java_client.remote.AppiumCommandExecutor.execute(AppiumCommandExecutor.java:247)
	at org.openqa.selenium.remote.RemoteWebDriver.execute(RemoteWebDriver.java:552)
	at io.appium.java_client.DefaultGenericMobileDriver.execute(DefaultGenericMobileDriver.java:41)
	at io.appium.java_client.AppiumDriver.execute(AppiumDriver.java:1)
	at io.appium.java_client.android.AndroidDriver.execute(AndroidDriver.java:1)
	at org.openqa.selenium.remote.RemoteWebDriver.findElement(RemoteWebDriver.java:323)
	at io.appium.java_client.DefaultGenericMobileDriver.findElement(DefaultGenericMobileDriver.java:61)
	at io.appium.java_client.AppiumDriver.findElement(AppiumDriver.java:1)
	at io.appium.java_client.android.AndroidDriver.findElement(AndroidDriver.java:1)
	at io.appium.java_client.FindsByAndroidUIAutomator.findElementByAndroidUIAutomator(FindsByAndroidUIAutomator.java:38)
	at exceptions.Excepciones.ExClickByText(Excepciones.java:166)
	at interactions.comunes.ClickElementByText$$EnhancerByCGLIB$$7bbc75fd.CGLIB$ExClickByText$26(<generated>)
	at interactions.comunes.ClickElementByText$$EnhancerByCGLIB$$7bbc75fd$$FastClassByCGLIB$$2b3312c3.invoke(<generated>)
	at net.sf.cglib.proxy.MethodProxy.invokeSuper(MethodProxy.java:228)
	at net.thucydides.core.steps.StepInterceptor.invokeMethod(StepInterceptor.java:460)
	at net.thucydides.core.steps.StepInterceptor.runBaseObjectMethod(StepInterceptor.java:363)
	at net.thucydides.core.steps.StepInterceptor.intercept(StepInterceptor.java:66)
	at interactions.comunes.ClickElementByText$$EnhancerByCGLIB$$7bbc75fd.ExClickByText(<generated>)
	at utils.AndroidObject.ClickByText(AndroidObject.java:150)
	at interactions.comunes.ClickElementByText$$EnhancerByCGLIB$$7bbc75fd.CGLIB$ClickByText$10(<generated>)
	at interactions.comunes.ClickElementByText$$EnhancerByCGLIB$$7bbc75fd$$FastClassByCGLIB$$2b3312c3.invoke(<generated>)
	at net.sf.cglib.proxy.MethodProxy.invokeSuper(MethodProxy.java:228)
	at net.thucydides.core.steps.StepInterceptor.invokeMethod(StepInterceptor.java:460)
	at net.thucydides.core.steps.StepInterceptor.runBaseObjectMethod(StepInterceptor.java:363)
	at net.thucydides.core.steps.StepInterceptor.intercept(StepInterceptor.java:66)
	at interactions.comunes.ClickElementByText$$EnhancerByCGLIB$$7bbc75fd.ClickByText(<generated>)
	at interactions.comunes.ClickElementByText.performAs(ClickElementByText.java:21)
	at interactions.comunes.ClickElementByText$$EnhancerByCGLIB$$7bbc75fd.CGLIB$performAs$0(<generated>)
	at interactions.comunes.ClickElementByText$$EnhancerByCGLIB$$7bbc75fd$$FastClassByCGLIB$$2b3312c3.invoke(<generated>)
	at net.sf.cglib.proxy.MethodProxy.invokeSuper(MethodProxy.java:228)
	at net.thucydides.core.steps.StepInterceptor.invokeMethod(StepInterceptor.java:460)
	at net.thucydides.core.steps.StepInterceptor.executeTestStepMethod(StepInterceptor.java:445)
	at net.thucydides.core.steps.StepInterceptor.runTestStep(StepInterceptor.java:420)
	at net.thucydides.core.steps.StepInterceptor.runOrSkipMethod(StepInterceptor.java:175)
	at net.thucydides.core.steps.StepInterceptor.testStepResult(StepInterceptor.java:162)
	at net.thucydides.core.steps.StepInterceptor.intercept(StepInterceptor.java:68)
	at interactions.comunes.ClickElementByText$$EnhancerByCGLIB$$7bbc75fd.performAs(<generated>)
	at net.serenitybdd.screenplay.Actor.performTask(Actor.java:233)
	at net.serenitybdd.screenplay.Actor.perform(Actor.java:214)
	at net.serenitybdd.screenplay.Actor.attemptsTo(Actor.java:171)
	at tasks.SuperAPP.IngresoSuperApp.maybeAutorizarVelocidad(IngresoSuperApp.java:242)
	at tasks.SuperAPP.IngresoSuperApp.validarLogin(IngresoSuperApp.java:211)
	at tasks.SuperAPP.IngresoSuperApp.loginConEmail(IngresoSuperApp.java:114)
	at tasks.SuperAPP.IngresoSuperApp.iniciarSesion(IngresoSuperApp.java:153)
	at tasks.SuperAPP.IngresoSuperApp.loginViaIniciar(IngresoSuperApp.java:92)
	at tasks.SuperAPP.IngresoSuperApp.performAs(IngresoSuperApp.java:67)
	at tasks.SuperAPP.IngresoSuperApp$$EnhancerByCGLIB$$26cb40e9.CGLIB$performAs$0(<generated>)
	at tasks.SuperAPP.IngresoSuperApp$$EnhancerByCGLIB$$26cb40e9$$FastClassByCGLIB$$6f7b70ea.invoke(<generated>)
	at net.sf.cglib.proxy.MethodProxy.invokeSuper(MethodProxy.java:228)
	at net.thucydides.core.steps.StepInterceptor.invokeMethod(StepInterceptor.java:460)
	at net.thucydides.core.steps.StepInterceptor.executeTestStepMethod(StepInterceptor.java:445)
	at net.thucydides.core.steps.StepInterceptor.runTestStep(StepInterceptor.java:420)
	at net.thucydides.core.steps.StepInterceptor.runOrSkipMethod(StepInterceptor.java:175)
	at net.thucydides.core.steps.StepInterceptor.testStepResult(StepInterceptor.java:162)
	at net.thucydides.core.steps.StepInterceptor.intercept(StepInterceptor.java:68)
	at tasks.SuperAPP.IngresoSuperApp$$EnhancerByCGLIB$$26cb40e9.performAs(<generated>)
	at net.serenitybdd.screenplay.Actor.performTask(Actor.java:233)
	at net.serenitybdd.screenplay.Actor.perform(Actor.java:214)
	at net.serenitybdd.screenplay.Actor.attemptsTo(Actor.java:171)
	at stepDefinitions.CompraPaqueteMiClaroAppDefinitions.elUsuarioRealizaIngreso(CompraPaqueteMiClaroAppDefinitions.java:75)
	at java.base/jdk.internal.reflect.NativeMethodAccessorImpl.invoke0(Native Method)
	at java.base/jdk.internal.reflect.NativeMethodAccessorImpl.invoke(NativeMethodAccessorImpl.java:62)
	at java.base/jdk.internal.reflect.DelegatingMethodAccessorImpl.invoke(DelegatingMethodAccessorImpl.java:43)
	at java.base/java.lang.reflect.Method.invoke(Method.java:566)
	at cucumber.runtime.Utils$1.call(Utils.java:31)
	at cucumber.runtime.Timeout.timeout(Timeout.java:16)
	at cucumber.runtime.Utils.invoke(Utils.java:25)
	at cucumber.runtime.java.JavaStepDefinition.execute(JavaStepDefinition.java:37)
	at cucumber.runtime.StepDefinitionMatch.runStep(StepDefinitionMatch.java:40)
	at cucumber.api.TestStep.executeStep(TestStep.java:102)
	at cucumber.api.TestStep.run(TestStep.java:83)
	at cucumber.api.TestCase.run(TestCase.java:58)
	at cucumber.runner.Runner.runPickle(Runner.java:80)
	at cucumber.runtime.junit.PickleRunners$NoStepDescriptions.run(PickleRunners.java:140)
	at cucumber.runtime.junit.FeatureRunner.runChild(FeatureRunner.java:68)
	at cucumber.runtime.junit.FeatureRunner.runChild(FeatureRunner.java:23)
	at org.junit.runners.ParentRunner$3.run(ParentRunner.java:290)
	at org.junit.runners.ParentRunner$1.schedule(ParentRunner.java:71)
	at org.junit.runners.ParentRunner.runChildren(ParentRunner.java:288)
	at org.junit.runners.ParentRunner.access$000(ParentRunner.java:58)
	at org.junit.runners.ParentRunner$2.evaluate(ParentRunner.java:268)
	at org.junit.runners.ParentRunner.run(ParentRunner.java:363)
	at cucumber.runtime.junit.FeatureRunner.run(FeatureRunner.java:73)
	at cucumber.api.junit.Cucumber.runChild(Cucumber.java:118)
	at cucumber.api.junit.Cucumber.runChild(Cucumber.java:56)
	at org.junit.runners.ParentRunner$3.run(ParentRunner.java:290)
	at org.junit.runners.ParentRunner$1.schedule(ParentRunner.java:71)
	at org.junit.runners.ParentRunner.runChildren(ParentRunner.java:288)
	at org.junit.runners.ParentRunner.access$000(ParentRunner.java:58)
	at org.junit.runners.ParentRunner$2.evaluate(ParentRunner.java:268)
	at cucumber.api.junit.Cucumber$1.evaluate(Cucumber.java:127)
	at org.junit.runners.ParentRunner.run(ParentRunner.java:363)
	at runners.CustomRunner.run(CustomRunner.java:67)
	at org.gradle.api.internal.tasks.testing.junit.JUnitTestClassExecutor.runTestClass(JUnitTestClassExecutor.java:110)
	at org.gradle.api.internal.tasks.testing.junit.JUnitTestClassExecutor.execute(JUnitTestClassExecutor.java:58)
	at org.gradle.api.internal.tasks.testing.junit.JUnitTestClassExecutor.execute(JUnitTestClassExecutor.java:38)
	at org.gradle.api.internal.tasks.testing.junit.AbstractJUnitTestClassProcessor.processTestClass(AbstractJUnitTestClassProcessor.java:62)
	at org.gradle.api.internal.tasks.testing.SuiteTestClassProcessor.processTestClass(SuiteTestClassProcessor.java:51)
	at java.base/jdk.internal.reflect.NativeMethodAccessorImpl.invoke0(Native Method)
	at java.base/jdk.internal.reflect.NativeMethodAccessorImpl.invoke(NativeMethodAccessorImpl.java:62)
	at java.base/jdk.internal.reflect.DelegatingMethodAccessorImpl.invoke(DelegatingMethodAccessorImpl.java:43)
	at java.base/java.lang.reflect.Method.invoke(Method.java:566)
	at org.gradle.internal.dispatch.ReflectionDispatch.dispatch(ReflectionDispatch.java:36)
	at org.gradle.internal.dispatch.ReflectionDispatch.dispatch(ReflectionDispatch.java:24)
	at org.gradle.internal.dispatch.ContextClassLoaderDispatch.dispatch(ContextClassLoaderDispatch.java:33)
	at org.gradle.internal.dispatch.ProxyDispatchAdapter$DispatchingInvocationHandler.invoke(ProxyDispatchAdapter.java:94)
	at com.sun.proxy.$Proxy2.processTestClass(Unknown Source)
	at org.gradle.api.internal.tasks.testing.worker.TestWorker$2.run(TestWorker.java:176)
	at org.gradle.api.internal.tasks.testing.worker.TestWorker.executeAndMaintainThreadName(TestWorker.java:129)
	at org.gradle.api.internal.tasks.testing.worker.TestWorker.execute(TestWorker.java:100)
	at org.gradle.api.internal.tasks.testing.worker.TestWorker.execute(TestWorker.java:60)
	at org.gradle.process.internal.worker.child.ActionExecutionWorker.execute(ActionExecutionWorker.java:56)
	at org.gradle.process.internal.worker.child.SystemApplicationClassLoaderWorker.call(SystemApplicationClassLoaderWorker.java:133)
	at org.gradle.process.internal.worker.child.SystemApplicationClassLoaderWorker.call(SystemApplicationClassLoaderWorker.java:71)
	at worker.org.gradle.process.internal.worker.GradleWorkerMain.run(GradleWorkerMain.java:69)
	at worker.org.gradle.process.internal.worker.GradleWorkerMain.main(GradleWorkerMain.java:74)

]]></system-out>
  <system-err><![CDATA[ERROR StatusLogger Log4j2 could not find a logging implementation. Please add log4j-core to the classpath. Using SimpleLogger to log to the console...
Cleaning up unclosed ZipFile for archive D:\Auto\Cmax_CompraPaquetes\.\src\test\resources\data\UsersPROD.xlsx
Cleaning up unclosed ZipFile for archive D:\Auto\Cmax_CompraPaquetes\.\src\test\resources\data\UsersPROD.xlsx
Cleaning up unclosed ZipFile for archive D:\Auto\Cmax_CompraPaquetes\.\src\test\resources\data\UsersPROD.xlsx
Cleaning up unclosed ZipFile for archive D:\Auto\Cmax_CompraPaquetes\.\src\test\resources\data\UsersPROD.xlsx
Cleaning up unclosed ZipFile for archive D:\Auto\Cmax_CompraPaquetes\.\src\test\resources\data\UsersPROD.xlsx
Cleaning up unclosed ZipFile for archive D:\Auto\Cmax_CompraPaquetes\.\src\test\resources\data\UsersPROD.xlsx
Cleaning up unclosed ZipFile for archive D:\Auto\Cmax_CompraPaquetes\.\src\test\resources\data\UsersPROD.xlsx
Cleaning up unclosed ZipFile for archive D:\Auto\Cmax_CompraPaquetes\.\src\test\resources\data\UsersPROD.xlsx
Cleaning up unclosed ZipFile for archive D:\Auto\Cmax_CompraPaquetes\.\src\test\resources\data\UsersPROD.xlsx
Cleaning up unclosed ZipFile for archive D:\Auto\Cmax_CompraPaquetes\.\src\test\resources\data\UsersPROD.xlsx
Cleaning up unclosed ZipFile for archive D:\Auto\Cmax_CompraPaquetes\.\src\test\resources\data\UsersPROD.xlsx
Cleaning up unclosed ZipFile for archive D:\Auto\Cmax_CompraPaquetes\.\src\test\resources\data\UsersPROD.xlsx
Cleaning up unclosed ZipFile for archive D:\Auto\Cmax_CompraPaquetes\.\src\test\resources\data\UsersPROD.xlsx
Cleaning up unclosed ZipFile for archive D:\Auto\Cmax_CompraPaquetes\.\src\test\resources\data\UsersPROD.xlsx
Cleaning up unclosed ZipFile for archive D:\Auto\Cmax_CompraPaquetes\.\src\test\resources\data\UsersPROD.xlsx
Cleaning up unclosed ZipFile for archive D:\Auto\Cmax_CompraPaquetes\.\src\test\resources\data\UsersPROD.xlsx
Cleaning up unclosed ZipFile for archive D:\Auto\Cmax_CompraPaquetes\.\src\test\resources\data\UsersPROD.xlsx
Cleaning up unclosed ZipFile for archive D:\Auto\Cmax_CompraPaquetes\.\src\test\resources\data\UsersPROD.xlsx
Cleaning up unclosed ZipFile for archive D:\Auto\Cmax_CompraPaquetes\.\src\test\resources\data\UsersPROD.xlsx
Cleaning up unclosed ZipFile for archive D:\Auto\Cmax_CompraPaquetes\.\src\test\resources\data\UsersPROD.xlsx
Cleaning up unclosed ZipFile for archive D:\Auto\Cmax_CompraPaquetes\.\src\test\resources\data\UsersPROD.xlsx
Cleaning up unclosed ZipFile for archive D:\Auto\Cmax_CompraPaquetes\.\src\test\resources\data\UsersPROD.xlsx
Cleaning up unclosed ZipFile for archive D:\Auto\Cmax_CompraPaquetes\.\src\test\resources\data\UsersPROD.xlsx
Cleaning up unclosed ZipFile for archive D:\Auto\Cmax_CompraPaquetes\.\src\test\resources\data\UsersPROD.xlsx
Cleaning up unclosed ZipFile for archive D:\Auto\Cmax_CompraPaquetes\.\src\test\resources\data\UsersPROD.xlsx
Cleaning up unclosed ZipFile for archive D:\Auto\Cmax_CompraPaquetes\.\src\test\resources\data\UsersPROD.xlsx
Cleaning up unclosed ZipFile for archive D:\Auto\Cmax_CompraPaquetes\.\src\test\resources\data\UsersPROD.xlsx
Cleaning up unclosed ZipFile for archive D:\Auto\Cmax_CompraPaquetes\.\src\test\resources\data\UsersPROD.xlsx
Cleaning up unclosed ZipFile for archive D:\Auto\Cmax_CompraPaquetes\.\src\test\resources\data\UsersPROD.xlsx
Cleaning up unclosed ZipFile for archive D:\Auto\Cmax_CompraPaquetes\.\src\test\resources\data\UsersPROD.xlsx
Cleaning up unclosed ZipFile for archive D:\Auto\Cmax_CompraPaquetes\.\src\test\resources\data\UsersPROD.xlsx
Cleaning up unclosed ZipFile for archive D:\Auto\Cmax_CompraPaquetes\.\src\test\resources\data\UsersPROD.xlsx
Cleaning up unclosed ZipFile for archive D:\Auto\Cmax_CompraPaquetes\.\src\test\resources\data\UsersPROD.xlsx
Cleaning up unclosed ZipFile for archive D:\Auto\Cmax_CompraPaquetes\.\src\test\resources\data\UsersPROD.xlsx
]]></system-err>
</testsuite>
