<?xml version="1.0" encoding="UTF-8"?><testsuite errors="1" failures="0" name="El usuario realiza compra de paquetes por el canal USSD" skipped="0" tests="1" time="95.37" timestamp="2025-08-25 04:22:29"><testcase name="Llamar al *611"><error message="An element could not be located on the page using the given search parameters.&#10;For documentation on this error, please visit: https://www.seleniumhq.org/exceptions/no_such_element.html&#10;Build info: version: '3.141.59', revision: 'e82be7d358', time: '2018-11-14T08:17:03'&#10;System info: host: 'AU3PH5CG141BG50', ip: '192.168.1.6', os.name: 'Windows 10', os.arch: 'amd64', os.version: '10.0', java.version: '11.0.14'&#10;Driver info: io.appium.java_client.android.AndroidDriver&#10;Capabilities {app: D:\Auto\Cmax_CompraPaquetes..., appActivity: .activities.CallLogActivity, appPackage: com.google.android.dialer, appWaitDuration: 15000, appiumVersion: 1.22.3, autoDismissAlerts: true, autoGrantPermissions: true, automationName: UiAutomator2, captureScreenshots: true, chromedriverExecutable: src/test/resources/webdrive..., databaseEnabled: false, desired: {app: D:\Auto\Cmax_CompraPaquetes..., appActivity: .activities.CallLogActivity, appPackage: com.google.android.dialer, appWaitDuration: 15000, appiumVersion: 1.22.3, autoDismissAlerts: true, autoGrantPermissions: true, automationName: UiAutomator2, captureScreenshots: true, chromedriverExecutable: src/test/resources/webdrive..., deviceOrientation: portrait, fullReset: false, hub: http://127.0.0.1:4723/wd/hub, loggingPrefs: {}, nativeWebScreenshot: true, newCommandTimeout: 8000, noReset: true, orientation: PORTRAIT, platformName: android, reset: false, resetKeyboard: true, sessionName: Cmax_CompraPaquetes, unicodeKeyboard: true}, deviceApiLevel: 34, deviceManufacturer: motorola, deviceModel: moto g24, deviceName: ZT322M2KRX, deviceOrientation: portrait, deviceScreenDensity: 280, deviceScreenSize: 720x1612, deviceUDID: ZT322M2KRX, fullReset: false, hub: http://127.0.0.1:4723/wd/hub, javascriptEnabled: true, locationContextEnabled: false, loggingPrefs: org.openqa.selenium.logging..., nativeWebScreenshot: true, networkConnectionEnabled: true, newCommandTimeout: 8000, noReset: true, orientation: PORTRAIT, pixelRatio: 1.75, platform: LINUX, platformName: Android, platformVersion: 14, reset: false, resetKeyboard: true, sessionName: Cmax_CompraPaquetes, statBarHeight: 77, takesScreenshot: true, unicodeKeyboard: true, viewportRect: {height: 1374, left: 0, top: 77, width: 720}, warnings: {}, webStorageEnabled: false}&#10;Session ID: 936ece39-85bd-43e1-b986-bce181f8258c&#10;*** Element info: {Using=id, value=android:id/message}&#10;For documentation on this error, please visit: https://www.seleniumhq.org/exceptions/no_such_element.html&#10;Build info: version: '3.141.59', revision: 'e82be7d358', time: '2018-11-14T08:17:03'&#10;System info: host: 'AU3PH5CG141BG50', ip: '192.168.1.6', os.name: 'Windows 10', os.arch: 'amd64', os.version: '10.0', java.version: '11.0.14'&#10;Driver info: driver.version: AndroidDriver" type="org.openqa.selenium.NoSuchElementException">An element could not be located on the page using the given search parameters.
For documentation on this error, please visit: https://www.seleniumhq.org/exceptions/no_such_element.html
Build info: version: '3.141.59', revision: 'e82be7d358', time: '2018-11-14T08:17:03'
System info: host: 'AU3PH5CG141BG50', ip: '192.168.1.6', os.name: 'Windows 10', os.arch: 'amd64', os.version: '10.0', java.version: '11.0.14'
Driver info: io.appium.java_client.android.AndroidDriver
Capabilities {app: D:\Auto\Cmax_CompraPaquetes..., appActivity: .activities.CallLogActivity, appPackage: com.google.android.dialer, appWaitDuration: 15000, appiumVersion: 1.22.3, autoDismissAlerts: true, autoGrantPermissions: true, automationName: UiAutomator2, captureScreenshots: true, chromedriverExecutable: src/test/resources/webdrive..., databaseEnabled: false, desired: {app: D:\Auto\Cmax_CompraPaquetes..., appActivity: .activities.CallLogActivity, appPackage: com.google.android.dialer, appWaitDuration: 15000, appiumVersion: 1.22.3, autoDismissAlerts: true, autoGrantPermissions: true, automationName: UiAutomator2, captureScreenshots: true, chromedriverExecutable: src/test/resources/webdrive..., deviceOrientation: portrait, fullReset: false, hub: http://127.0.0.1:4723/wd/hub, loggingPrefs: {}, nativeWebScreenshot: true, newCommandTimeout: 8000, noReset: true, orientation: PORTRAIT, platformName: android, reset: false, resetKeyboard: true, sessionName: Cmax_CompraPaquetes, unicodeKeyboard: true}, deviceApiLevel: 34, deviceManufacturer: motorola, deviceModel: moto g24, deviceName: ZT322M2KRX, deviceOrientation: portrait, deviceScreenDensity: 280, deviceScreenSize: 720x1612, deviceUDID: ZT322M2KRX, fullReset: false, hub: http://127.0.0.1:4723/wd/hub, javascriptEnabled: true, locationContextEnabled: false, loggingPrefs: org.openqa.selenium.logging..., nativeWebScreenshot: true, networkConnectionEnabled: true, newCommandTimeout: 8000, noReset: true, orientation: PORTRAIT, pixelRatio: 1.75, platform: LINUX, platformName: Android, platformVersion: 14, reset: false, resetKeyboard: true, sessionName: Cmax_CompraPaquetes, statBarHeight: 77, takesScreenshot: true, unicodeKeyboard: true, viewportRect: {height: 1374, left: 0, top: 77, width: 720}, warnings: {}, webStorageEnabled: false}
Session ID: 936ece39-85bd-43e1-b986-bce181f8258c
*** Element info: {Using=id, value=android:id/message}
For documentation on this error, please visit: https://www.seleniumhq.org/exceptions/no_such_element.html
Build info: version: '3.141.59', revision: 'e82be7d358', time: '2018-11-14T08:17:03'
System info: host: 'AU3PH5CG141BG50', ip: '192.168.1.6', os.name: 'Windows 10', os.arch: 'amd64', os.version: '10.0', java.version: '11.0.14'
Driver info: driver.version: AndroidDriver</error><system-err>An element could not be located on the page using the given search parameters.
For documentation on this error, please visit: https://www.seleniumhq.org/exceptions/no_such_element.html
Build info: version: '3.141.59', revision: 'e82be7d358', time: '2018-11-14T08:17:03'
System info: host: 'AU3PH5CG141BG50', ip: '192.168.1.6', os.name: 'Windows 10', os.arch: 'amd64', os.version: '10.0', java.version: '11.0.14'
Driver info: io.appium.java_client.android.AndroidDriver
Capabilities {app: D:\Auto\Cmax_CompraPaquetes..., appActivity: .activities.CallLogActivity, appPackage: com.google.android.dialer, appWaitDuration: 15000, appiumVersion: 1.22.3, autoDismissAlerts: true, autoGrantPermissions: true, automationName: UiAutomator2, captureScreenshots: true, chromedriverExecutable: src/test/resources/webdrive..., databaseEnabled: false, desired: {app: D:\Auto\Cmax_CompraPaquetes..., appActivity: .activities.CallLogActivity, appPackage: com.google.android.dialer, appWaitDuration: 15000, appiumVersion: 1.22.3, autoDismissAlerts: true, autoGrantPermissions: true, automationName: UiAutomator2, captureScreenshots: true, chromedriverExecutable: src/test/resources/webdrive..., deviceOrientation: portrait, fullReset: false, hub: http://127.0.0.1:4723/wd/hub, loggingPrefs: {}, nativeWebScreenshot: true, newCommandTimeout: 8000, noReset: true, orientation: PORTRAIT, platformName: android, reset: false, resetKeyboard: true, sessionName: Cmax_CompraPaquetes, unicodeKeyboard: true}, deviceApiLevel: 34, deviceManufacturer: motorola, deviceModel: moto g24, deviceName: ZT322M2KRX, deviceOrientation: portrait, deviceScreenDensity: 280, deviceScreenSize: 720x1612, deviceUDID: ZT322M2KRX, fullReset: false, hub: http://127.0.0.1:4723/wd/hub, javascriptEnabled: true, locationContextEnabled: false, loggingPrefs: org.openqa.selenium.logging..., nativeWebScreenshot: true, networkConnectionEnabled: true, newCommandTimeout: 8000, noReset: true, orientation: PORTRAIT, pixelRatio: 1.75, platform: LINUX, platformName: Android, platformVersion: 14, reset: false, resetKeyboard: true, sessionName: Cmax_CompraPaquetes, statBarHeight: 77, takesScreenshot: true, unicodeKeyboard: true, viewportRect: {height: 1374, left: 0, top: 77, width: 720}, warnings: {}, webStorageEnabled: false}
Session ID: 936ece39-85bd-43e1-b986-bce181f8258c
*** Element info: {Using=id, value=android:id/message}
For documentation on this error, please visit: https://www.seleniumhq.org/exceptions/no_such_element.html
Build info: version: '3.141.59', revision: 'e82be7d358', time: '2018-11-14T08:17:03'
System info: host: 'AU3PH5CG141BG50', ip: '192.168.1.6', os.name: 'Windows 10', os.arch: 'amd64', os.version: '10.0', java.version: '11.0.14'
Driver info: driver.version: AndroidDriver&#13;
io.appium.java_client.remote.AppiumCommandExecutor.execute(AppiumCommandExecutor.java:247)&#13;
io.appium.java_client.DefaultGenericMobileDriver.execute(DefaultGenericMobileDriver.java:41)&#13;
io.appium.java_client.AppiumDriver.execute(AppiumDriver.java:1)&#13;
io.appium.java_client.android.AndroidDriver.execute(AndroidDriver.java:1)&#13;
io.appium.java_client.DefaultGenericMobileDriver.findElement(DefaultGenericMobileDriver.java:61)&#13;
io.appium.java_client.AppiumDriver.findElement(AppiumDriver.java:1)&#13;
io.appium.java_client.android.AndroidDriver.findElement(AndroidDriver.java:1)&#13;
io.appium.java_client.DefaultGenericMobileDriver.findElementById(DefaultGenericMobileDriver.java:69)&#13;
io.appium.java_client.AppiumDriver.findElementById(AppiumDriver.java:1)&#13;
io.appium.java_client.android.AndroidDriver.findElementById(AndroidDriver.java:1)&#13;
io.appium.java_client.DefaultGenericMobileDriver.findElement(DefaultGenericMobileDriver.java:57)&#13;
io.appium.java_client.AppiumDriver.findElement(AppiumDriver.java:1)&#13;
io.appium.java_client.android.AndroidDriver.findElement(AndroidDriver.java:1)&#13;
tasks.USSD.SeleccionarOpcionPago.performAs(SeleccionarOpcionPago.java:38)&#13;
stepDefinitions.CompraPaquetesUSDDefinitions.seConfirmaElPagoDeLaCompra(CompraPaquetesUSDDefinitions.java:95)&#13;
✽.Se confirma el pago de la compra(src/test/resources/features/compraPaqueteUSSD.feature:9)&#13;
</system-err></testcase></testsuite>